<?xml version="1.0" encoding="UTF-8"?>
<robot generator="Robot 3.1.2 (Python 3.8.2 on darwin)" generated="20200421 19:56:05.786" rpa="true">
<suite id="s1" name="Travel" source="/Users/petri/Dropbox/github/rpa_travel_distance_checker/travel.robot">
<test id="s1-t1" name="Run automated tasks">
<kw name="Check Travel Distances" library="tasks">
<kw name="Set Variable" library="BuiltIn">
<doc>Returns the given values which can then be assigned to a variables.</doc>
<arguments>
<arg>${WORK_FOLDER_PATH}${EXCEL_PATH}</arg>
</arguments>
<assign>
<var>${file_path}</var>
</assign>
<msg timestamp="20200421 19:56:06.829" level="INFO">${file_path} = /Users/petri/Dropbox/TravelDistances/Travel_Distances.xlsx</msg>
<status status="PASS" starttime="20200421 19:56:06.829" endtime="20200421 19:56:06.829"></status>
</kw>
<kw name="Set Variable" library="BuiltIn">
<doc>Returns the given values which can then be assigned to a variables.</doc>
<arguments>
<arg>${WORK_FOLDER_PATH}${OUTPUT_PATH}</arg>
</arguments>
<assign>
<var>${output_path}</var>
</assign>
<msg timestamp="20200421 19:56:06.829" level="INFO">${output_path} = /Users/petri/Dropbox/TravelDistances/Travel_Distances_Output.xlsx</msg>
<status status="PASS" starttime="20200421 19:56:06.829" endtime="20200421 19:56:06.829"></status>
</kw>
<kw name="Open Excel Document" library="ExcelLibrary">
<doc>Opens xlsx document file.</doc>
<arguments>
<arg>filename=${file_path}</arg>
<arg>doc_id=doc1</arg>
</arguments>
<status status="PASS" starttime="20200421 19:56:06.829" endtime="20200421 19:56:06.950"></status>
</kw>
<kw name="Read Excel Cell" library="ExcelLibrary">
<doc>Returns content of a cell.</doc>
<arguments>
<arg>row_num=2</arg>
<arg>col_num=2</arg>
</arguments>
<assign>
<var>${rows}</var>
</assign>
<msg timestamp="20200421 19:56:06.950" level="INFO">${rows} = 10</msg>
<status status="PASS" starttime="20200421 19:56:06.950" endtime="20200421 19:56:06.950"></status>
</kw>
<kw name="Log To Console" library="BuiltIn">
<doc>Logs the given message to the console.</doc>
<arguments>
<arg>\n</arg>
</arguments>
<status status="PASS" starttime="20200421 19:56:06.950" endtime="20200421 19:56:06.950"></status>
</kw>
<kw name="Log To Console" library="BuiltIn">
<doc>Logs the given message to the console.</doc>
<arguments>
<arg>Number of Distances: ${rows}</arg>
</arguments>
<status status="PASS" starttime="20200421 19:56:06.950" endtime="20200421 19:56:06.950"></status>
</kw>
<kw name="Create List" library="BuiltIn">
<doc>Returns a list containing given items.</doc>
<assign>
<var>@{TravelListStart}</var>
</assign>
<msg timestamp="20200421 19:56:06.951" level="INFO">@{TravelListStart} = [ ]</msg>
<status status="PASS" starttime="20200421 19:56:06.951" endtime="20200421 19:56:06.951"></status>
</kw>
<kw name="${i} IN RANGE [ ${rows} ]" type="for">
<kw name="${i} = 0" type="foritem">
<kw name="Evaluate" library="BuiltIn">
<doc>Evaluates the given expression in Python and returns the results.</doc>
<arguments>
<arg>${i} + ${START_ROW}</arg>
</arguments>
<assign>
<var>${row_id}</var>
</assign>
<msg timestamp="20200421 19:56:06.951" level="INFO">${row_id} = 7</msg>
<status status="PASS" starttime="20200421 19:56:06.951" endtime="20200421 19:56:06.951"></status>
</kw>
<kw name="Read Excel Cell" library="ExcelLibrary">
<doc>Returns content of a cell.</doc>
<arguments>
<arg>row_num=${row_id}</arg>
<arg>col_num=1</arg>
</arguments>
<assign>
<var>${start_street}</var>
</assign>
<msg timestamp="20200421 19:56:06.951" level="INFO">${start_street} = Kauppatie</msg>
<status status="PASS" starttime="20200421 19:56:06.951" endtime="20200421 19:56:06.951"></status>
</kw>
<kw name="Read Excel Cell" library="ExcelLibrary">
<doc>Returns content of a cell.</doc>
<arguments>
<arg>row_num=${row_id}</arg>
<arg>col_num=2</arg>
</arguments>
<assign>
<var>${start_number}</var>
</assign>
<msg timestamp="20200421 19:56:06.952" level="INFO">${start_number} = 1</msg>
<status status="PASS" starttime="20200421 19:56:06.951" endtime="20200421 19:56:06.952"></status>
</kw>
<kw name="Read Excel Cell" library="ExcelLibrary">
<doc>Returns content of a cell.</doc>
<arguments>
<arg>row_num=${row_id}</arg>
<arg>col_num=3</arg>
</arguments>
<assign>
<var>${start_city}</var>
</assign>
<msg timestamp="20200421 19:56:06.952" level="INFO">${start_city} = JOENSUU</msg>
<status status="PASS" starttime="20200421 19:56:06.952" endtime="20200421 19:56:06.952"></status>
</kw>
<kw name="Read Excel Cell" library="ExcelLibrary">
<doc>Returns content of a cell.</doc>
<arguments>
<arg>row_num=${row_id}</arg>
<arg>col_num=4</arg>
</arguments>
<assign>
<var>${start_postalcode}</var>
</assign>
<msg timestamp="20200421 19:56:06.952" level="INFO">${start_postalcode} = 81200</msg>
<status status="PASS" starttime="20200421 19:56:06.952" endtime="20200421 19:56:06.952"></status>
</kw>
<kw name="Set Variable" library="BuiltIn">
<doc>Returns the given values which can then be assigned to a variables.</doc>
<arguments>
<arg>${start_street}, ${start_number}, ${start_postalcode} ${start_city}</arg>
</arguments>
<assign>
<var>${travel}</var>
</assign>
<msg timestamp="20200421 19:56:06.952" level="INFO">${travel} = Kauppatie, 1, 81200 JOENSUU</msg>
<status status="PASS" starttime="20200421 19:56:06.952" endtime="20200421 19:56:06.952"></status>
</kw>
<kw name="Append To List" library="Collections">
<doc>Adds ``values`` to the end of ``list``.</doc>
<arguments>
<arg>${TravelListStart}</arg>
<arg>${travel}</arg>
</arguments>
<status status="PASS" starttime="20200421 19:56:06.952" endtime="20200421 19:56:06.952"></status>
</kw>
<status status="PASS" starttime="20200421 19:56:06.951" endtime="20200421 19:56:06.953"></status>
</kw>
<kw name="${i} = 1" type="foritem">
<kw name="Evaluate" library="BuiltIn">
<doc>Evaluates the given expression in Python and returns the results.</doc>
<arguments>
<arg>${i} + ${START_ROW}</arg>
</arguments>
<assign>
<var>${row_id}</var>
</assign>
<msg timestamp="20200421 19:56:06.953" level="INFO">${row_id} = 8</msg>
<status status="PASS" starttime="20200421 19:56:06.953" endtime="20200421 19:56:06.953"></status>
</kw>
<kw name="Read Excel Cell" library="ExcelLibrary">
<doc>Returns content of a cell.</doc>
<arguments>
<arg>row_num=${row_id}</arg>
<arg>col_num=1</arg>
</arguments>
<assign>
<var>${start_street}</var>
</assign>
<msg timestamp="20200421 19:56:06.953" level="INFO">${start_street} = Saarijärventie</msg>
<status status="PASS" starttime="20200421 19:56:06.953" endtime="20200421 19:56:06.953"></status>
</kw>
<kw name="Read Excel Cell" library="ExcelLibrary">
<doc>Returns content of a cell.</doc>
<arguments>
<arg>row_num=${row_id}</arg>
<arg>col_num=2</arg>
</arguments>
<assign>
<var>${start_number}</var>
</assign>
<msg timestamp="20200421 19:56:06.953" level="INFO">${start_number} = 50</msg>
<status status="PASS" starttime="20200421 19:56:06.953" endtime="20200421 19:56:06.953"></status>
</kw>
<kw name="Read Excel Cell" library="ExcelLibrary">
<doc>Returns content of a cell.</doc>
<arguments>
<arg>row_num=${row_id}</arg>
<arg>col_num=3</arg>
</arguments>
<assign>
<var>${start_city}</var>
</assign>
<msg timestamp="20200421 19:56:06.954" level="INFO">${start_city} = PALOKKA</msg>
<status status="PASS" starttime="20200421 19:56:06.953" endtime="20200421 19:56:06.954"></status>
</kw>
<kw name="Read Excel Cell" library="ExcelLibrary">
<doc>Returns content of a cell.</doc>
<arguments>
<arg>row_num=${row_id}</arg>
<arg>col_num=4</arg>
</arguments>
<assign>
<var>${start_postalcode}</var>
</assign>
<msg timestamp="20200421 19:56:06.954" level="INFO">${start_postalcode} = 40270</msg>
<status status="PASS" starttime="20200421 19:56:06.954" endtime="20200421 19:56:06.954"></status>
</kw>
<kw name="Set Variable" library="BuiltIn">
<doc>Returns the given values which can then be assigned to a variables.</doc>
<arguments>
<arg>${start_street}, ${start_number}, ${start_postalcode} ${start_city}</arg>
</arguments>
<assign>
<var>${travel}</var>
</assign>
<msg timestamp="20200421 19:56:06.954" level="INFO">${travel} = Saarijärventie, 50, 40270 PALOKKA</msg>
<status status="PASS" starttime="20200421 19:56:06.954" endtime="20200421 19:56:06.954"></status>
</kw>
<kw name="Append To List" library="Collections">
<doc>Adds ``values`` to the end of ``list``.</doc>
<arguments>
<arg>${TravelListStart}</arg>
<arg>${travel}</arg>
</arguments>
<status status="PASS" starttime="20200421 19:56:06.954" endtime="20200421 19:56:06.954"></status>
</kw>
<status status="PASS" starttime="20200421 19:56:06.953" endtime="20200421 19:56:06.954"></status>
</kw>
<kw name="${i} = 2" type="foritem">
<kw name="Evaluate" library="BuiltIn">
<doc>Evaluates the given expression in Python and returns the results.</doc>
<arguments>
<arg>${i} + ${START_ROW}</arg>
</arguments>
<assign>
<var>${row_id}</var>
</assign>
<msg timestamp="20200421 19:56:06.955" level="INFO">${row_id} = 9</msg>
<status status="PASS" starttime="20200421 19:56:06.954" endtime="20200421 19:56:06.955"></status>
</kw>
<kw name="Read Excel Cell" library="ExcelLibrary">
<doc>Returns content of a cell.</doc>
<arguments>
<arg>row_num=${row_id}</arg>
<arg>col_num=1</arg>
</arguments>
<assign>
<var>${start_street}</var>
</assign>
<msg timestamp="20200421 19:56:06.955" level="INFO">${start_street} = Pitkäpellonkatu</msg>
<status status="PASS" starttime="20200421 19:56:06.955" endtime="20200421 19:56:06.955"></status>
</kw>
<kw name="Read Excel Cell" library="ExcelLibrary">
<doc>Returns content of a cell.</doc>
<arguments>
<arg>row_num=${row_id}</arg>
<arg>col_num=2</arg>
</arguments>
<assign>
<var>${start_number}</var>
</assign>
<msg timestamp="20200421 19:56:06.955" level="INFO">${start_number} = 2</msg>
<status status="PASS" starttime="20200421 19:56:06.955" endtime="20200421 19:56:06.955"></status>
</kw>
<kw name="Read Excel Cell" library="ExcelLibrary">
<doc>Returns content of a cell.</doc>
<arguments>
<arg>row_num=${row_id}</arg>
<arg>col_num=3</arg>
</arguments>
<assign>
<var>${start_city}</var>
</assign>
<msg timestamp="20200421 19:56:06.955" level="INFO">${start_city} = TURKU</msg>
<status status="PASS" starttime="20200421 19:56:06.955" endtime="20200421 19:56:06.955"></status>
</kw>
<kw name="Read Excel Cell" library="ExcelLibrary">
<doc>Returns content of a cell.</doc>
<arguments>
<arg>row_num=${row_id}</arg>
<arg>col_num=4</arg>
</arguments>
<assign>
<var>${start_postalcode}</var>
</assign>
<msg timestamp="20200421 19:56:06.956" level="INFO">${start_postalcode} = 20904</msg>
<status status="PASS" starttime="20200421 19:56:06.955" endtime="20200421 19:56:06.956"></status>
</kw>
<kw name="Set Variable" library="BuiltIn">
<doc>Returns the given values which can then be assigned to a variables.</doc>
<arguments>
<arg>${start_street}, ${start_number}, ${start_postalcode} ${start_city}</arg>
</arguments>
<assign>
<var>${travel}</var>
</assign>
<msg timestamp="20200421 19:56:06.956" level="INFO">${travel} = Pitkäpellonkatu, 2, 20904 TURKU</msg>
<status status="PASS" starttime="20200421 19:56:06.956" endtime="20200421 19:56:06.956"></status>
</kw>
<kw name="Append To List" library="Collections">
<doc>Adds ``values`` to the end of ``list``.</doc>
<arguments>
<arg>${TravelListStart}</arg>
<arg>${travel}</arg>
</arguments>
<status status="PASS" starttime="20200421 19:56:06.956" endtime="20200421 19:56:06.956"></status>
</kw>
<status status="PASS" starttime="20200421 19:56:06.954" endtime="20200421 19:56:06.956"></status>
</kw>
<kw name="${i} = 3" type="foritem">
<kw name="Evaluate" library="BuiltIn">
<doc>Evaluates the given expression in Python and returns the results.</doc>
<arguments>
<arg>${i} + ${START_ROW}</arg>
</arguments>
<assign>
<var>${row_id}</var>
</assign>
<msg timestamp="20200421 19:56:06.956" level="INFO">${row_id} = 10</msg>
<status status="PASS" starttime="20200421 19:56:06.956" endtime="20200421 19:56:06.957"></status>
</kw>
<kw name="Read Excel Cell" library="ExcelLibrary">
<doc>Returns content of a cell.</doc>
<arguments>
<arg>row_num=${row_id}</arg>
<arg>col_num=1</arg>
</arguments>
<assign>
<var>${start_street}</var>
</assign>
<msg timestamp="20200421 19:56:06.957" level="INFO">${start_street} = Tyynylaavantie</msg>
<status status="PASS" starttime="20200421 19:56:06.957" endtime="20200421 19:56:06.957"></status>
</kw>
<kw name="Read Excel Cell" library="ExcelLibrary">
<doc>Returns content of a cell.</doc>
<arguments>
<arg>row_num=${row_id}</arg>
<arg>col_num=2</arg>
</arguments>
<assign>
<var>${start_number}</var>
</assign>
<msg timestamp="20200421 19:56:06.957" level="INFO">${start_number} = 5</msg>
<status status="PASS" starttime="20200421 19:56:06.957" endtime="20200421 19:56:06.957"></status>
</kw>
<kw name="Read Excel Cell" library="ExcelLibrary">
<doc>Returns content of a cell.</doc>
<arguments>
<arg>row_num=${row_id}</arg>
<arg>col_num=3</arg>
</arguments>
<assign>
<var>${start_city}</var>
</assign>
<msg timestamp="20200421 19:56:06.957" level="INFO">${start_city} = HELSINKI</msg>
<status status="PASS" starttime="20200421 19:56:06.957" endtime="20200421 19:56:06.957"></status>
</kw>
<kw name="Read Excel Cell" library="ExcelLibrary">
<doc>Returns content of a cell.</doc>
<arguments>
<arg>row_num=${row_id}</arg>
<arg>col_num=4</arg>
</arguments>
<assign>
<var>${start_postalcode}</var>
</assign>
<msg timestamp="20200421 19:56:06.957" level="INFO">${start_postalcode} = 980</msg>
<status status="PASS" starttime="20200421 19:56:06.957" endtime="20200421 19:56:06.957"></status>
</kw>
<kw name="Set Variable" library="BuiltIn">
<doc>Returns the given values which can then be assigned to a variables.</doc>
<arguments>
<arg>${start_street}, ${start_number}, ${start_postalcode} ${start_city}</arg>
</arguments>
<assign>
<var>${travel}</var>
</assign>
<msg timestamp="20200421 19:56:06.958" level="INFO">${travel} = Tyynylaavantie, 5, 980 HELSINKI</msg>
<status status="PASS" starttime="20200421 19:56:06.958" endtime="20200421 19:56:06.958"></status>
</kw>
<kw name="Append To List" library="Collections">
<doc>Adds ``values`` to the end of ``list``.</doc>
<arguments>
<arg>${TravelListStart}</arg>
<arg>${travel}</arg>
</arguments>
<status status="PASS" starttime="20200421 19:56:06.958" endtime="20200421 19:56:06.958"></status>
</kw>
<status status="PASS" starttime="20200421 19:56:06.956" endtime="20200421 19:56:06.958"></status>
</kw>
<kw name="${i} = 4" type="foritem">
<kw name="Evaluate" library="BuiltIn">
<doc>Evaluates the given expression in Python and returns the results.</doc>
<arguments>
<arg>${i} + ${START_ROW}</arg>
</arguments>
<assign>
<var>${row_id}</var>
</assign>
<msg timestamp="20200421 19:56:06.958" level="INFO">${row_id} = 11</msg>
<status status="PASS" starttime="20200421 19:56:06.958" endtime="20200421 19:56:06.958"></status>
</kw>
<kw name="Read Excel Cell" library="ExcelLibrary">
<doc>Returns content of a cell.</doc>
<arguments>
<arg>row_num=${row_id}</arg>
<arg>col_num=1</arg>
</arguments>
<assign>
<var>${start_street}</var>
</assign>
<msg timestamp="20200421 19:56:06.958" level="INFO">${start_street} = Ilmarinkatu</msg>
<status status="PASS" starttime="20200421 19:56:06.958" endtime="20200421 19:56:06.958"></status>
</kw>
<kw name="Read Excel Cell" library="ExcelLibrary">
<doc>Returns content of a cell.</doc>
<arguments>
<arg>row_num=${row_id}</arg>
<arg>col_num=2</arg>
</arguments>
<assign>
<var>${start_number}</var>
</assign>
<msg timestamp="20200421 19:56:06.959" level="INFO">${start_number} = 49</msg>
<status status="PASS" starttime="20200421 19:56:06.959" endtime="20200421 19:56:06.959"></status>
</kw>
<kw name="Read Excel Cell" library="ExcelLibrary">
<doc>Returns content of a cell.</doc>
<arguments>
<arg>row_num=${row_id}</arg>
<arg>col_num=3</arg>
</arguments>
<assign>
<var>${start_city}</var>
</assign>
<msg timestamp="20200421 19:56:06.959" level="INFO">${start_city} = TAMPERE</msg>
<status status="PASS" starttime="20200421 19:56:06.959" endtime="20200421 19:56:06.959"></status>
</kw>
<kw name="Read Excel Cell" library="ExcelLibrary">
<doc>Returns content of a cell.</doc>
<arguments>
<arg>row_num=${row_id}</arg>
<arg>col_num=4</arg>
</arguments>
<assign>
<var>${start_postalcode}</var>
</assign>
<msg timestamp="20200421 19:56:06.959" level="INFO">${start_postalcode} = 33504</msg>
<status status="PASS" starttime="20200421 19:56:06.959" endtime="20200421 19:56:06.959"></status>
</kw>
<kw name="Set Variable" library="BuiltIn">
<doc>Returns the given values which can then be assigned to a variables.</doc>
<arguments>
<arg>${start_street}, ${start_number}, ${start_postalcode} ${start_city}</arg>
</arguments>
<assign>
<var>${travel}</var>
</assign>
<msg timestamp="20200421 19:56:06.960" level="INFO">${travel} = Ilmarinkatu, 49, 33504 TAMPERE</msg>
<status status="PASS" starttime="20200421 19:56:06.959" endtime="20200421 19:56:06.960"></status>
</kw>
<kw name="Append To List" library="Collections">
<doc>Adds ``values`` to the end of ``list``.</doc>
<arguments>
<arg>${TravelListStart}</arg>
<arg>${travel}</arg>
</arguments>
<status status="PASS" starttime="20200421 19:56:06.960" endtime="20200421 19:56:06.960"></status>
</kw>
<status status="PASS" starttime="20200421 19:56:06.958" endtime="20200421 19:56:06.960"></status>
</kw>
<kw name="${i} = 5" type="foritem">
<kw name="Evaluate" library="BuiltIn">
<doc>Evaluates the given expression in Python and returns the results.</doc>
<arguments>
<arg>${i} + ${START_ROW}</arg>
</arguments>
<assign>
<var>${row_id}</var>
</assign>
<msg timestamp="20200421 19:56:06.960" level="INFO">${row_id} = 12</msg>
<status status="PASS" starttime="20200421 19:56:06.960" endtime="20200421 19:56:06.960"></status>
</kw>
<kw name="Read Excel Cell" library="ExcelLibrary">
<doc>Returns content of a cell.</doc>
<arguments>
<arg>row_num=${row_id}</arg>
<arg>col_num=1</arg>
</arguments>
<assign>
<var>${start_street}</var>
</assign>
<msg timestamp="20200421 19:56:06.960" level="INFO">${start_street} = Vasarakatu</msg>
<status status="PASS" starttime="20200421 19:56:06.960" endtime="20200421 19:56:06.960"></status>
</kw>
<kw name="Read Excel Cell" library="ExcelLibrary">
<doc>Returns content of a cell.</doc>
<arguments>
<arg>row_num=${row_id}</arg>
<arg>col_num=2</arg>
</arguments>
<assign>
<var>${start_number}</var>
</assign>
<msg timestamp="20200421 19:56:06.961" level="INFO">${start_number} = 29</msg>
<status status="PASS" starttime="20200421 19:56:06.960" endtime="20200421 19:56:06.961"></status>
</kw>
<kw name="Read Excel Cell" library="ExcelLibrary">
<doc>Returns content of a cell.</doc>
<arguments>
<arg>row_num=${row_id}</arg>
<arg>col_num=3</arg>
</arguments>
<assign>
<var>${start_city}</var>
</assign>
<msg timestamp="20200421 19:56:06.961" level="INFO">${start_city} = JYVÄSKYLÄ</msg>
<status status="PASS" starttime="20200421 19:56:06.961" endtime="20200421 19:56:06.961"></status>
</kw>
<kw name="Read Excel Cell" library="ExcelLibrary">
<doc>Returns content of a cell.</doc>
<arguments>
<arg>row_num=${row_id}</arg>
<arg>col_num=4</arg>
</arguments>
<assign>
<var>${start_postalcode}</var>
</assign>
<msg timestamp="20200421 19:56:06.961" level="INFO">${start_postalcode} = 40325</msg>
<status status="PASS" starttime="20200421 19:56:06.961" endtime="20200421 19:56:06.961"></status>
</kw>
<kw name="Set Variable" library="BuiltIn">
<doc>Returns the given values which can then be assigned to a variables.</doc>
<arguments>
<arg>${start_street}, ${start_number}, ${start_postalcode} ${start_city}</arg>
</arguments>
<assign>
<var>${travel}</var>
</assign>
<msg timestamp="20200421 19:56:06.961" level="INFO">${travel} = Vasarakatu, 29, 40325 JYVÄSKYLÄ</msg>
<status status="PASS" starttime="20200421 19:56:06.961" endtime="20200421 19:56:06.961"></status>
</kw>
<kw name="Append To List" library="Collections">
<doc>Adds ``values`` to the end of ``list``.</doc>
<arguments>
<arg>${TravelListStart}</arg>
<arg>${travel}</arg>
</arguments>
<status status="PASS" starttime="20200421 19:56:06.961" endtime="20200421 19:56:06.961"></status>
</kw>
<status status="PASS" starttime="20200421 19:56:06.960" endtime="20200421 19:56:06.962"></status>
</kw>
<kw name="${i} = 6" type="foritem">
<kw name="Evaluate" library="BuiltIn">
<doc>Evaluates the given expression in Python and returns the results.</doc>
<arguments>
<arg>${i} + ${START_ROW}</arg>
</arguments>
<assign>
<var>${row_id}</var>
</assign>
<msg timestamp="20200421 19:56:06.962" level="INFO">${row_id} = 13</msg>
<status status="PASS" starttime="20200421 19:56:06.962" endtime="20200421 19:56:06.962"></status>
</kw>
<kw name="Read Excel Cell" library="ExcelLibrary">
<doc>Returns content of a cell.</doc>
<arguments>
<arg>row_num=${row_id}</arg>
<arg>col_num=1</arg>
</arguments>
<assign>
<var>${start_street}</var>
</assign>
<msg timestamp="20200421 19:56:06.962" level="INFO">${start_street} = Laajankankaankatu</msg>
<status status="PASS" starttime="20200421 19:56:06.962" endtime="20200421 19:56:06.962"></status>
</kw>
<kw name="Read Excel Cell" library="ExcelLibrary">
<doc>Returns content of a cell.</doc>
<arguments>
<arg>row_num=${row_id}</arg>
<arg>col_num=2</arg>
</arguments>
<assign>
<var>${start_number}</var>
</assign>
<msg timestamp="20200421 19:56:06.962" level="INFO">${start_number} = 2</msg>
<status status="PASS" starttime="20200421 19:56:06.962" endtime="20200421 19:56:06.962"></status>
</kw>
<kw name="Read Excel Cell" library="ExcelLibrary">
<doc>Returns content of a cell.</doc>
<arguments>
<arg>row_num=${row_id}</arg>
<arg>col_num=3</arg>
</arguments>
<assign>
<var>${start_city}</var>
</assign>
<msg timestamp="20200421 19:56:06.963" level="INFO">${start_city} = KAJAANI</msg>
<status status="PASS" starttime="20200421 19:56:06.962" endtime="20200421 19:56:06.963"></status>
</kw>
<kw name="Read Excel Cell" library="ExcelLibrary">
<doc>Returns content of a cell.</doc>
<arguments>
<arg>row_num=${row_id}</arg>
<arg>col_num=4</arg>
</arguments>
<assign>
<var>${start_postalcode}</var>
</assign>
<msg timestamp="20200421 19:56:06.963" level="INFO">${start_postalcode} = 87504</msg>
<status status="PASS" starttime="20200421 19:56:06.963" endtime="20200421 19:56:06.963"></status>
</kw>
<kw name="Set Variable" library="BuiltIn">
<doc>Returns the given values which can then be assigned to a variables.</doc>
<arguments>
<arg>${start_street}, ${start_number}, ${start_postalcode} ${start_city}</arg>
</arguments>
<assign>
<var>${travel}</var>
</assign>
<msg timestamp="20200421 19:56:06.963" level="INFO">${travel} = Laajankankaankatu, 2, 87504 KAJAANI</msg>
<status status="PASS" starttime="20200421 19:56:06.963" endtime="20200421 19:56:06.963"></status>
</kw>
<kw name="Append To List" library="Collections">
<doc>Adds ``values`` to the end of ``list``.</doc>
<arguments>
<arg>${TravelListStart}</arg>
<arg>${travel}</arg>
</arguments>
<status status="PASS" starttime="20200421 19:56:06.963" endtime="20200421 19:56:06.963"></status>
</kw>
<status status="PASS" starttime="20200421 19:56:06.962" endtime="20200421 19:56:06.963"></status>
</kw>
<kw name="${i} = 7" type="foritem">
<kw name="Evaluate" library="BuiltIn">
<doc>Evaluates the given expression in Python and returns the results.</doc>
<arguments>
<arg>${i} + ${START_ROW}</arg>
</arguments>
<assign>
<var>${row_id}</var>
</assign>
<msg timestamp="20200421 19:56:06.964" level="INFO">${row_id} = 14</msg>
<status status="PASS" starttime="20200421 19:56:06.964" endtime="20200421 19:56:06.964"></status>
</kw>
<kw name="Read Excel Cell" library="ExcelLibrary">
<doc>Returns content of a cell.</doc>
<arguments>
<arg>row_num=${row_id}</arg>
<arg>col_num=1</arg>
</arguments>
<assign>
<var>${start_street}</var>
</assign>
<msg timestamp="20200421 19:56:06.964" level="INFO">${start_street} = Magneettikatu</msg>
<status status="PASS" starttime="20200421 19:56:06.964" endtime="20200421 19:56:06.964"></status>
</kw>
<kw name="Read Excel Cell" library="ExcelLibrary">
<doc>Returns content of a cell.</doc>
<arguments>
<arg>row_num=${row_id}</arg>
<arg>col_num=2</arg>
</arguments>
<assign>
<var>${start_number}</var>
</assign>
<msg timestamp="20200421 19:56:06.964" level="INFO">${start_number} = 2</msg>
<status status="PASS" starttime="20200421 19:56:06.964" endtime="20200421 19:56:06.964"></status>
</kw>
<kw name="Read Excel Cell" library="ExcelLibrary">
<doc>Returns content of a cell.</doc>
<arguments>
<arg>row_num=${row_id}</arg>
<arg>col_num=3</arg>
</arguments>
<assign>
<var>${start_city}</var>
</assign>
<msg timestamp="20200421 19:56:06.964" level="INFO">${start_city} = ESPOO</msg>
<status status="PASS" starttime="20200421 19:56:06.964" endtime="20200421 19:56:06.964"></status>
</kw>
<kw name="Read Excel Cell" library="ExcelLibrary">
<doc>Returns content of a cell.</doc>
<arguments>
<arg>row_num=${row_id}</arg>
<arg>col_num=4</arg>
</arguments>
<assign>
<var>${start_postalcode}</var>
</assign>
<msg timestamp="20200421 19:56:06.965" level="INFO">${start_postalcode} = 2335</msg>
<status status="PASS" starttime="20200421 19:56:06.965" endtime="20200421 19:56:06.965"></status>
</kw>
<kw name="Set Variable" library="BuiltIn">
<doc>Returns the given values which can then be assigned to a variables.</doc>
<arguments>
<arg>${start_street}, ${start_number}, ${start_postalcode} ${start_city}</arg>
</arguments>
<assign>
<var>${travel}</var>
</assign>
<msg timestamp="20200421 19:56:06.965" level="INFO">${travel} = Magneettikatu, 2, 2335 ESPOO</msg>
<status status="PASS" starttime="20200421 19:56:06.965" endtime="20200421 19:56:06.965"></status>
</kw>
<kw name="Append To List" library="Collections">
<doc>Adds ``values`` to the end of ``list``.</doc>
<arguments>
<arg>${TravelListStart}</arg>
<arg>${travel}</arg>
</arguments>
<status status="PASS" starttime="20200421 19:56:06.965" endtime="20200421 19:56:06.965"></status>
</kw>
<status status="PASS" starttime="20200421 19:56:06.963" endtime="20200421 19:56:06.965"></status>
</kw>
<kw name="${i} = 8" type="foritem">
<kw name="Evaluate" library="BuiltIn">
<doc>Evaluates the given expression in Python and returns the results.</doc>
<arguments>
<arg>${i} + ${START_ROW}</arg>
</arguments>
<assign>
<var>${row_id}</var>
</assign>
<msg timestamp="20200421 19:56:06.965" level="INFO">${row_id} = 15</msg>
<status status="PASS" starttime="20200421 19:56:06.965" endtime="20200421 19:56:06.966"></status>
</kw>
<kw name="Read Excel Cell" library="ExcelLibrary">
<doc>Returns content of a cell.</doc>
<arguments>
<arg>row_num=${row_id}</arg>
<arg>col_num=1</arg>
</arguments>
<assign>
<var>${start_street}</var>
</assign>
<msg timestamp="20200421 19:56:06.966" level="INFO">${start_street} = Yhteiskouluntie</msg>
<status status="PASS" starttime="20200421 19:56:06.966" endtime="20200421 19:56:06.966"></status>
</kw>
<kw name="Read Excel Cell" library="ExcelLibrary">
<doc>Returns content of a cell.</doc>
<arguments>
<arg>row_num=${row_id}</arg>
<arg>col_num=2</arg>
</arguments>
<assign>
<var>${start_number}</var>
</assign>
<msg timestamp="20200421 19:56:06.966" level="INFO">${start_number} = 17</msg>
<status status="PASS" starttime="20200421 19:56:06.966" endtime="20200421 19:56:06.966"></status>
</kw>
<kw name="Read Excel Cell" library="ExcelLibrary">
<doc>Returns content of a cell.</doc>
<arguments>
<arg>row_num=${row_id}</arg>
<arg>col_num=3</arg>
</arguments>
<assign>
<var>${start_city}</var>
</assign>
<msg timestamp="20200421 19:56:06.966" level="INFO">${start_city} = JÄRVENPÄÄ</msg>
<status status="PASS" starttime="20200421 19:56:06.966" endtime="20200421 19:56:06.966"></status>
</kw>
<kw name="Read Excel Cell" library="ExcelLibrary">
<doc>Returns content of a cell.</doc>
<arguments>
<arg>row_num=${row_id}</arg>
<arg>col_num=4</arg>
</arguments>
<assign>
<var>${start_postalcode}</var>
</assign>
<msg timestamp="20200421 19:56:06.966" level="INFO">${start_postalcode} = 4404</msg>
<status status="PASS" starttime="20200421 19:56:06.966" endtime="20200421 19:56:06.966"></status>
</kw>
<kw name="Set Variable" library="BuiltIn">
<doc>Returns the given values which can then be assigned to a variables.</doc>
<arguments>
<arg>${start_street}, ${start_number}, ${start_postalcode} ${start_city}</arg>
</arguments>
<assign>
<var>${travel}</var>
</assign>
<msg timestamp="20200421 19:56:06.967" level="INFO">${travel} = Yhteiskouluntie, 17, 4404 JÄRVENPÄÄ</msg>
<status status="PASS" starttime="20200421 19:56:06.967" endtime="20200421 19:56:06.967"></status>
</kw>
<kw name="Append To List" library="Collections">
<doc>Adds ``values`` to the end of ``list``.</doc>
<arguments>
<arg>${TravelListStart}</arg>
<arg>${travel}</arg>
</arguments>
<status status="PASS" starttime="20200421 19:56:06.967" endtime="20200421 19:56:06.967"></status>
</kw>
<status status="PASS" starttime="20200421 19:56:06.965" endtime="20200421 19:56:06.967"></status>
</kw>
<kw name="${i} = 9" type="foritem">
<kw name="Evaluate" library="BuiltIn">
<doc>Evaluates the given expression in Python and returns the results.</doc>
<arguments>
<arg>${i} + ${START_ROW}</arg>
</arguments>
<assign>
<var>${row_id}</var>
</assign>
<msg timestamp="20200421 19:56:06.967" level="INFO">${row_id} = 16</msg>
<status status="PASS" starttime="20200421 19:56:06.967" endtime="20200421 19:56:06.967"></status>
</kw>
<kw name="Read Excel Cell" library="ExcelLibrary">
<doc>Returns content of a cell.</doc>
<arguments>
<arg>row_num=${row_id}</arg>
<arg>col_num=1</arg>
</arguments>
<assign>
<var>${start_street}</var>
</assign>
<msg timestamp="20200421 19:56:06.968" level="INFO">${start_street} = Ahlströminkatu</msg>
<status status="PASS" starttime="20200421 19:56:06.967" endtime="20200421 19:56:06.968"></status>
</kw>
<kw name="Read Excel Cell" library="ExcelLibrary">
<doc>Returns content of a cell.</doc>
<arguments>
<arg>row_num=${row_id}</arg>
<arg>col_num=2</arg>
</arguments>
<assign>
<var>${start_number}</var>
</assign>
<msg timestamp="20200421 19:56:06.968" level="INFO">${start_number} = 21</msg>
<status status="PASS" starttime="20200421 19:56:06.968" endtime="20200421 19:56:06.968"></status>
</kw>
<kw name="Read Excel Cell" library="ExcelLibrary">
<doc>Returns content of a cell.</doc>
<arguments>
<arg>row_num=${row_id}</arg>
<arg>col_num=3</arg>
</arguments>
<assign>
<var>${start_city}</var>
</assign>
<msg timestamp="20200421 19:56:06.968" level="INFO">${start_city} = VARKAUS</msg>
<status status="PASS" starttime="20200421 19:56:06.968" endtime="20200421 19:56:06.968"></status>
</kw>
<kw name="Read Excel Cell" library="ExcelLibrary">
<doc>Returns content of a cell.</doc>
<arguments>
<arg>row_num=${row_id}</arg>
<arg>col_num=4</arg>
</arguments>
<assign>
<var>${start_postalcode}</var>
</assign>
<msg timestamp="20200421 19:56:06.968" level="INFO">${start_postalcode} = 78254</msg>
<status status="PASS" starttime="20200421 19:56:06.968" endtime="20200421 19:56:06.968"></status>
</kw>
<kw name="Set Variable" library="BuiltIn">
<doc>Returns the given values which can then be assigned to a variables.</doc>
<arguments>
<arg>${start_street}, ${start_number}, ${start_postalcode} ${start_city}</arg>
</arguments>
<assign>
<var>${travel}</var>
</assign>
<msg timestamp="20200421 19:56:06.969" level="INFO">${travel} = Ahlströminkatu, 21, 78254 VARKAUS</msg>
<status status="PASS" starttime="20200421 19:56:06.968" endtime="20200421 19:56:06.969"></status>
</kw>
<kw name="Append To List" library="Collections">
<doc>Adds ``values`` to the end of ``list``.</doc>
<arguments>
<arg>${TravelListStart}</arg>
<arg>${travel}</arg>
</arguments>
<status status="PASS" starttime="20200421 19:56:06.969" endtime="20200421 19:56:06.969"></status>
</kw>
<status status="PASS" starttime="20200421 19:56:06.967" endtime="20200421 19:56:06.969"></status>
</kw>
<status status="PASS" starttime="20200421 19:56:06.951" endtime="20200421 19:56:06.969"></status>
</kw>
<kw name="Create List" library="BuiltIn">
<doc>Returns a list containing given items.</doc>
<assign>
<var>@{TravelListEnd}</var>
</assign>
<msg timestamp="20200421 19:56:06.969" level="INFO">@{TravelListEnd} = [ ]</msg>
<status status="PASS" starttime="20200421 19:56:06.969" endtime="20200421 19:56:06.969"></status>
</kw>
<kw name="${i} IN RANGE [ ${rows} ]" type="for">
<kw name="${i} = 0" type="foritem">
<kw name="Evaluate" library="BuiltIn">
<doc>Evaluates the given expression in Python and returns the results.</doc>
<arguments>
<arg>${i} + ${START_ROW}</arg>
</arguments>
<assign>
<var>${row_id}</var>
</assign>
<msg timestamp="20200421 19:56:06.969" level="INFO">${row_id} = 7</msg>
<status status="PASS" starttime="20200421 19:56:06.969" endtime="20200421 19:56:06.969"></status>
</kw>
<kw name="Read Excel Cell" library="ExcelLibrary">
<doc>Returns content of a cell.</doc>
<arguments>
<arg>row_num=${row_id}</arg>
<arg>col_num=5</arg>
</arguments>
<assign>
<var>${end_street}</var>
</assign>
<msg timestamp="20200421 19:56:06.970" level="INFO">${end_street} = Vapaudenkatu</msg>
<status status="PASS" starttime="20200421 19:56:06.969" endtime="20200421 19:56:06.970"></status>
</kw>
<kw name="Read Excel Cell" library="ExcelLibrary">
<doc>Returns content of a cell.</doc>
<arguments>
<arg>row_num=${row_id}</arg>
<arg>col_num=6</arg>
</arguments>
<assign>
<var>${end_number}</var>
</assign>
<msg timestamp="20200421 19:56:06.970" level="INFO">${end_number} = 10</msg>
<status status="PASS" starttime="20200421 19:56:06.970" endtime="20200421 19:56:06.970"></status>
</kw>
<kw name="Read Excel Cell" library="ExcelLibrary">
<doc>Returns content of a cell.</doc>
<arguments>
<arg>row_num=${row_id}</arg>
<arg>col_num=7</arg>
</arguments>
<assign>
<var>${end_city}</var>
</assign>
<msg timestamp="20200421 19:56:06.970" level="INFO">${end_city} = LAHTI</msg>
<status status="PASS" starttime="20200421 19:56:06.970" endtime="20200421 19:56:06.970"></status>
</kw>
<kw name="Read Excel Cell" library="ExcelLibrary">
<doc>Returns content of a cell.</doc>
<arguments>
<arg>row_num=${row_id}</arg>
<arg>col_num=8</arg>
</arguments>
<assign>
<var>${end_postalcode}</var>
</assign>
<msg timestamp="20200421 19:56:06.970" level="INFO">${end_postalcode} = 15114</msg>
<status status="PASS" starttime="20200421 19:56:06.970" endtime="20200421 19:56:06.970"></status>
</kw>
<kw name="Set Variable" library="BuiltIn">
<doc>Returns the given values which can then be assigned to a variables.</doc>
<arguments>
<arg>${end_street}, ${end_number}, ${end_postalcode} ${end_city}</arg>
</arguments>
<assign>
<var>${travel}</var>
</assign>
<msg timestamp="20200421 19:56:06.971" level="INFO">${travel} = Vapaudenkatu, 10, 15114 LAHTI</msg>
<status status="PASS" starttime="20200421 19:56:06.970" endtime="20200421 19:56:06.971"></status>
</kw>
<kw name="Append To List" library="Collections">
<doc>Adds ``values`` to the end of ``list``.</doc>
<arguments>
<arg>${TravelListEnd}</arg>
<arg>${travel}</arg>
</arguments>
<status status="PASS" starttime="20200421 19:56:06.971" endtime="20200421 19:56:06.971"></status>
</kw>
<status status="PASS" starttime="20200421 19:56:06.969" endtime="20200421 19:56:06.971"></status>
</kw>
<kw name="${i} = 1" type="foritem">
<kw name="Evaluate" library="BuiltIn">
<doc>Evaluates the given expression in Python and returns the results.</doc>
<arguments>
<arg>${i} + ${START_ROW}</arg>
</arguments>
<assign>
<var>${row_id}</var>
</assign>
<msg timestamp="20200421 19:56:06.971" level="INFO">${row_id} = 8</msg>
<status status="PASS" starttime="20200421 19:56:06.971" endtime="20200421 19:56:06.971"></status>
</kw>
<kw name="Read Excel Cell" library="ExcelLibrary">
<doc>Returns content of a cell.</doc>
<arguments>
<arg>row_num=${row_id}</arg>
<arg>col_num=5</arg>
</arguments>
<assign>
<var>${end_street}</var>
</assign>
<msg timestamp="20200421 19:56:06.972" level="INFO">${end_street} = Sodankyläntie</msg>
<status status="PASS" starttime="20200421 19:56:06.971" endtime="20200421 19:56:06.972"></status>
</kw>
<kw name="Read Excel Cell" library="ExcelLibrary">
<doc>Returns content of a cell.</doc>
<arguments>
<arg>row_num=${row_id}</arg>
<arg>col_num=6</arg>
</arguments>
<assign>
<var>${end_number}</var>
</assign>
<msg timestamp="20200421 19:56:06.972" level="INFO">${end_number} = 9</msg>
<status status="PASS" starttime="20200421 19:56:06.972" endtime="20200421 19:56:06.972"></status>
</kw>
<kw name="Read Excel Cell" library="ExcelLibrary">
<doc>Returns content of a cell.</doc>
<arguments>
<arg>row_num=${row_id}</arg>
<arg>col_num=7</arg>
</arguments>
<assign>
<var>${end_city}</var>
</assign>
<msg timestamp="20200421 19:56:06.972" level="INFO">${end_city} = PELKOSENNIEMI</msg>
<status status="PASS" starttime="20200421 19:56:06.972" endtime="20200421 19:56:06.972"></status>
</kw>
<kw name="Read Excel Cell" library="ExcelLibrary">
<doc>Returns content of a cell.</doc>
<arguments>
<arg>row_num=${row_id}</arg>
<arg>col_num=8</arg>
</arguments>
<assign>
<var>${end_postalcode}</var>
</assign>
<msg timestamp="20200421 19:56:06.972" level="INFO">${end_postalcode} = 98500</msg>
<status status="PASS" starttime="20200421 19:56:06.972" endtime="20200421 19:56:06.972"></status>
</kw>
<kw name="Set Variable" library="BuiltIn">
<doc>Returns the given values which can then be assigned to a variables.</doc>
<arguments>
<arg>${end_street}, ${end_number}, ${end_postalcode} ${end_city}</arg>
</arguments>
<assign>
<var>${travel}</var>
</assign>
<msg timestamp="20200421 19:56:06.973" level="INFO">${travel} = Sodankyläntie, 9, 98500 PELKOSENNIEMI</msg>
<status status="PASS" starttime="20200421 19:56:06.972" endtime="20200421 19:56:06.973"></status>
</kw>
<kw name="Append To List" library="Collections">
<doc>Adds ``values`` to the end of ``list``.</doc>
<arguments>
<arg>${TravelListEnd}</arg>
<arg>${travel}</arg>
</arguments>
<status status="PASS" starttime="20200421 19:56:06.973" endtime="20200421 19:56:06.973"></status>
</kw>
<status status="PASS" starttime="20200421 19:56:06.971" endtime="20200421 19:56:06.973"></status>
</kw>
<kw name="${i} = 2" type="foritem">
<kw name="Evaluate" library="BuiltIn">
<doc>Evaluates the given expression in Python and returns the results.</doc>
<arguments>
<arg>${i} + ${START_ROW}</arg>
</arguments>
<assign>
<var>${row_id}</var>
</assign>
<msg timestamp="20200421 19:56:06.973" level="INFO">${row_id} = 9</msg>
<status status="PASS" starttime="20200421 19:56:06.973" endtime="20200421 19:56:06.973"></status>
</kw>
<kw name="Read Excel Cell" library="ExcelLibrary">
<doc>Returns content of a cell.</doc>
<arguments>
<arg>row_num=${row_id}</arg>
<arg>col_num=5</arg>
</arguments>
<assign>
<var>${end_street}</var>
</assign>
<msg timestamp="20200421 19:56:06.973" level="INFO">${end_street} = Sipulikatu</msg>
<status status="PASS" starttime="20200421 19:56:06.973" endtime="20200421 19:56:06.973"></status>
</kw>
<kw name="Read Excel Cell" library="ExcelLibrary">
<doc>Returns content of a cell.</doc>
<arguments>
<arg>row_num=${row_id}</arg>
<arg>col_num=6</arg>
</arguments>
<assign>
<var>${end_number}</var>
</assign>
<msg timestamp="20200421 19:56:06.974" level="INFO">${end_number} = 2</msg>
<status status="PASS" starttime="20200421 19:56:06.973" endtime="20200421 19:56:06.974"></status>
</kw>
<kw name="Read Excel Cell" library="ExcelLibrary">
<doc>Returns content of a cell.</doc>
<arguments>
<arg>row_num=${row_id}</arg>
<arg>col_num=7</arg>
</arguments>
<assign>
<var>${end_city}</var>
</assign>
<msg timestamp="20200421 19:56:06.974" level="INFO">${end_city} = KUOPIO</msg>
<status status="PASS" starttime="20200421 19:56:06.974" endtime="20200421 19:56:06.974"></status>
</kw>
<kw name="Read Excel Cell" library="ExcelLibrary">
<doc>Returns content of a cell.</doc>
<arguments>
<arg>row_num=${row_id}</arg>
<arg>col_num=8</arg>
</arguments>
<assign>
<var>${end_postalcode}</var>
</assign>
<msg timestamp="20200421 19:56:06.974" level="INFO">${end_postalcode} = 70824</msg>
<status status="PASS" starttime="20200421 19:56:06.974" endtime="20200421 19:56:06.974"></status>
</kw>
<kw name="Set Variable" library="BuiltIn">
<doc>Returns the given values which can then be assigned to a variables.</doc>
<arguments>
<arg>${end_street}, ${end_number}, ${end_postalcode} ${end_city}</arg>
</arguments>
<assign>
<var>${travel}</var>
</assign>
<msg timestamp="20200421 19:56:06.974" level="INFO">${travel} = Sipulikatu, 2, 70824 KUOPIO</msg>
<status status="PASS" starttime="20200421 19:56:06.974" endtime="20200421 19:56:06.974"></status>
</kw>
<kw name="Append To List" library="Collections">
<doc>Adds ``values`` to the end of ``list``.</doc>
<arguments>
<arg>${TravelListEnd}</arg>
<arg>${travel}</arg>
</arguments>
<status status="PASS" starttime="20200421 19:56:06.974" endtime="20200421 19:56:06.974"></status>
</kw>
<status status="PASS" starttime="20200421 19:56:06.973" endtime="20200421 19:56:06.975"></status>
</kw>
<kw name="${i} = 3" type="foritem">
<kw name="Evaluate" library="BuiltIn">
<doc>Evaluates the given expression in Python and returns the results.</doc>
<arguments>
<arg>${i} + ${START_ROW}</arg>
</arguments>
<assign>
<var>${row_id}</var>
</assign>
<msg timestamp="20200421 19:56:06.975" level="INFO">${row_id} = 10</msg>
<status status="PASS" starttime="20200421 19:56:06.975" endtime="20200421 19:56:06.975"></status>
</kw>
<kw name="Read Excel Cell" library="ExcelLibrary">
<doc>Returns content of a cell.</doc>
<arguments>
<arg>row_num=${row_id}</arg>
<arg>col_num=5</arg>
</arguments>
<assign>
<var>${end_street}</var>
</assign>
<msg timestamp="20200421 19:56:06.975" level="INFO">${end_street} = Kaskelantie</msg>
<status status="PASS" starttime="20200421 19:56:06.975" endtime="20200421 19:56:06.975"></status>
</kw>
<kw name="Read Excel Cell" library="ExcelLibrary">
<doc>Returns content of a cell.</doc>
<arguments>
<arg>row_num=${row_id}</arg>
<arg>col_num=6</arg>
</arguments>
<assign>
<var>${end_number}</var>
</assign>
<msg timestamp="20200421 19:56:06.975" level="INFO">${end_number} = 5</msg>
<status status="PASS" starttime="20200421 19:56:06.975" endtime="20200421 19:56:06.975"></status>
</kw>
<kw name="Read Excel Cell" library="ExcelLibrary">
<doc>Returns content of a cell.</doc>
<arguments>
<arg>row_num=${row_id}</arg>
<arg>col_num=7</arg>
</arguments>
<assign>
<var>${end_city}</var>
</assign>
<msg timestamp="20200421 19:56:06.976" level="INFO">${end_city} = VANTAA</msg>
<status status="PASS" starttime="20200421 19:56:06.975" endtime="20200421 19:56:06.976"></status>
</kw>
<kw name="Read Excel Cell" library="ExcelLibrary">
<doc>Returns content of a cell.</doc>
<arguments>
<arg>row_num=${row_id}</arg>
<arg>col_num=8</arg>
</arguments>
<assign>
<var>${end_postalcode}</var>
</assign>
<msg timestamp="20200421 19:56:06.976" level="INFO">${end_postalcode} = 1204</msg>
<status status="PASS" starttime="20200421 19:56:06.976" endtime="20200421 19:56:06.976"></status>
</kw>
<kw name="Set Variable" library="BuiltIn">
<doc>Returns the given values which can then be assigned to a variables.</doc>
<arguments>
<arg>${end_street}, ${end_number}, ${end_postalcode} ${end_city}</arg>
</arguments>
<assign>
<var>${travel}</var>
</assign>
<msg timestamp="20200421 19:56:06.976" level="INFO">${travel} = Kaskelantie, 5, 1204 VANTAA</msg>
<status status="PASS" starttime="20200421 19:56:06.976" endtime="20200421 19:56:06.976"></status>
</kw>
<kw name="Append To List" library="Collections">
<doc>Adds ``values`` to the end of ``list``.</doc>
<arguments>
<arg>${TravelListEnd}</arg>
<arg>${travel}</arg>
</arguments>
<status status="PASS" starttime="20200421 19:56:06.976" endtime="20200421 19:56:06.976"></status>
</kw>
<status status="PASS" starttime="20200421 19:56:06.975" endtime="20200421 19:56:06.976"></status>
</kw>
<kw name="${i} = 4" type="foritem">
<kw name="Evaluate" library="BuiltIn">
<doc>Evaluates the given expression in Python and returns the results.</doc>
<arguments>
<arg>${i} + ${START_ROW}</arg>
</arguments>
<assign>
<var>${row_id}</var>
</assign>
<msg timestamp="20200421 19:56:06.977" level="INFO">${row_id} = 11</msg>
<status status="PASS" starttime="20200421 19:56:06.976" endtime="20200421 19:56:06.977"></status>
</kw>
<kw name="Read Excel Cell" library="ExcelLibrary">
<doc>Returns content of a cell.</doc>
<arguments>
<arg>row_num=${row_id}</arg>
<arg>col_num=5</arg>
</arguments>
<assign>
<var>${end_street}</var>
</assign>
<msg timestamp="20200421 19:56:06.977" level="INFO">${end_street} = Tuulosentie</msg>
<status status="PASS" starttime="20200421 19:56:06.977" endtime="20200421 19:56:06.977"></status>
</kw>
<kw name="Read Excel Cell" library="ExcelLibrary">
<doc>Returns content of a cell.</doc>
<arguments>
<arg>row_num=${row_id}</arg>
<arg>col_num=6</arg>
</arguments>
<assign>
<var>${end_number}</var>
</assign>
<msg timestamp="20200421 19:56:06.977" level="INFO">${end_number} = 1</msg>
<status status="PASS" starttime="20200421 19:56:06.977" endtime="20200421 19:56:06.977"></status>
</kw>
<kw name="Read Excel Cell" library="ExcelLibrary">
<doc>Returns content of a cell.</doc>
<arguments>
<arg>row_num=${row_id}</arg>
<arg>col_num=7</arg>
</arguments>
<assign>
<var>${end_city}</var>
</assign>
<msg timestamp="20200421 19:56:06.977" level="INFO">${end_city} = TUULOS</msg>
<status status="PASS" starttime="20200421 19:56:06.977" endtime="20200421 19:56:06.977"></status>
</kw>
<kw name="Read Excel Cell" library="ExcelLibrary">
<doc>Returns content of a cell.</doc>
<arguments>
<arg>row_num=${row_id}</arg>
<arg>col_num=8</arg>
</arguments>
<assign>
<var>${end_postalcode}</var>
</assign>
<msg timestamp="20200421 19:56:06.978" level="INFO">${end_postalcode} = 14814</msg>
<status status="PASS" starttime="20200421 19:56:06.977" endtime="20200421 19:56:06.978"></status>
</kw>
<kw name="Set Variable" library="BuiltIn">
<doc>Returns the given values which can then be assigned to a variables.</doc>
<arguments>
<arg>${end_street}, ${end_number}, ${end_postalcode} ${end_city}</arg>
</arguments>
<assign>
<var>${travel}</var>
</assign>
<msg timestamp="20200421 19:56:06.978" level="INFO">${travel} = Tuulosentie, 1, 14814 TUULOS</msg>
<status status="PASS" starttime="20200421 19:56:06.978" endtime="20200421 19:56:06.978"></status>
</kw>
<kw name="Append To List" library="Collections">
<doc>Adds ``values`` to the end of ``list``.</doc>
<arguments>
<arg>${TravelListEnd}</arg>
<arg>${travel}</arg>
</arguments>
<status status="PASS" starttime="20200421 19:56:06.978" endtime="20200421 19:56:06.978"></status>
</kw>
<status status="PASS" starttime="20200421 19:56:06.976" endtime="20200421 19:56:06.978"></status>
</kw>
<kw name="${i} = 5" type="foritem">
<kw name="Evaluate" library="BuiltIn">
<doc>Evaluates the given expression in Python and returns the results.</doc>
<arguments>
<arg>${i} + ${START_ROW}</arg>
</arguments>
<assign>
<var>${row_id}</var>
</assign>
<msg timestamp="20200421 19:56:06.978" level="INFO">${row_id} = 12</msg>
<status status="PASS" starttime="20200421 19:56:06.978" endtime="20200421 19:56:06.978"></status>
</kw>
<kw name="Read Excel Cell" library="ExcelLibrary">
<doc>Returns content of a cell.</doc>
<arguments>
<arg>row_num=${row_id}</arg>
<arg>col_num=5</arg>
</arguments>
<assign>
<var>${end_street}</var>
</assign>
<msg timestamp="20200421 19:56:06.979" level="INFO">${end_street} = Veturitie</msg>
<status status="PASS" starttime="20200421 19:56:06.979" endtime="20200421 19:56:06.979"></status>
</kw>
<kw name="Read Excel Cell" library="ExcelLibrary">
<doc>Returns content of a cell.</doc>
<arguments>
<arg>row_num=${row_id}</arg>
<arg>col_num=6</arg>
</arguments>
<assign>
<var>${end_number}</var>
</assign>
<msg timestamp="20200421 19:56:06.979" level="INFO">${end_number} = 1</msg>
<status status="PASS" starttime="20200421 19:56:06.979" endtime="20200421 19:56:06.979"></status>
</kw>
<kw name="Read Excel Cell" library="ExcelLibrary">
<doc>Returns content of a cell.</doc>
<arguments>
<arg>row_num=${row_id}</arg>
<arg>col_num=7</arg>
</arguments>
<assign>
<var>${end_city}</var>
</assign>
<msg timestamp="20200421 19:56:06.979" level="INFO">${end_city} = KAJAANI</msg>
<status status="PASS" starttime="20200421 19:56:06.979" endtime="20200421 19:56:06.979"></status>
</kw>
<kw name="Read Excel Cell" library="ExcelLibrary">
<doc>Returns content of a cell.</doc>
<arguments>
<arg>row_num=${row_id}</arg>
<arg>col_num=8</arg>
</arguments>
<assign>
<var>${end_postalcode}</var>
</assign>
<msg timestamp="20200421 19:56:06.979" level="INFO">${end_postalcode} = 87105</msg>
<status status="PASS" starttime="20200421 19:56:06.979" endtime="20200421 19:56:06.979"></status>
</kw>
<kw name="Set Variable" library="BuiltIn">
<doc>Returns the given values which can then be assigned to a variables.</doc>
<arguments>
<arg>${end_street}, ${end_number}, ${end_postalcode} ${end_city}</arg>
</arguments>
<assign>
<var>${travel}</var>
</assign>
<msg timestamp="20200421 19:56:06.980" level="INFO">${travel} = Veturitie, 1, 87105 KAJAANI</msg>
<status status="PASS" starttime="20200421 19:56:06.979" endtime="20200421 19:56:06.980"></status>
</kw>
<kw name="Append To List" library="Collections">
<doc>Adds ``values`` to the end of ``list``.</doc>
<arguments>
<arg>${TravelListEnd}</arg>
<arg>${travel}</arg>
</arguments>
<status status="PASS" starttime="20200421 19:56:06.980" endtime="20200421 19:56:06.980"></status>
</kw>
<status status="PASS" starttime="20200421 19:56:06.978" endtime="20200421 19:56:06.980"></status>
</kw>
<kw name="${i} = 6" type="foritem">
<kw name="Evaluate" library="BuiltIn">
<doc>Evaluates the given expression in Python and returns the results.</doc>
<arguments>
<arg>${i} + ${START_ROW}</arg>
</arguments>
<assign>
<var>${row_id}</var>
</assign>
<msg timestamp="20200421 19:56:06.980" level="INFO">${row_id} = 13</msg>
<status status="PASS" starttime="20200421 19:56:06.980" endtime="20200421 19:56:06.980"></status>
</kw>
<kw name="Read Excel Cell" library="ExcelLibrary">
<doc>Returns content of a cell.</doc>
<arguments>
<arg>row_num=${row_id}</arg>
<arg>col_num=5</arg>
</arguments>
<assign>
<var>${end_street}</var>
</assign>
<msg timestamp="20200421 19:56:06.980" level="INFO">${end_street} = Oksapolku</msg>
<status status="PASS" starttime="20200421 19:56:06.980" endtime="20200421 19:56:06.980"></status>
</kw>
<kw name="Read Excel Cell" library="ExcelLibrary">
<doc>Returns content of a cell.</doc>
<arguments>
<arg>row_num=${row_id}</arg>
<arg>col_num=6</arg>
</arguments>
<assign>
<var>${end_number}</var>
</assign>
<msg timestamp="20200421 19:56:06.981" level="INFO">${end_number} = 1</msg>
<status status="PASS" starttime="20200421 19:56:06.981" endtime="20200421 19:56:06.981"></status>
</kw>
<kw name="Read Excel Cell" library="ExcelLibrary">
<doc>Returns content of a cell.</doc>
<arguments>
<arg>row_num=${row_id}</arg>
<arg>col_num=7</arg>
</arguments>
<assign>
<var>${end_city}</var>
</assign>
<msg timestamp="20200421 19:56:06.981" level="INFO">${end_city} = JÄRVENPÄÄ</msg>
<status status="PASS" starttime="20200421 19:56:06.981" endtime="20200421 19:56:06.981"></status>
</kw>
<kw name="Read Excel Cell" library="ExcelLibrary">
<doc>Returns content of a cell.</doc>
<arguments>
<arg>row_num=${row_id}</arg>
<arg>col_num=8</arg>
</arguments>
<assign>
<var>${end_postalcode}</var>
</assign>
<msg timestamp="20200421 19:56:06.981" level="INFO">${end_postalcode} = 4440</msg>
<status status="PASS" starttime="20200421 19:56:06.981" endtime="20200421 19:56:06.981"></status>
</kw>
<kw name="Set Variable" library="BuiltIn">
<doc>Returns the given values which can then be assigned to a variables.</doc>
<arguments>
<arg>${end_street}, ${end_number}, ${end_postalcode} ${end_city}</arg>
</arguments>
<assign>
<var>${travel}</var>
</assign>
<msg timestamp="20200421 19:56:06.981" level="INFO">${travel} = Oksapolku, 1, 4440 JÄRVENPÄÄ</msg>
<status status="PASS" starttime="20200421 19:56:06.981" endtime="20200421 19:56:06.981"></status>
</kw>
<kw name="Append To List" library="Collections">
<doc>Adds ``values`` to the end of ``list``.</doc>
<arguments>
<arg>${TravelListEnd}</arg>
<arg>${travel}</arg>
</arguments>
<status status="PASS" starttime="20200421 19:56:06.982" endtime="20200421 19:56:06.982"></status>
</kw>
<status status="PASS" starttime="20200421 19:56:06.980" endtime="20200421 19:56:06.982"></status>
</kw>
<kw name="${i} = 7" type="foritem">
<kw name="Evaluate" library="BuiltIn">
<doc>Evaluates the given expression in Python and returns the results.</doc>
<arguments>
<arg>${i} + ${START_ROW}</arg>
</arguments>
<assign>
<var>${row_id}</var>
</assign>
<msg timestamp="20200421 19:56:06.982" level="INFO">${row_id} = 14</msg>
<status status="PASS" starttime="20200421 19:56:06.982" endtime="20200421 19:56:06.982"></status>
</kw>
<kw name="Read Excel Cell" library="ExcelLibrary">
<doc>Returns content of a cell.</doc>
<arguments>
<arg>row_num=${row_id}</arg>
<arg>col_num=5</arg>
</arguments>
<assign>
<var>${end_street}</var>
</assign>
<msg timestamp="20200421 19:56:06.982" level="INFO">${end_street} = Esplanaadi</msg>
<status status="PASS" starttime="20200421 19:56:06.982" endtime="20200421 19:56:06.982"></status>
</kw>
<kw name="Read Excel Cell" library="ExcelLibrary">
<doc>Returns content of a cell.</doc>
<arguments>
<arg>row_num=${row_id}</arg>
<arg>col_num=6</arg>
</arguments>
<assign>
<var>${end_number}</var>
</assign>
<msg timestamp="20200421 19:56:06.982" level="INFO">${end_number} = 69</msg>
<status status="PASS" starttime="20200421 19:56:06.982" endtime="20200421 19:56:06.982"></status>
</kw>
<kw name="Read Excel Cell" library="ExcelLibrary">
<doc>Returns content of a cell.</doc>
<arguments>
<arg>row_num=${row_id}</arg>
<arg>col_num=7</arg>
</arguments>
<assign>
<var>${end_city}</var>
</assign>
<msg timestamp="20200421 19:56:06.983" level="INFO">${end_city} = HANKO</msg>
<status status="PASS" starttime="20200421 19:56:06.983" endtime="20200421 19:56:06.983"></status>
</kw>
<kw name="Read Excel Cell" library="ExcelLibrary">
<doc>Returns content of a cell.</doc>
<arguments>
<arg>row_num=${row_id}</arg>
<arg>col_num=8</arg>
</arguments>
<assign>
<var>${end_postalcode}</var>
</assign>
<msg timestamp="20200421 19:56:06.983" level="INFO">${end_postalcode} = 10904</msg>
<status status="PASS" starttime="20200421 19:56:06.983" endtime="20200421 19:56:06.983"></status>
</kw>
<kw name="Set Variable" library="BuiltIn">
<doc>Returns the given values which can then be assigned to a variables.</doc>
<arguments>
<arg>${end_street}, ${end_number}, ${end_postalcode} ${end_city}</arg>
</arguments>
<assign>
<var>${travel}</var>
</assign>
<msg timestamp="20200421 19:56:06.983" level="INFO">${travel} = Esplanaadi, 69, 10904 HANKO</msg>
<status status="PASS" starttime="20200421 19:56:06.983" endtime="20200421 19:56:06.983"></status>
</kw>
<kw name="Append To List" library="Collections">
<doc>Adds ``values`` to the end of ``list``.</doc>
<arguments>
<arg>${TravelListEnd}</arg>
<arg>${travel}</arg>
</arguments>
<status status="PASS" starttime="20200421 19:56:06.983" endtime="20200421 19:56:06.983"></status>
</kw>
<status status="PASS" starttime="20200421 19:56:06.982" endtime="20200421 19:56:06.983"></status>
</kw>
<kw name="${i} = 8" type="foritem">
<kw name="Evaluate" library="BuiltIn">
<doc>Evaluates the given expression in Python and returns the results.</doc>
<arguments>
<arg>${i} + ${START_ROW}</arg>
</arguments>
<assign>
<var>${row_id}</var>
</assign>
<msg timestamp="20200421 19:56:06.984" level="INFO">${row_id} = 15</msg>
<status status="PASS" starttime="20200421 19:56:06.984" endtime="20200421 19:56:06.984"></status>
</kw>
<kw name="Read Excel Cell" library="ExcelLibrary">
<doc>Returns content of a cell.</doc>
<arguments>
<arg>row_num=${row_id}</arg>
<arg>col_num=5</arg>
</arguments>
<assign>
<var>${end_street}</var>
</assign>
<msg timestamp="20200421 19:56:06.984" level="INFO">${end_street} = Sallantie</msg>
<status status="PASS" starttime="20200421 19:56:06.984" endtime="20200421 19:56:06.984"></status>
</kw>
<kw name="Read Excel Cell" library="ExcelLibrary">
<doc>Returns content of a cell.</doc>
<arguments>
<arg>row_num=${row_id}</arg>
<arg>col_num=6</arg>
</arguments>
<assign>
<var>${end_number}</var>
</assign>
<msg timestamp="20200421 19:56:06.984" level="INFO">${end_number} = 2640</msg>
<status status="PASS" starttime="20200421 19:56:06.984" endtime="20200421 19:56:06.984"></status>
</kw>
<kw name="Read Excel Cell" library="ExcelLibrary">
<doc>Returns content of a cell.</doc>
<arguments>
<arg>row_num=${row_id}</arg>
<arg>col_num=7</arg>
</arguments>
<assign>
<var>${end_city}</var>
</assign>
<msg timestamp="20200421 19:56:06.984" level="INFO">${end_city} = KEMIJÄRVI</msg>
<status status="PASS" starttime="20200421 19:56:06.984" endtime="20200421 19:56:06.984"></status>
</kw>
<kw name="Read Excel Cell" library="ExcelLibrary">
<doc>Returns content of a cell.</doc>
<arguments>
<arg>row_num=${row_id}</arg>
<arg>col_num=8</arg>
</arguments>
<assign>
<var>${end_postalcode}</var>
</assign>
<msg timestamp="20200421 19:56:06.985" level="INFO">${end_postalcode} = 98714</msg>
<status status="PASS" starttime="20200421 19:56:06.984" endtime="20200421 19:56:06.985"></status>
</kw>
<kw name="Set Variable" library="BuiltIn">
<doc>Returns the given values which can then be assigned to a variables.</doc>
<arguments>
<arg>${end_street}, ${end_number}, ${end_postalcode} ${end_city}</arg>
</arguments>
<assign>
<var>${travel}</var>
</assign>
<msg timestamp="20200421 19:56:06.985" level="INFO">${travel} = Sallantie, 2640, 98714 KEMIJÄRVI</msg>
<status status="PASS" starttime="20200421 19:56:06.985" endtime="20200421 19:56:06.985"></status>
</kw>
<kw name="Append To List" library="Collections">
<doc>Adds ``values`` to the end of ``list``.</doc>
<arguments>
<arg>${TravelListEnd}</arg>
<arg>${travel}</arg>
</arguments>
<status status="PASS" starttime="20200421 19:56:06.985" endtime="20200421 19:56:06.985"></status>
</kw>
<status status="PASS" starttime="20200421 19:56:06.983" endtime="20200421 19:56:06.985"></status>
</kw>
<kw name="${i} = 9" type="foritem">
<kw name="Evaluate" library="BuiltIn">
<doc>Evaluates the given expression in Python and returns the results.</doc>
<arguments>
<arg>${i} + ${START_ROW}</arg>
</arguments>
<assign>
<var>${row_id}</var>
</assign>
<msg timestamp="20200421 19:56:06.986" level="INFO">${row_id} = 16</msg>
<status status="PASS" starttime="20200421 19:56:06.985" endtime="20200421 19:56:06.986"></status>
</kw>
<kw name="Read Excel Cell" library="ExcelLibrary">
<doc>Returns content of a cell.</doc>
<arguments>
<arg>row_num=${row_id}</arg>
<arg>col_num=5</arg>
</arguments>
<assign>
<var>${end_street}</var>
</assign>
<msg timestamp="20200421 19:56:06.986" level="INFO">${end_street} = Kilpivirrantie</msg>
<status status="PASS" starttime="20200421 19:56:06.986" endtime="20200421 19:56:06.986"></status>
</kw>
<kw name="Read Excel Cell" library="ExcelLibrary">
<doc>Returns content of a cell.</doc>
<arguments>
<arg>row_num=${row_id}</arg>
<arg>col_num=6</arg>
</arguments>
<assign>
<var>${end_number}</var>
</assign>
<msg timestamp="20200421 19:56:06.986" level="INFO">${end_number} = 1</msg>
<status status="PASS" starttime="20200421 19:56:06.986" endtime="20200421 19:56:06.986"></status>
</kw>
<kw name="Read Excel Cell" library="ExcelLibrary">
<doc>Returns content of a cell.</doc>
<arguments>
<arg>row_num=${row_id}</arg>
<arg>col_num=7</arg>
</arguments>
<assign>
<var>${end_city}</var>
</assign>
<msg timestamp="20200421 19:56:06.986" level="INFO">${end_city} = IISALMI</msg>
<status status="PASS" starttime="20200421 19:56:06.986" endtime="20200421 19:56:06.986"></status>
</kw>
<kw name="Read Excel Cell" library="ExcelLibrary">
<doc>Returns content of a cell.</doc>
<arguments>
<arg>row_num=${row_id}</arg>
<arg>col_num=8</arg>
</arguments>
<assign>
<var>${end_postalcode}</var>
</assign>
<msg timestamp="20200421 19:56:06.987" level="INFO">${end_postalcode} = 74124</msg>
<status status="PASS" starttime="20200421 19:56:06.986" endtime="20200421 19:56:06.987"></status>
</kw>
<kw name="Set Variable" library="BuiltIn">
<doc>Returns the given values which can then be assigned to a variables.</doc>
<arguments>
<arg>${end_street}, ${end_number}, ${end_postalcode} ${end_city}</arg>
</arguments>
<assign>
<var>${travel}</var>
</assign>
<msg timestamp="20200421 19:56:06.987" level="INFO">${travel} = Kilpivirrantie, 1, 74124 IISALMI</msg>
<status status="PASS" starttime="20200421 19:56:06.987" endtime="20200421 19:56:06.987"></status>
</kw>
<kw name="Append To List" library="Collections">
<doc>Adds ``values`` to the end of ``list``.</doc>
<arguments>
<arg>${TravelListEnd}</arg>
<arg>${travel}</arg>
</arguments>
<status status="PASS" starttime="20200421 19:56:06.987" endtime="20200421 19:56:06.987"></status>
</kw>
<status status="PASS" starttime="20200421 19:56:06.985" endtime="20200421 19:56:06.987"></status>
</kw>
<status status="PASS" starttime="20200421 19:56:06.969" endtime="20200421 19:56:06.987"></status>
</kw>
<kw name="Open Browser" library="Selenium2Library">
<doc>Opens a new browser instance to the optional ``url``.</doc>
<arguments>
<arg>${BASE URL}</arg>
<arg>${BROWSER}</arg>
</arguments>
<msg timestamp="20200421 19:56:06.987" level="INFO">Opening browser 'Chrome' to base url 'https://www.google.fi/maps/dir/'.</msg>
<status status="PASS" starttime="20200421 19:56:06.987" endtime="20200421 19:56:09.812"></status>
</kw>
<kw name="Wait Until Element Is Enabled" library="Selenium2Library">
<doc>Waits until the element ``locator`` is enabled.</doc>
<arguments>
<arg>sb_ifc50</arg>
</arguments>
<status status="PASS" starttime="20200421 19:56:09.813" endtime="20200421 19:56:09.877"></status>
</kw>
<kw name="Click Element" library="Selenium2Library">
<doc>Click the element identified by ``locator``.</doc>
<arguments>
<arg>//*[contains(@data-travel_mode, "0")]</arg>
</arguments>
<msg timestamp="20200421 19:56:09.878" level="INFO">Clicking element '//*[contains(@data-travel_mode, "0")]'.</msg>
<status status="PASS" starttime="20200421 19:56:09.877" endtime="20200421 19:56:09.932"></status>
</kw>
<kw name="Log To Console" library="BuiltIn">
<doc>Logs the given message to the console.</doc>
<arguments>
<arg>Get Google Maps Distances and Write to Excel File</arg>
</arguments>
<status status="PASS" starttime="20200421 19:56:09.932" endtime="20200421 19:56:09.933"></status>
</kw>
<kw name="${i} IN RANGE [ ${rows} ]" type="for">
<kw name="${i} = 0" type="foritem">
<kw name="Evaluate" library="BuiltIn">
<doc>Evaluates the given expression in Python and returns the results.</doc>
<arguments>
<arg>${i} + 1</arg>
</arguments>
<assign>
<var>${current_id}</var>
</assign>
<msg timestamp="20200421 19:56:09.933" level="INFO">${current_id} = 1</msg>
<status status="PASS" starttime="20200421 19:56:09.933" endtime="20200421 19:56:09.933"></status>
</kw>
<kw name="Log To Console" library="BuiltIn">
<doc>Logs the given message to the console.</doc>
<arguments>
<arg>Distance: ${current_id}/${rows}</arg>
</arguments>
<status status="PASS" starttime="20200421 19:56:09.933" endtime="20200421 19:56:09.933"></status>
</kw>
<kw name="Press Keys" library="Selenium2Library">
<doc>Simulates the user pressing key(s) to an element or on the active browser.</doc>
<arguments>
<arg>sb_ifc50</arg>
<arg>@{TravelListStart}[${i}]</arg>
</arguments>
<msg timestamp="20200421 19:56:09.934" level="INFO">Sending key(s) ('Kauppatie, 1, 81200 JOENSUU',) to sb_ifc50 element.</msg>
<msg timestamp="20200421 19:56:10.227" level="INFO">Sending keys Kauppatie, 1, 81200 JOENSUU</msg>
<status status="PASS" starttime="20200421 19:56:09.933" endtime="20200421 19:56:10.674"></status>
</kw>
<kw name="Press Keys" library="Selenium2Library">
<doc>Simulates the user pressing key(s) to an element or on the active browser.</doc>
<arguments>
<arg>sb_ifc51</arg>
<arg>${TravelListEnd}[${i}]</arg>
</arguments>
<msg timestamp="20200421 19:56:10.675" level="INFO">Sending key(s) ('Vapaudenkatu, 10, 15114 LAHTI',) to sb_ifc51 element.</msg>
<msg timestamp="20200421 19:56:10.961" level="INFO">Sending keys Vapaudenkatu, 10, 15114 LAHTI</msg>
<status status="PASS" starttime="20200421 19:56:10.674" endtime="20200421 19:56:11.032"></status>
</kw>
<kw name="Press Keys" library="Selenium2Library">
<doc>Simulates the user pressing key(s) to an element or on the active browser.</doc>
<arguments>
<arg>sb_ifc51</arg>
<arg>RETURN</arg>
</arguments>
<msg timestamp="20200421 19:56:11.033" level="INFO">Sending key(s) ('RETURN',) to sb_ifc51 element.</msg>
<msg timestamp="20200421 19:56:11.306" level="INFO">Pressing special key RETURN to element.</msg>
<msg timestamp="20200421 19:56:11.306" level="INFO">Releasing special key RETURN.</msg>
<status status="PASS" starttime="20200421 19:56:11.032" endtime="20200421 19:56:11.312"></status>
</kw>
<kw name="Wait Until Element Is Enabled" library="Selenium2Library">
<doc>Waits until the element ``locator`` is enabled.</doc>
<arguments>
<arg>section-directions-trip-0</arg>
</arguments>
<status status="PASS" starttime="20200421 19:56:11.313" endtime="20200421 19:56:12.184"></status>
</kw>
<kw name="Click Element" library="Selenium2Library">
<doc>Click the element identified by ``locator``.</doc>
<arguments>
<arg>section-directions-trip-0</arg>
</arguments>
<msg timestamp="20200421 19:56:12.185" level="INFO">Clicking element 'section-directions-trip-0'.</msg>
<status status="PASS" starttime="20200421 19:56:12.184" endtime="20200421 19:56:12.232"></status>
</kw>
<kw name="Wait Until Element Is Enabled" library="Selenium2Library">
<doc>Waits until the element ``locator`` is enabled.</doc>
<arguments>
<arg>class=section-trip-summary-subtitle</arg>
</arguments>
<status status="PASS" starttime="20200421 19:56:12.232" endtime="20200421 19:56:12.506"></status>
</kw>
<kw name="Get Text" library="Selenium2Library">
<doc>Returns the text value of the element identified by ``locator``.</doc>
<arguments>
<arg>class=section-trip-summary-subtitle</arg>
</arguments>
<assign>
<var>${trip}</var>
</assign>
<msg timestamp="20200421 19:56:12.516" level="INFO">${trip} = (370 km)</msg>
<status status="PASS" starttime="20200421 19:56:12.506" endtime="20200421 19:56:12.516"></status>
</kw>
<kw name="Log To Console" library="BuiltIn">
<doc>Logs the given message to the console.</doc>
<arguments>
<arg>${trip}</arg>
</arguments>
<status status="PASS" starttime="20200421 19:56:12.516" endtime="20200421 19:56:12.517"></status>
</kw>
<kw name="Click Element" library="Selenium2Library">
<doc>Click the element identified by ``locator``.</doc>
<arguments>
<arg>class=section-trip-header-back</arg>
</arguments>
<msg timestamp="20200421 19:56:12.517" level="INFO">Clicking element 'class=section-trip-header-back'.</msg>
<status status="PASS" starttime="20200421 19:56:12.517" endtime="20200421 19:56:12.565"></status>
</kw>
<kw name="Write Excel Cell" library="ExcelLibrary">
<doc>Writes value to the cell.</doc>
<arguments>
<arg>1</arg>
<arg>1</arg>
<arg>Checked Travel Distances</arg>
<arg>Data</arg>
</arguments>
<status status="PASS" starttime="20200421 19:56:12.565" endtime="20200421 19:56:12.565"></status>
</kw>
<kw name="Evaluate" library="BuiltIn">
<doc>Evaluates the given expression in Python and returns the results.</doc>
<arguments>
<arg>${i} + ${START_ROW}</arg>
</arguments>
<assign>
<var>${row_id}</var>
</assign>
<msg timestamp="20200421 19:56:12.565" level="INFO">${row_id} = 7</msg>
<status status="PASS" starttime="20200421 19:56:12.565" endtime="20200421 19:56:12.565"></status>
</kw>
<kw name="String 2 Float" library="CustomCode">
<arguments>
<arg>${trip}</arg>
</arguments>
<assign>
<var>${dist}</var>
</assign>
<msg timestamp="20200421 19:56:12.566" level="INFO">${dist} = 370.0</msg>
<status status="PASS" starttime="20200421 19:56:12.566" endtime="20200421 19:56:12.566"></status>
</kw>
<kw name="Write Excel Cell" library="ExcelLibrary">
<doc>Writes value to the cell.</doc>
<arguments>
<arg>${row_id}</arg>
<arg>10</arg>
<arg>${dist}</arg>
<arg>Data</arg>
</arguments>
<status status="PASS" starttime="20200421 19:56:12.566" endtime="20200421 19:56:12.566"></status>
</kw>
<status status="PASS" starttime="20200421 19:56:09.933" endtime="20200421 19:56:12.566"></status>
</kw>
<kw name="${i} = 1" type="foritem">
<kw name="Evaluate" library="BuiltIn">
<doc>Evaluates the given expression in Python and returns the results.</doc>
<arguments>
<arg>${i} + 1</arg>
</arguments>
<assign>
<var>${current_id}</var>
</assign>
<msg timestamp="20200421 19:56:12.566" level="INFO">${current_id} = 2</msg>
<status status="PASS" starttime="20200421 19:56:12.566" endtime="20200421 19:56:12.566"></status>
</kw>
<kw name="Log To Console" library="BuiltIn">
<doc>Logs the given message to the console.</doc>
<arguments>
<arg>Distance: ${current_id}/${rows}</arg>
</arguments>
<status status="PASS" starttime="20200421 19:56:12.566" endtime="20200421 19:56:12.566"></status>
</kw>
<kw name="Press Keys" library="Selenium2Library">
<doc>Simulates the user pressing key(s) to an element or on the active browser.</doc>
<arguments>
<arg>sb_ifc50</arg>
<arg>@{TravelListStart}[${i}]</arg>
</arguments>
<msg timestamp="20200421 19:56:12.567" level="INFO">Sending key(s) ('Saarijärventie, 50, 40270 PALOKKA',) to sb_ifc50 element.</msg>
<msg timestamp="20200421 19:56:12.863" level="INFO">Sending keys Saarijärventie, 50, 40270 PALOKKA</msg>
<status status="PASS" starttime="20200421 19:56:12.567" endtime="20200421 19:56:12.970"></status>
</kw>
<kw name="Press Keys" library="Selenium2Library">
<doc>Simulates the user pressing key(s) to an element or on the active browser.</doc>
<arguments>
<arg>sb_ifc51</arg>
<arg>${TravelListEnd}[${i}]</arg>
</arguments>
<msg timestamp="20200421 19:56:12.970" level="INFO">Sending key(s) ('Sodankyläntie, 9, 98500 PELKOSENNIEMI',) to sb_ifc51 element.</msg>
<msg timestamp="20200421 19:56:13.243" level="INFO">Sending keys Sodankyläntie, 9, 98500 PELKOSENNIEMI</msg>
<status status="PASS" starttime="20200421 19:56:12.970" endtime="20200421 19:56:13.316"></status>
</kw>
<kw name="Press Keys" library="Selenium2Library">
<doc>Simulates the user pressing key(s) to an element or on the active browser.</doc>
<arguments>
<arg>sb_ifc51</arg>
<arg>RETURN</arg>
</arguments>
<msg timestamp="20200421 19:56:13.317" level="INFO">Sending key(s) ('RETURN',) to sb_ifc51 element.</msg>
<msg timestamp="20200421 19:56:13.591" level="INFO">Pressing special key RETURN to element.</msg>
<msg timestamp="20200421 19:56:13.591" level="INFO">Releasing special key RETURN.</msg>
<status status="PASS" starttime="20200421 19:56:13.316" endtime="20200421 19:56:13.597"></status>
</kw>
<kw name="Wait Until Element Is Enabled" library="Selenium2Library">
<doc>Waits until the element ``locator`` is enabled.</doc>
<arguments>
<arg>section-directions-trip-0</arg>
</arguments>
<status status="PASS" starttime="20200421 19:56:13.597" endtime="20200421 19:56:14.652"></status>
</kw>
<kw name="Click Element" library="Selenium2Library">
<doc>Click the element identified by ``locator``.</doc>
<arguments>
<arg>section-directions-trip-0</arg>
</arguments>
<msg timestamp="20200421 19:56:14.652" level="INFO">Clicking element 'section-directions-trip-0'.</msg>
<status status="PASS" starttime="20200421 19:56:14.652" endtime="20200421 19:56:14.712"></status>
</kw>
<kw name="Wait Until Element Is Enabled" library="Selenium2Library">
<doc>Waits until the element ``locator`` is enabled.</doc>
<arguments>
<arg>class=section-trip-summary-subtitle</arg>
</arguments>
<status status="PASS" starttime="20200421 19:56:14.712" endtime="20200421 19:56:14.948"></status>
</kw>
<kw name="Get Text" library="Selenium2Library">
<doc>Returns the text value of the element identified by ``locator``.</doc>
<arguments>
<arg>class=section-trip-summary-subtitle</arg>
</arguments>
<assign>
<var>${trip}</var>
</assign>
<msg timestamp="20200421 19:56:14.962" level="INFO">${trip} = (670 km)</msg>
<status status="PASS" starttime="20200421 19:56:14.948" endtime="20200421 19:56:14.962"></status>
</kw>
<kw name="Log To Console" library="BuiltIn">
<doc>Logs the given message to the console.</doc>
<arguments>
<arg>${trip}</arg>
</arguments>
<status status="PASS" starttime="20200421 19:56:14.962" endtime="20200421 19:56:14.962"></status>
</kw>
<kw name="Click Element" library="Selenium2Library">
<doc>Click the element identified by ``locator``.</doc>
<arguments>
<arg>class=section-trip-header-back</arg>
</arguments>
<msg timestamp="20200421 19:56:14.962" level="INFO">Clicking element 'class=section-trip-header-back'.</msg>
<status status="PASS" starttime="20200421 19:56:14.962" endtime="20200421 19:56:15.048"></status>
</kw>
<kw name="Write Excel Cell" library="ExcelLibrary">
<doc>Writes value to the cell.</doc>
<arguments>
<arg>1</arg>
<arg>1</arg>
<arg>Checked Travel Distances</arg>
<arg>Data</arg>
</arguments>
<status status="PASS" starttime="20200421 19:56:15.048" endtime="20200421 19:56:15.048"></status>
</kw>
<kw name="Evaluate" library="BuiltIn">
<doc>Evaluates the given expression in Python and returns the results.</doc>
<arguments>
<arg>${i} + ${START_ROW}</arg>
</arguments>
<assign>
<var>${row_id}</var>
</assign>
<msg timestamp="20200421 19:56:15.049" level="INFO">${row_id} = 8</msg>
<status status="PASS" starttime="20200421 19:56:15.048" endtime="20200421 19:56:15.049"></status>
</kw>
<kw name="String 2 Float" library="CustomCode">
<arguments>
<arg>${trip}</arg>
</arguments>
<assign>
<var>${dist}</var>
</assign>
<msg timestamp="20200421 19:56:15.049" level="INFO">${dist} = 670.0</msg>
<status status="PASS" starttime="20200421 19:56:15.049" endtime="20200421 19:56:15.049"></status>
</kw>
<kw name="Write Excel Cell" library="ExcelLibrary">
<doc>Writes value to the cell.</doc>
<arguments>
<arg>${row_id}</arg>
<arg>10</arg>
<arg>${dist}</arg>
<arg>Data</arg>
</arguments>
<status status="PASS" starttime="20200421 19:56:15.049" endtime="20200421 19:56:15.049"></status>
</kw>
<status status="PASS" starttime="20200421 19:56:12.566" endtime="20200421 19:56:15.049"></status>
</kw>
<kw name="${i} = 2" type="foritem">
<kw name="Evaluate" library="BuiltIn">
<doc>Evaluates the given expression in Python and returns the results.</doc>
<arguments>
<arg>${i} + 1</arg>
</arguments>
<assign>
<var>${current_id}</var>
</assign>
<msg timestamp="20200421 19:56:15.049" level="INFO">${current_id} = 3</msg>
<status status="PASS" starttime="20200421 19:56:15.049" endtime="20200421 19:56:15.049"></status>
</kw>
<kw name="Log To Console" library="BuiltIn">
<doc>Logs the given message to the console.</doc>
<arguments>
<arg>Distance: ${current_id}/${rows}</arg>
</arguments>
<status status="PASS" starttime="20200421 19:56:15.049" endtime="20200421 19:56:15.050"></status>
</kw>
<kw name="Press Keys" library="Selenium2Library">
<doc>Simulates the user pressing key(s) to an element or on the active browser.</doc>
<arguments>
<arg>sb_ifc50</arg>
<arg>@{TravelListStart}[${i}]</arg>
</arguments>
<msg timestamp="20200421 19:56:15.050" level="INFO">Sending key(s) ('Pitkäpellonkatu, 2, 20904 TURKU',) to sb_ifc50 element.</msg>
<msg timestamp="20200421 19:56:15.346" level="INFO">Sending keys Pitkäpellonkatu, 2, 20904 TURKU</msg>
<status status="PASS" starttime="20200421 19:56:15.050" endtime="20200421 19:56:15.431"></status>
</kw>
<kw name="Press Keys" library="Selenium2Library">
<doc>Simulates the user pressing key(s) to an element or on the active browser.</doc>
<arguments>
<arg>sb_ifc51</arg>
<arg>${TravelListEnd}[${i}]</arg>
</arguments>
<msg timestamp="20200421 19:56:15.431" level="INFO">Sending key(s) ('Sipulikatu, 2, 70824 KUOPIO',) to sb_ifc51 element.</msg>
<msg timestamp="20200421 19:56:15.711" level="INFO">Sending keys Sipulikatu, 2, 70824 KUOPIO</msg>
<status status="PASS" starttime="20200421 19:56:15.431" endtime="20200421 19:56:15.815"></status>
</kw>
<kw name="Press Keys" library="Selenium2Library">
<doc>Simulates the user pressing key(s) to an element or on the active browser.</doc>
<arguments>
<arg>sb_ifc51</arg>
<arg>RETURN</arg>
</arguments>
<msg timestamp="20200421 19:56:15.816" level="INFO">Sending key(s) ('RETURN',) to sb_ifc51 element.</msg>
<msg timestamp="20200421 19:56:16.203" level="INFO">Pressing special key RETURN to element.</msg>
<msg timestamp="20200421 19:56:16.204" level="INFO">Releasing special key RETURN.</msg>
<status status="PASS" starttime="20200421 19:56:15.816" endtime="20200421 19:56:16.216"></status>
</kw>
<kw name="Wait Until Element Is Enabled" library="Selenium2Library">
<doc>Waits until the element ``locator`` is enabled.</doc>
<arguments>
<arg>section-directions-trip-0</arg>
</arguments>
<status status="PASS" starttime="20200421 19:56:16.216" endtime="20200421 19:56:17.389"></status>
</kw>
<kw name="Click Element" library="Selenium2Library">
<doc>Click the element identified by ``locator``.</doc>
<arguments>
<arg>section-directions-trip-0</arg>
</arguments>
<msg timestamp="20200421 19:56:17.390" level="INFO">Clicking element 'section-directions-trip-0'.</msg>
<status status="PASS" starttime="20200421 19:56:17.390" endtime="20200421 19:56:17.706"></status>
</kw>
<kw name="Wait Until Element Is Enabled" library="Selenium2Library">
<doc>Waits until the element ``locator`` is enabled.</doc>
<arguments>
<arg>class=section-trip-summary-subtitle</arg>
</arguments>
<status status="PASS" starttime="20200421 19:56:17.706" endtime="20200421 19:56:17.973"></status>
</kw>
<kw name="Get Text" library="Selenium2Library">
<doc>Returns the text value of the element identified by ``locator``.</doc>
<arguments>
<arg>class=section-trip-summary-subtitle</arg>
</arguments>
<assign>
<var>${trip}</var>
</assign>
<msg timestamp="20200421 19:56:17.983" level="INFO">${trip} = (455 km)</msg>
<status status="PASS" starttime="20200421 19:56:17.973" endtime="20200421 19:56:17.983"></status>
</kw>
<kw name="Log To Console" library="BuiltIn">
<doc>Logs the given message to the console.</doc>
<arguments>
<arg>${trip}</arg>
</arguments>
<status status="PASS" starttime="20200421 19:56:17.983" endtime="20200421 19:56:17.984"></status>
</kw>
<kw name="Click Element" library="Selenium2Library">
<doc>Click the element identified by ``locator``.</doc>
<arguments>
<arg>class=section-trip-header-back</arg>
</arguments>
<msg timestamp="20200421 19:56:17.984" level="INFO">Clicking element 'class=section-trip-header-back'.</msg>
<status status="PASS" starttime="20200421 19:56:17.984" endtime="20200421 19:56:18.032"></status>
</kw>
<kw name="Write Excel Cell" library="ExcelLibrary">
<doc>Writes value to the cell.</doc>
<arguments>
<arg>1</arg>
<arg>1</arg>
<arg>Checked Travel Distances</arg>
<arg>Data</arg>
</arguments>
<status status="PASS" starttime="20200421 19:56:18.032" endtime="20200421 19:56:18.032"></status>
</kw>
<kw name="Evaluate" library="BuiltIn">
<doc>Evaluates the given expression in Python and returns the results.</doc>
<arguments>
<arg>${i} + ${START_ROW}</arg>
</arguments>
<assign>
<var>${row_id}</var>
</assign>
<msg timestamp="20200421 19:56:18.033" level="INFO">${row_id} = 9</msg>
<status status="PASS" starttime="20200421 19:56:18.032" endtime="20200421 19:56:18.033"></status>
</kw>
<kw name="String 2 Float" library="CustomCode">
<arguments>
<arg>${trip}</arg>
</arguments>
<assign>
<var>${dist}</var>
</assign>
<msg timestamp="20200421 19:56:18.033" level="INFO">${dist} = 455.0</msg>
<status status="PASS" starttime="20200421 19:56:18.033" endtime="20200421 19:56:18.033"></status>
</kw>
<kw name="Write Excel Cell" library="ExcelLibrary">
<doc>Writes value to the cell.</doc>
<arguments>
<arg>${row_id}</arg>
<arg>10</arg>
<arg>${dist}</arg>
<arg>Data</arg>
</arguments>
<status status="PASS" starttime="20200421 19:56:18.033" endtime="20200421 19:56:18.033"></status>
</kw>
<status status="PASS" starttime="20200421 19:56:15.049" endtime="20200421 19:56:18.033"></status>
</kw>
<kw name="${i} = 3" type="foritem">
<kw name="Evaluate" library="BuiltIn">
<doc>Evaluates the given expression in Python and returns the results.</doc>
<arguments>
<arg>${i} + 1</arg>
</arguments>
<assign>
<var>${current_id}</var>
</assign>
<msg timestamp="20200421 19:56:18.033" level="INFO">${current_id} = 4</msg>
<status status="PASS" starttime="20200421 19:56:18.033" endtime="20200421 19:56:18.033"></status>
</kw>
<kw name="Log To Console" library="BuiltIn">
<doc>Logs the given message to the console.</doc>
<arguments>
[...]
</kw>
<kw name="Evaluate" library="BuiltIn">
<doc>Evaluates the given expression in Python and returns the results.</doc>
<arguments>
<arg>${i} + ${START_ROW}</arg>
</arguments>
<assign>
<var>${row_id}</var>
</assign>
<msg timestamp="20200421 19:56:27.736" level="INFO">${row_id} = 13</msg>
<status status="PASS" starttime="20200421 19:56:27.735" endtime="20200421 19:56:27.736"></status>
</kw>
<kw name="String 2 Float" library="CustomCode">
<arguments>
<arg>${trip}</arg>
</arguments>
<assign>
<var>${dist}</var>
</assign>
<msg timestamp="20200421 19:56:27.736" level="INFO">${dist} = 516.0</msg>
<status status="PASS" starttime="20200421 19:56:27.736" endtime="20200421 19:56:27.736"></status>
</kw>
<kw name="Write Excel Cell" library="ExcelLibrary">
<doc>Writes value to the cell.</doc>
<arguments>
<arg>${row_id}</arg>
<arg>10</arg>
<arg>${dist}</arg>
<arg>Data</arg>
</arguments>
<status status="PASS" starttime="20200421 19:56:27.736" endtime="20200421 19:56:27.736"></status>
</kw>
<status status="PASS" starttime="20200421 19:56:25.285" endtime="20200421 19:56:27.736"></status>
</kw>
<kw name="${i} = 7" type="foritem">
<kw name="Evaluate" library="BuiltIn">
<doc>Evaluates the given expression in Python and returns the results.</doc>
<arguments>
<arg>${i} + 1</arg>
</arguments>
<assign>
<var>${current_id}</var>
</assign>
<msg timestamp="20200421 19:56:27.736" level="INFO">${current_id} = 8</msg>
<status status="PASS" starttime="20200421 19:56:27.736" endtime="20200421 19:56:27.736"></status>
</kw>
<kw name="Log To Console" library="BuiltIn">
<doc>Logs the given message to the console.</doc>
<arguments>
<arg>Distance: ${current_id}/${rows}</arg>
</arguments>
<status status="PASS" starttime="20200421 19:56:27.736" endtime="20200421 19:56:27.737"></status>
</kw>
<kw name="Press Keys" library="Selenium2Library">
<doc>Simulates the user pressing key(s) to an element or on the active browser.</doc>
<arguments>
<arg>sb_ifc50</arg>
<arg>@{TravelListStart}[${i}]</arg>
</arguments>
<msg timestamp="20200421 19:56:27.737" level="INFO">Sending key(s) ('Magneettikatu, 2, 2335 ESPOO',) to sb_ifc50 element.</msg>
<msg timestamp="20200421 19:56:28.079" level="INFO">Sending keys Magneettikatu, 2, 2335 ESPOO</msg>
<status status="PASS" starttime="20200421 19:56:27.737" endtime="20200421 19:56:28.151"></status>
</kw>
<kw name="Press Keys" library="Selenium2Library">
<doc>Simulates the user pressing key(s) to an element or on the active browser.</doc>
<arguments>
<arg>sb_ifc51</arg>
<arg>${TravelListEnd}[${i}]</arg>
</arguments>
<msg timestamp="20200421 19:56:28.151" level="INFO">Sending key(s) ('Esplanaadi, 69, 10904 HANKO',) to sb_ifc51 element.</msg>
<msg timestamp="20200421 19:56:28.438" level="INFO">Sending keys Esplanaadi, 69, 10904 HANKO</msg>
<status status="PASS" starttime="20200421 19:56:28.151" endtime="20200421 19:56:28.559"></status>
</kw>
<kw name="Press Keys" library="Selenium2Library">
<doc>Simulates the user pressing key(s) to an element or on the active browser.</doc>
<arguments>
<arg>sb_ifc51</arg>
<arg>RETURN</arg>
</arguments>
<msg timestamp="20200421 19:56:28.560" level="INFO">Sending key(s) ('RETURN',) to sb_ifc51 element.</msg>
<msg timestamp="20200421 19:56:28.836" level="INFO">Pressing special key RETURN to element.</msg>
<msg timestamp="20200421 19:56:28.836" level="INFO">Releasing special key RETURN.</msg>
<status status="PASS" starttime="20200421 19:56:28.559" endtime="20200421 19:56:28.856"></status>
</kw>
<kw name="Wait Until Element Is Enabled" library="Selenium2Library">
<doc>Waits until the element ``locator`` is enabled.</doc>
<arguments>
<arg>section-directions-trip-0</arg>
</arguments>
<status status="PASS" starttime="20200421 19:56:28.856" endtime="20200421 19:56:29.704"></status>
</kw>
<kw name="Click Element" library="Selenium2Library">
<doc>Click the element identified by ``locator``.</doc>
<arguments>
<arg>section-directions-trip-0</arg>
</arguments>
<msg timestamp="20200421 19:56:29.704" level="INFO">Clicking element 'section-directions-trip-0'.</msg>
<status status="PASS" starttime="20200421 19:56:29.704" endtime="20200421 19:56:29.753"></status>
</kw>
<kw name="Wait Until Element Is Enabled" library="Selenium2Library">
<doc>Waits until the element ``locator`` is enabled.</doc>
<arguments>
<arg>class=section-trip-summary-subtitle</arg>
</arguments>
<status status="PASS" starttime="20200421 19:56:29.753" endtime="20200421 19:56:29.978"></status>
</kw>
<kw name="Get Text" library="Selenium2Library">
<doc>Returns the text value of the element identified by ``locator``.</doc>
<arguments>
<arg>class=section-trip-summary-subtitle</arg>
</arguments>
<assign>
<var>${trip}</var>
</assign>
<msg timestamp="20200421 19:56:29.989" level="INFO">${trip} = (109 km)</msg>
<status status="PASS" starttime="20200421 19:56:29.978" endtime="20200421 19:56:29.989"></status>
</kw>
<kw name="Log To Console" library="BuiltIn">
<doc>Logs the given message to the console.</doc>
<arguments>
<arg>${trip}</arg>
</arguments>
<status status="PASS" starttime="20200421 19:56:29.989" endtime="20200421 19:56:29.989"></status>
</kw>
<kw name="Click Element" library="Selenium2Library">
<doc>Click the element identified by ``locator``.</doc>
<arguments>
<arg>class=section-trip-header-back</arg>
</arguments>
<msg timestamp="20200421 19:56:29.989" level="INFO">Clicking element 'class=section-trip-header-back'.</msg>
<status status="PASS" starttime="20200421 19:56:29.989" endtime="20200421 19:56:30.034"></status>
</kw>
<kw name="Write Excel Cell" library="ExcelLibrary">
<doc>Writes value to the cell.</doc>
<arguments>
<arg>1</arg>
<arg>1</arg>
<arg>Checked Travel Distances</arg>
<arg>Data</arg>
</arguments>
<status status="PASS" starttime="20200421 19:56:30.034" endtime="20200421 19:56:30.034"></status>
</kw>
<kw name="Evaluate" library="BuiltIn">
<doc>Evaluates the given expression in Python and returns the results.</doc>
<arguments>
<arg>${i} + ${START_ROW}</arg>
</arguments>
<assign>
<var>${row_id}</var>
</assign>
<msg timestamp="20200421 19:56:30.034" level="INFO">${row_id} = 14</msg>
<status status="PASS" starttime="20200421 19:56:30.034" endtime="20200421 19:56:30.034"></status>
</kw>
<kw name="String 2 Float" library="CustomCode">
<arguments>
<arg>${trip}</arg>
</arguments>
<assign>
<var>${dist}</var>
</assign>
<msg timestamp="20200421 19:56:30.035" level="INFO">${dist} = 109.0</msg>
<status status="PASS" starttime="20200421 19:56:30.034" endtime="20200421 19:56:30.035"></status>
</kw>
<kw name="Write Excel Cell" library="ExcelLibrary">
<doc>Writes value to the cell.</doc>
<arguments>
<arg>${row_id}</arg>
<arg>10</arg>
<arg>${dist}</arg>
<arg>Data</arg>
</arguments>
<status status="PASS" starttime="20200421 19:56:30.035" endtime="20200421 19:56:30.035"></status>
</kw>
<status status="PASS" starttime="20200421 19:56:27.736" endtime="20200421 19:56:30.035"></status>
</kw>
<kw name="${i} = 8" type="foritem">
<kw name="Evaluate" library="BuiltIn">
<doc>Evaluates the given expression in Python and returns the results.</doc>
<arguments>
<arg>${i} + 1</arg>
</arguments>
<assign>
<var>${current_id}</var>
</assign>
<msg timestamp="20200421 19:56:30.035" level="INFO">${current_id} = 9</msg>
<status status="PASS" starttime="20200421 19:56:30.035" endtime="20200421 19:56:30.035"></status>
</kw>
<kw name="Log To Console" library="BuiltIn">
<doc>Logs the given message to the console.</doc>
<arguments>
<arg>Distance: ${current_id}/${rows}</arg>
</arguments>
<status status="PASS" starttime="20200421 19:56:30.035" endtime="20200421 19:56:30.035"></status>
</kw>
<kw name="Press Keys" library="Selenium2Library">
<doc>Simulates the user pressing key(s) to an element or on the active browser.</doc>
<arguments>
<arg>sb_ifc50</arg>
<arg>@{TravelListStart}[${i}]</arg>
</arguments>
<msg timestamp="20200421 19:56:30.036" level="INFO">Sending key(s) ('Yhteiskouluntie, 17, 4404 JÄRVENPÄÄ',) to sb_ifc50 element.</msg>
<msg timestamp="20200421 19:56:30.323" level="INFO">Sending keys Yhteiskouluntie, 17, 4404 JÄRVENPÄÄ</msg>
<status status="PASS" starttime="20200421 19:56:30.035" endtime="20200421 19:56:30.447"></status>
</kw>
<kw name="Press Keys" library="Selenium2Library">
<doc>Simulates the user pressing key(s) to an element or on the active browser.</doc>
<arguments>
<arg>sb_ifc51</arg>
<arg>${TravelListEnd}[${i}]</arg>
</arguments>
<msg timestamp="20200421 19:56:30.447" level="INFO">Sending key(s) ('Sallantie, 2640, 98714 KEMIJÄRVI',) to sb_ifc51 element.</msg>
<msg timestamp="20200421 19:56:30.719" level="INFO">Sending keys Sallantie, 2640, 98714 KEMIJÄRVI</msg>
<status status="PASS" starttime="20200421 19:56:30.447" endtime="20200421 19:56:30.834"></status>
</kw>
<kw name="Press Keys" library="Selenium2Library">
<doc>Simulates the user pressing key(s) to an element or on the active browser.</doc>
<arguments>
<arg>sb_ifc51</arg>
<arg>RETURN</arg>
</arguments>
<msg timestamp="20200421 19:56:30.835" level="INFO">Sending key(s) ('RETURN',) to sb_ifc51 element.</msg>
<msg timestamp="20200421 19:56:31.116" level="INFO">Pressing special key RETURN to element.</msg>
<msg timestamp="20200421 19:56:31.116" level="INFO">Releasing special key RETURN.</msg>
<status status="PASS" starttime="20200421 19:56:30.834" endtime="20200421 19:56:31.122"></status>
</kw>
<kw name="Wait Until Element Is Enabled" library="Selenium2Library">
<doc>Waits until the element ``locator`` is enabled.</doc>
<arguments>
<arg>section-directions-trip-0</arg>
</arguments>
<status status="PASS" starttime="20200421 19:56:31.122" endtime="20200421 19:56:32.615"></status>
</kw>
<kw name="Click Element" library="Selenium2Library">
<doc>Click the element identified by ``locator``.</doc>
<arguments>
<arg>section-directions-trip-0</arg>
</arguments>
<msg timestamp="20200421 19:56:32.615" level="INFO">Clicking element 'section-directions-trip-0'.</msg>
<status status="PASS" starttime="20200421 19:56:32.615" endtime="20200421 19:56:32.653"></status>
</kw>
<kw name="Wait Until Element Is Enabled" library="Selenium2Library">
<doc>Waits until the element ``locator`` is enabled.</doc>
<arguments>
<arg>class=section-trip-summary-subtitle</arg>
</arguments>
<status status="PASS" starttime="20200421 19:56:32.654" endtime="20200421 19:56:32.898"></status>
</kw>
<kw name="Get Text" library="Selenium2Library">
<doc>Returns the text value of the element identified by ``locator``.</doc>
<arguments>
<arg>class=section-trip-summary-subtitle</arg>
</arguments>
<assign>
<var>${trip}</var>
</assign>
<msg timestamp="20200421 19:56:32.908" level="INFO">${trip} = (858 km)</msg>
<status status="PASS" starttime="20200421 19:56:32.898" endtime="20200421 19:56:32.908"></status>
</kw>
<kw name="Log To Console" library="BuiltIn">
<doc>Logs the given message to the console.</doc>
<arguments>
<arg>${trip}</arg>
</arguments>
<status status="PASS" starttime="20200421 19:56:32.908" endtime="20200421 19:56:32.908"></status>
</kw>
<kw name="Click Element" library="Selenium2Library">
<doc>Click the element identified by ``locator``.</doc>
<arguments>
<arg>class=section-trip-header-back</arg>
</arguments>
<msg timestamp="20200421 19:56:32.908" level="INFO">Clicking element 'class=section-trip-header-back'.</msg>
<status status="PASS" starttime="20200421 19:56:32.908" endtime="20200421 19:56:32.955"></status>
</kw>
<kw name="Write Excel Cell" library="ExcelLibrary">
<doc>Writes value to the cell.</doc>
<arguments>
<arg>1</arg>
<arg>1</arg>
<arg>Checked Travel Distances</arg>
<arg>Data</arg>
</arguments>
<status status="PASS" starttime="20200421 19:56:32.955" endtime="20200421 19:56:32.955"></status>
</kw>
<kw name="Evaluate" library="BuiltIn">
<doc>Evaluates the given expression in Python and returns the results.</doc>
<arguments>
<arg>${i} + ${START_ROW}</arg>
</arguments>
<assign>
<var>${row_id}</var>
</assign>
<msg timestamp="20200421 19:56:32.955" level="INFO">${row_id} = 15</msg>
<status status="PASS" starttime="20200421 19:56:32.955" endtime="20200421 19:56:32.955"></status>
</kw>
<kw name="String 2 Float" library="CustomCode">
<arguments>
<arg>${trip}</arg>
</arguments>
<assign>
<var>${dist}</var>
</assign>
<msg timestamp="20200421 19:56:32.955" level="INFO">${dist} = 858.0</msg>
<status status="PASS" starttime="20200421 19:56:32.955" endtime="20200421 19:56:32.955"></status>
</kw>
<kw name="Write Excel Cell" library="ExcelLibrary">
<doc>Writes value to the cell.</doc>
<arguments>
<arg>${row_id}</arg>
<arg>10</arg>
<arg>${dist}</arg>
<arg>Data</arg>
</arguments>
<status status="PASS" starttime="20200421 19:56:32.956" endtime="20200421 19:56:32.956"></status>
</kw>
<status status="PASS" starttime="20200421 19:56:30.035" endtime="20200421 19:56:32.956"></status>
</kw>
<kw name="${i} = 9" type="foritem">
<kw name="Evaluate" library="BuiltIn">
<doc>Evaluates the given expression in Python and returns the results.</doc>
<arguments>
<arg>${i} + 1</arg>
</arguments>
<assign>
<var>${current_id}</var>
</assign>
<msg timestamp="20200421 19:56:32.956" level="INFO">${current_id} = 10</msg>
<status status="PASS" starttime="20200421 19:56:32.956" endtime="20200421 19:56:32.956"></status>
</kw>
<kw name="Log To Console" library="BuiltIn">
<doc>Logs the given message to the console.</doc>
<arguments>
<arg>Distance: ${current_id}/${rows}</arg>
</arguments>
<status status="PASS" starttime="20200421 19:56:32.956" endtime="20200421 19:56:32.956"></status>
</kw>
<kw name="Press Keys" library="Selenium2Library">
<doc>Simulates the user pressing key(s) to an element or on the active browser.</doc>
<arguments>
<arg>sb_ifc50</arg>
<arg>@{TravelListStart}[${i}]</arg>
</arguments>
<msg timestamp="20200421 19:56:32.957" level="INFO">Sending key(s) ('Ahlströminkatu, 21, 78254 VARKAUS',) to sb_ifc50 element.</msg>
<msg timestamp="20200421 19:56:33.251" level="INFO">Sending keys Ahlströminkatu, 21, 78254 VARKAUS</msg>
<status status="PASS" starttime="20200421 19:56:32.956" endtime="20200421 19:56:33.339"></status>
</kw>
<kw name="Press Keys" library="Selenium2Library">
<doc>Simulates the user pressing key(s) to an element or on the active browser.</doc>
<arguments>
<arg>sb_ifc51</arg>
<arg>${TravelListEnd}[${i}]</arg>
</arguments>
<msg timestamp="20200421 19:56:33.339" level="INFO">Sending key(s) ('Kilpivirrantie, 1, 74124 IISALMI',) to sb_ifc51 element.</msg>
<msg timestamp="20200421 19:56:33.621" level="INFO">Sending keys Kilpivirrantie, 1, 74124 IISALMI</msg>
<status status="PASS" starttime="20200421 19:56:33.339" endtime="20200421 19:56:33.807"></status>
</kw>
<kw name="Press Keys" library="Selenium2Library">
<doc>Simulates the user pressing key(s) to an element or on the active browser.</doc>
<arguments>
<arg>sb_ifc51</arg>
<arg>RETURN</arg>
</arguments>
<msg timestamp="20200421 19:56:33.808" level="INFO">Sending key(s) ('RETURN',) to sb_ifc51 element.</msg>
<msg timestamp="20200421 19:56:34.157" level="INFO">Pressing special key RETURN to element.</msg>
<msg timestamp="20200421 19:56:34.157" level="INFO">Releasing special key RETURN.</msg>
<status status="PASS" starttime="20200421 19:56:33.807" endtime="20200421 19:56:34.168"></status>
</kw>
<kw name="Wait Until Element Is Enabled" library="Selenium2Library">
<doc>Waits until the element ``locator`` is enabled.</doc>
<arguments>
<arg>section-directions-trip-0</arg>
</arguments>
<status status="PASS" starttime="20200421 19:56:34.168" endtime="20200421 19:56:34.942"></status>
</kw>
<kw name="Click Element" library="Selenium2Library">
<doc>Click the element identified by ``locator``.</doc>
<arguments>
<arg>section-directions-trip-0</arg>
</arguments>
<msg timestamp="20200421 19:56:34.942" level="INFO">Clicking element 'section-directions-trip-0'.</msg>
<status status="PASS" starttime="20200421 19:56:34.942" endtime="20200421 19:56:35.161"></status>
</kw>
<kw name="Wait Until Element Is Enabled" library="Selenium2Library">
<doc>Waits until the element ``locator`` is enabled.</doc>
<arguments>
<arg>class=section-trip-summary-subtitle</arg>
</arguments>
<status status="PASS" starttime="20200421 19:56:35.161" endtime="20200421 19:56:35.422"></status>
</kw>
<kw name="Get Text" library="Selenium2Library">
<doc>Returns the text value of the element identified by ``locator``.</doc>
<arguments>
<arg>class=section-trip-summary-subtitle</arg>
</arguments>
<assign>
<var>${trip}</var>
</assign>
<msg timestamp="20200421 19:56:35.434" level="INFO">${trip} = (164 km)</msg>
<status status="PASS" starttime="20200421 19:56:35.422" endtime="20200421 19:56:35.434"></status>
</kw>
<kw name="Log To Console" library="BuiltIn">
<doc>Logs the given message to the console.</doc>
<arguments>
<arg>${trip}</arg>
</arguments>
<status status="PASS" starttime="20200421 19:56:35.434" endtime="20200421 19:56:35.434"></status>
</kw>
<kw name="Click Element" library="Selenium2Library">
<doc>Click the element identified by ``locator``.</doc>
<arguments>
<arg>class=section-trip-header-back</arg>
</arguments>
<msg timestamp="20200421 19:56:35.435" level="INFO">Clicking element 'class=section-trip-header-back'.</msg>
<status status="PASS" starttime="20200421 19:56:35.434" endtime="20200421 19:56:35.485"></status>
</kw>
<kw name="Write Excel Cell" library="ExcelLibrary">
<doc>Writes value to the cell.</doc>
<arguments>
<arg>1</arg>
<arg>1</arg>
<arg>Checked Travel Distances</arg>
<arg>Data</arg>
</arguments>
<status status="PASS" starttime="20200421 19:56:35.485" endtime="20200421 19:56:35.486"></status>
</kw>
<kw name="Evaluate" library="BuiltIn">
<doc>Evaluates the given expression in Python and returns the results.</doc>
<arguments>
<arg>${i} + ${START_ROW}</arg>
</arguments>
<assign>
<var>${row_id}</var>
</assign>
<msg timestamp="20200421 19:56:35.486" level="INFO">${row_id} = 16</msg>
<status status="PASS" starttime="20200421 19:56:35.486" endtime="20200421 19:56:35.486"></status>
</kw>
<kw name="String 2 Float" library="CustomCode">
<arguments>
<arg>${trip}</arg>
</arguments>
<assign>
<var>${dist}</var>
</assign>
<msg timestamp="20200421 19:56:35.486" level="INFO">${dist} = 164.0</msg>
<status status="PASS" starttime="20200421 19:56:35.486" endtime="20200421 19:56:35.486"></status>
</kw>
<kw name="Write Excel Cell" library="ExcelLibrary">
<doc>Writes value to the cell.</doc>
<arguments>
<arg>${row_id}</arg>
<arg>10</arg>
<arg>${dist}</arg>
<arg>Data</arg>
</arguments>
<status status="PASS" starttime="20200421 19:56:35.486" endtime="20200421 19:56:35.486"></status>
</kw>
<status status="PASS" starttime="20200421 19:56:32.956" endtime="20200421 19:56:35.486"></status>
</kw>
<status status="PASS" starttime="20200421 19:56:09.933" endtime="20200421 19:56:35.486"></status>
</kw>
<kw name="Save Excel Document" library="ExcelLibrary">
<doc>Saves the current document to disk.</doc>
<arguments>
<arg>filename=${output_path}</arg>
</arguments>
<status status="PASS" starttime="20200421 19:56:35.486" endtime="20200421 19:56:35.654"></status>
</kw>
<kw name="Close Current Excel Document" library="ExcelLibrary">
<doc>Closes current document.</doc>
<status status="PASS" starttime="20200421 19:56:35.654" endtime="20200421 19:56:35.654"></status>
</kw>
<status status="PASS" starttime="20200421 19:56:06.829" endtime="20200421 19:56:35.654"></status>
</kw>
<kw name="Close Browser" library="Selenium2Library" type="teardown">
<doc>Closes the current browser.</doc>
<status status="PASS" starttime="20200421 19:56:35.654" endtime="20200421 19:56:35.782"></status>
</kw>
<status status="PASS" starttime="20200421 19:56:06.828" endtime="20200421 19:56:35.782" critical="yes"></status>
</test>
<doc>Travel Distance Checker v. 0.1

Check distances from Google maps with Robot Framework and Selenium
</doc>
<status status="PASS" starttime="20200421 19:56:05.788" endtime="20200421 19:56:35.783"></status>
</suite>
<statistics>
<total>
<stat pass="1" fail="0">Critical Tasks</stat>
<stat pass="1" fail="0">All Tasks</stat>
</total>
<tag>
</tag>
<suite>
<stat pass="1" fail="0" id="s1" name="Travel">Travel</stat>
</suite>
</statistics>
<errors>
</errors>
</robot>
