<?xml version="1.0" encoding="UTF-8"?>
<robot generator="Robot 3.1.2 (Python 3.8.2 on darwin)" generated="20200503 16:33:02.661" rpa="true">
<suite id="s1" name="Main" source="/Users/petri/Dropbox/github/rpa_travel_distance_checker/tasks/main.robot">
<kw name="Initialize System" library="keywords" type="setup">
<kw name="Open Excel Document" library="ExcelLibrary">
<doc>Opens xlsx document file.</doc>
<arguments>
<arg>filename=${WORK_FOLDER_PATH}${EXCEL_PATH}</arg>
<arg>doc_id=doc1</arg>
</arguments>
<status status="PASS" starttime="20200503 16:33:03.004" endtime="20200503 16:33:03.128"></status>
</kw>
<kw name="Read Excel Cell" library="ExcelLibrary">
<doc>Returns content of a cell.</doc>
<arguments>
<arg>row_num=2</arg>
<arg>col_num=2</arg>
</arguments>
<assign>
<var>${ROWS}</var>
</assign>
<msg timestamp="20200503 16:33:03.129" level="INFO">${ROWS} = 10</msg>
<status status="PASS" starttime="20200503 16:33:03.128" endtime="20200503 16:33:03.129"></status>
</kw>
<kw name="Set Suite Variable" library="BuiltIn">
<doc>Makes a variable available everywhere within the scope of the current suite.</doc>
<arguments>
<arg>${ROWS}</arg>
</arguments>
<msg timestamp="20200503 16:33:03.129" level="INFO">${ROWS} = 10</msg>
<status status="PASS" starttime="20200503 16:33:03.129" endtime="20200503 16:33:03.129"></status>
</kw>
<kw name="Log To Console" library="BuiltIn">
<doc>Logs the given message to the console.</doc>
<arguments>
<arg>\nNumber of Distances: ${ROWS}\n</arg>
</arguments>
<status status="PASS" starttime="20200503 16:33:03.129" endtime="20200503 16:33:03.129"></status>
</kw>
<status status="PASS" starttime="20200503 16:33:03.004" endtime="20200503 16:33:03.129"></status>
</kw>
<test id="s1-t1" name="Get distances from Excel file">
<kw name="Get Distances From Excel" library="keywords">
<kw name="Create List" library="BuiltIn">
<doc>Returns a list containing given items.</doc>
<assign>
<var>@{TRAVEL_LIST_START}</var>
</assign>
<msg timestamp="20200503 16:33:03.130" level="INFO">@{TRAVEL_LIST_START} = [ ]</msg>
<status status="PASS" starttime="20200503 16:33:03.130" endtime="20200503 16:33:03.130"></status>
</kw>
<kw name="Create List" library="BuiltIn">
<doc>Returns a list containing given items.</doc>
<assign>
<var>@{TRAVEL_LIST_END}</var>
</assign>
<msg timestamp="20200503 16:33:03.130" level="INFO">@{TRAVEL_LIST_END} = [ ]</msg>
<status status="PASS" starttime="20200503 16:33:03.130" endtime="20200503 16:33:03.130"></status>
</kw>
<kw name="Set Suite Variable" library="BuiltIn">
<doc>Makes a variable available everywhere within the scope of the current suite.</doc>
<arguments>
<arg>${TRAVEL_LIST_START}</arg>
</arguments>
<msg timestamp="20200503 16:33:03.130" level="INFO">${TRAVEL_LIST_START} = []</msg>
<status status="PASS" starttime="20200503 16:33:03.130" endtime="20200503 16:33:03.130"></status>
</kw>
<kw name="Set Suite Variable" library="BuiltIn">
<doc>Makes a variable available everywhere within the scope of the current suite.</doc>
<arguments>
<arg>${TRAVEL_LIST_END}</arg>
</arguments>
<msg timestamp="20200503 16:33:03.131" level="INFO">${TRAVEL_LIST_END} = []</msg>
<status status="PASS" starttime="20200503 16:33:03.131" endtime="20200503 16:33:03.131"></status>
</kw>
<kw name="${i} IN RANGE [ ${ROWS} ]" type="for">
<kw name="${i} = 0" type="foritem">
<kw name="Evaluate" library="BuiltIn">
<doc>Evaluates the given expression in Python and returns the results.</doc>
<arguments>
<arg>${i} + ${START_ROW}</arg>
</arguments>
<assign>
<var>${row_id}</var>
</assign>
<msg timestamp="20200503 16:33:03.131" level="INFO">${row_id} = 7</msg>
<status status="PASS" starttime="20200503 16:33:03.131" endtime="20200503 16:33:03.131"></status>
</kw>
<kw name="Read Excel Cell" library="ExcelLibrary">
<doc>Returns content of a cell.</doc>
<arguments>
<arg>row_num=${row_id}</arg>
<arg>col_num=1</arg>
</arguments>
<assign>
<var>${start_street}</var>
</assign>
<msg timestamp="20200503 16:33:03.131" level="INFO">${start_street} = Kauppatie</msg>
<status status="PASS" starttime="20200503 16:33:03.131" endtime="20200503 16:33:03.131"></status>
</kw>
<kw name="Read Excel Cell" library="ExcelLibrary">
<doc>Returns content of a cell.</doc>
<arguments>
<arg>row_num=${row_id}</arg>
<arg>col_num=2</arg>
</arguments>
<assign>
<var>${start_number}</var>
</assign>
<msg timestamp="20200503 16:33:03.132" level="INFO">${start_number} = 1</msg>
<status status="PASS" starttime="20200503 16:33:03.131" endtime="20200503 16:33:03.132"></status>
</kw>
<kw name="Read Excel Cell" library="ExcelLibrary">
<doc>Returns content of a cell.</doc>
<arguments>
<arg>row_num=${row_id}</arg>
<arg>col_num=3</arg>
</arguments>
<assign>
<var>${start_city}</var>
</assign>
<msg timestamp="20200503 16:33:03.132" level="INFO">${start_city} = JOENSUU</msg>
<status status="PASS" starttime="20200503 16:33:03.132" endtime="20200503 16:33:03.132"></status>
</kw>
<kw name="Read Excel Cell" library="ExcelLibrary">
<doc>Returns content of a cell.</doc>
<arguments>
<arg>row_num=${row_id}</arg>
<arg>col_num=4</arg>
</arguments>
<assign>
<var>${start_postalcode}</var>
</assign>
<msg timestamp="20200503 16:33:03.132" level="INFO">${start_postalcode} = 81200</msg>
<status status="PASS" starttime="20200503 16:33:03.132" endtime="20200503 16:33:03.132"></status>
</kw>
<kw name="Append To List" library="Collections">
<doc>Adds ``values`` to the end of ``list``.</doc>
<arguments>
<arg>${TRAVEL_LIST_START}</arg>
<arg>${start_street}, ${start_number}, ${start_postalcode} ${start_city}</arg>
</arguments>
<status status="PASS" starttime="20200503 16:33:03.132" endtime="20200503 16:33:03.132"></status>
</kw>
<kw name="Evaluate" library="BuiltIn">
<doc>Evaluates the given expression in Python and returns the results.</doc>
<arguments>
<arg>${i} + ${START_ROW}</arg>
</arguments>
<assign>
<var>${row_id}</var>
</assign>
<msg timestamp="20200503 16:33:03.133" level="INFO">${row_id} = 7</msg>
<status status="PASS" starttime="20200503 16:33:03.132" endtime="20200503 16:33:03.133"></status>
</kw>
<kw name="Read Excel Cell" library="ExcelLibrary">
<doc>Returns content of a cell.</doc>
<arguments>
<arg>row_num=${row_id}</arg>
<arg>col_num=5</arg>
</arguments>
<assign>
<var>${end_street}</var>
</assign>
<msg timestamp="20200503 16:33:03.133" level="INFO">${end_street} = Vapaudenkatu</msg>
<status status="PASS" starttime="20200503 16:33:03.133" endtime="20200503 16:33:03.133"></status>
</kw>
<kw name="Read Excel Cell" library="ExcelLibrary">
<doc>Returns content of a cell.</doc>
<arguments>
<arg>row_num=${row_id}</arg>
<arg>col_num=6</arg>
</arguments>
<assign>
<var>${end_number}</var>
</assign>
<msg timestamp="20200503 16:33:03.133" level="INFO">${end_number} = 10</msg>
<status status="PASS" starttime="20200503 16:33:03.133" endtime="20200503 16:33:03.133"></status>
</kw>
<kw name="Read Excel Cell" library="ExcelLibrary">
<doc>Returns content of a cell.</doc>
<arguments>
<arg>row_num=${row_id}</arg>
<arg>col_num=7</arg>
</arguments>
<assign>
<var>${end_city}</var>
</assign>
<msg timestamp="20200503 16:33:03.133" level="INFO">${end_city} = LAHTI</msg>
<status status="PASS" starttime="20200503 16:33:03.133" endtime="20200503 16:33:03.133"></status>
</kw>
<kw name="Read Excel Cell" library="ExcelLibrary">
<doc>Returns content of a cell.</doc>
<arguments>
<arg>row_num=${row_id}</arg>
<arg>col_num=8</arg>
</arguments>
<assign>
<var>${end_postalcode}</var>
</assign>
<msg timestamp="20200503 16:33:03.134" level="INFO">${end_postalcode} = 15114</msg>
<status status="PASS" starttime="20200503 16:33:03.133" endtime="20200503 16:33:03.134"></status>
</kw>
<kw name="Append To List" library="Collections">
<doc>Adds ``values`` to the end of ``list``.</doc>
<arguments>
<arg>${TravelListEnd}</arg>
<arg>${end_street}, ${end_number}, ${end_postalcode} ${end_city}</arg>
</arguments>
<status status="PASS" starttime="20200503 16:33:03.134" endtime="20200503 16:33:03.134"></status>
</kw>
<status status="PASS" starttime="20200503 16:33:03.131" endtime="20200503 16:33:03.134"></status>
</kw>
<kw name="${i} = 1" type="foritem">
<kw name="Evaluate" library="BuiltIn">
<doc>Evaluates the given expression in Python and returns the results.</doc>
<arguments>
<arg>${i} + ${START_ROW}</arg>
</arguments>
<assign>
<var>${row_id}</var>
</assign>
<msg timestamp="20200503 16:33:03.134" level="INFO">${row_id} = 8</msg>
<status status="PASS" starttime="20200503 16:33:03.134" endtime="20200503 16:33:03.134"></status>
</kw>
<kw name="Read Excel Cell" library="ExcelLibrary">
<doc>Returns content of a cell.</doc>
<arguments>
<arg>row_num=${row_id}</arg>
<arg>col_num=1</arg>
</arguments>
<assign>
<var>${start_street}</var>
</assign>
<msg timestamp="20200503 16:33:03.135" level="INFO">${start_street} = Saarijärventie</msg>
<status status="PASS" starttime="20200503 16:33:03.134" endtime="20200503 16:33:03.135"></status>
</kw>
<kw name="Read Excel Cell" library="ExcelLibrary">
<doc>Returns content of a cell.</doc>
<arguments>
<arg>row_num=${row_id}</arg>
<arg>col_num=2</arg>
</arguments>
<assign>
<var>${start_number}</var>
</assign>
<msg timestamp="20200503 16:33:03.135" level="INFO">${start_number} = 50</msg>
<status status="PASS" starttime="20200503 16:33:03.135" endtime="20200503 16:33:03.135"></status>
</kw>
<kw name="Read Excel Cell" library="ExcelLibrary">
<doc>Returns content of a cell.</doc>
<arguments>
<arg>row_num=${row_id}</arg>
<arg>col_num=3</arg>
</arguments>
<assign>
<var>${start_city}</var>
</assign>
<msg timestamp="20200503 16:33:03.135" level="INFO">${start_city} = PALOKKA</msg>
<status status="PASS" starttime="20200503 16:33:03.135" endtime="20200503 16:33:03.135"></status>
</kw>
<kw name="Read Excel Cell" library="ExcelLibrary">
<doc>Returns content of a cell.</doc>
<arguments>
<arg>row_num=${row_id}</arg>
<arg>col_num=4</arg>
</arguments>
<assign>
<var>${start_postalcode}</var>
</assign>
<msg timestamp="20200503 16:33:03.135" level="INFO">${start_postalcode} = 40270</msg>
<status status="PASS" starttime="20200503 16:33:03.135" endtime="20200503 16:33:03.135"></status>
</kw>
<kw name="Append To List" library="Collections">
<doc>Adds ``values`` to the end of ``list``.</doc>
<arguments>
<arg>${TRAVEL_LIST_START}</arg>
<arg>${start_street}, ${start_number}, ${start_postalcode} ${start_city}</arg>
</arguments>
<status status="PASS" starttime="20200503 16:33:03.135" endtime="20200503 16:33:03.135"></status>
</kw>
<kw name="Evaluate" library="BuiltIn">
<doc>Evaluates the given expression in Python and returns the results.</doc>
<arguments>
<arg>${i} + ${START_ROW}</arg>
</arguments>
<assign>
<var>${row_id}</var>
</assign>
<msg timestamp="20200503 16:33:03.136" level="INFO">${row_id} = 8</msg>
<status status="PASS" starttime="20200503 16:33:03.136" endtime="20200503 16:33:03.136"></status>
</kw>
<kw name="Read Excel Cell" library="ExcelLibrary">
<doc>Returns content of a cell.</doc>
<arguments>
<arg>row_num=${row_id}</arg>
<arg>col_num=5</arg>
</arguments>
<assign>
<var>${end_street}</var>
</assign>
<msg timestamp="20200503 16:33:03.136" level="INFO">${end_street} = Sodankyläntie</msg>
<status status="PASS" starttime="20200503 16:33:03.136" endtime="20200503 16:33:03.136"></status>
</kw>
<kw name="Read Excel Cell" library="ExcelLibrary">
<doc>Returns content of a cell.</doc>
<arguments>
<arg>row_num=${row_id}</arg>
<arg>col_num=6</arg>
</arguments>
<assign>
<var>${end_number}</var>
</assign>
<msg timestamp="20200503 16:33:03.136" level="INFO">${end_number} = 9</msg>
<status status="PASS" starttime="20200503 16:33:03.136" endtime="20200503 16:33:03.136"></status>
</kw>
<kw name="Read Excel Cell" library="ExcelLibrary">
<doc>Returns content of a cell.</doc>
<arguments>
<arg>row_num=${row_id}</arg>
<arg>col_num=7</arg>
</arguments>
<assign>
<var>${end_city}</var>
</assign>
<msg timestamp="20200503 16:33:03.136" level="INFO">${end_city} = PELKOSENNIEMI</msg>
<status status="PASS" starttime="20200503 16:33:03.136" endtime="20200503 16:33:03.136"></status>
</kw>
<kw name="Read Excel Cell" library="ExcelLibrary">
<doc>Returns content of a cell.</doc>
<arguments>
<arg>row_num=${row_id}</arg>
<arg>col_num=8</arg>
</arguments>
<assign>
<var>${end_postalcode}</var>
</assign>
<msg timestamp="20200503 16:33:03.137" level="INFO">${end_postalcode} = 98500</msg>
<status status="PASS" starttime="20200503 16:33:03.137" endtime="20200503 16:33:03.137"></status>
</kw>
<kw name="Append To List" library="Collections">
<doc>Adds ``values`` to the end of ``list``.</doc>
<arguments>
<arg>${TravelListEnd}</arg>
<arg>${end_street}, ${end_number}, ${end_postalcode} ${end_city}</arg>
</arguments>
<status status="PASS" starttime="20200503 16:33:03.137" endtime="20200503 16:33:03.137"></status>
</kw>
<status status="PASS" starttime="20200503 16:33:03.134" endtime="20200503 16:33:03.137"></status>
</kw>
<kw name="${i} = 2" type="foritem">
<kw name="Evaluate" library="BuiltIn">
<doc>Evaluates the given expression in Python and returns the results.</doc>
<arguments>
<arg>${i} + ${START_ROW}</arg>
</arguments>
<assign>
<var>${row_id}</var>
</assign>
<msg timestamp="20200503 16:33:03.137" level="INFO">${row_id} = 9</msg>
<status status="PASS" starttime="20200503 16:33:03.137" endtime="20200503 16:33:03.137"></status>
</kw>
<kw name="Read Excel Cell" library="ExcelLibrary">
<doc>Returns content of a cell.</doc>
<arguments>
<arg>row_num=${row_id}</arg>
<arg>col_num=1</arg>
</arguments>
<assign>
<var>${start_street}</var>
</assign>
<msg timestamp="20200503 16:33:03.138" level="INFO">${start_street} = Pitkäpellonkatu</msg>
<status status="PASS" starttime="20200503 16:33:03.137" endtime="20200503 16:33:03.138"></status>
</kw>
<kw name="Read Excel Cell" library="ExcelLibrary">
<doc>Returns content of a cell.</doc>
<arguments>
<arg>row_num=${row_id}</arg>
<arg>col_num=2</arg>
</arguments>
<assign>
<var>${start_number}</var>
</assign>
<msg timestamp="20200503 16:33:03.138" level="INFO">${start_number} = 2</msg>
<status status="PASS" starttime="20200503 16:33:03.138" endtime="20200503 16:33:03.138"></status>
</kw>
<kw name="Read Excel Cell" library="ExcelLibrary">
<doc>Returns content of a cell.</doc>
<arguments>
<arg>row_num=${row_id}</arg>
<arg>col_num=3</arg>
</arguments>
<assign>
<var>${start_city}</var>
</assign>
<msg timestamp="20200503 16:33:03.138" level="INFO">${start_city} = TURKU</msg>
<status status="PASS" starttime="20200503 16:33:03.138" endtime="20200503 16:33:03.138"></status>
</kw>
<kw name="Read Excel Cell" library="ExcelLibrary">
<doc>Returns content of a cell.</doc>
<arguments>
<arg>row_num=${row_id}</arg>
<arg>col_num=4</arg>
</arguments>
<assign>
<var>${start_postalcode}</var>
</assign>
<msg timestamp="20200503 16:33:03.138" level="INFO">${start_postalcode} = 20904</msg>
<status status="PASS" starttime="20200503 16:33:03.138" endtime="20200503 16:33:03.138"></status>
</kw>
<kw name="Append To List" library="Collections">
<doc>Adds ``values`` to the end of ``list``.</doc>
<arguments>
<arg>${TRAVEL_LIST_START}</arg>
<arg>${start_street}, ${start_number}, ${start_postalcode} ${start_city}</arg>
</arguments>
<status status="PASS" starttime="20200503 16:33:03.138" endtime="20200503 16:33:03.139"></status>
</kw>
<kw name="Evaluate" library="BuiltIn">
<doc>Evaluates the given expression in Python and returns the results.</doc>
<arguments>
<arg>${i} + ${START_ROW}</arg>
</arguments>
<assign>
<var>${row_id}</var>
</assign>
<msg timestamp="20200503 16:33:03.139" level="INFO">${row_id} = 9</msg>
<status status="PASS" starttime="20200503 16:33:03.139" endtime="20200503 16:33:03.139"></status>
</kw>
<kw name="Read Excel Cell" library="ExcelLibrary">
<doc>Returns content of a cell.</doc>
<arguments>
<arg>row_num=${row_id}</arg>
<arg>col_num=5</arg>
</arguments>
<assign>
<var>${end_street}</var>
</assign>
<msg timestamp="20200503 16:33:03.139" level="INFO">${end_street} = Sipulikatu</msg>
<status status="PASS" starttime="20200503 16:33:03.139" endtime="20200503 16:33:03.139"></status>
</kw>
<kw name="Read Excel Cell" library="ExcelLibrary">
<doc>Returns content of a cell.</doc>
<arguments>
<arg>row_num=${row_id}</arg>
<arg>col_num=6</arg>
</arguments>
<assign>
<var>${end_number}</var>
</assign>
<msg timestamp="20200503 16:33:03.139" level="INFO">${end_number} = 2</msg>
<status status="PASS" starttime="20200503 16:33:03.139" endtime="20200503 16:33:03.139"></status>
</kw>
<kw name="Read Excel Cell" library="ExcelLibrary">
<doc>Returns content of a cell.</doc>
<arguments>
<arg>row_num=${row_id}</arg>
<arg>col_num=7</arg>
</arguments>
<assign>
<var>${end_city}</var>
</assign>
<msg timestamp="20200503 16:33:03.140" level="INFO">${end_city} = KUOPIO</msg>
<status status="PASS" starttime="20200503 16:33:03.139" endtime="20200503 16:33:03.140"></status>
</kw>
<kw name="Read Excel Cell" library="ExcelLibrary">
<doc>Returns content of a cell.</doc>
<arguments>
<arg>row_num=${row_id}</arg>
<arg>col_num=8</arg>
</arguments>
<assign>
<var>${end_postalcode}</var>
</assign>
<msg timestamp="20200503 16:33:03.140" level="INFO">${end_postalcode} = 70824</msg>
<status status="PASS" starttime="20200503 16:33:03.140" endtime="20200503 16:33:03.140"></status>
</kw>
<kw name="Append To List" library="Collections">
<doc>Adds ``values`` to the end of ``list``.</doc>
<arguments>
<arg>${TravelListEnd}</arg>
<arg>${end_street}, ${end_number}, ${end_postalcode} ${end_city}</arg>
</arguments>
<status status="PASS" starttime="20200503 16:33:03.140" endtime="20200503 16:33:03.140"></status>
</kw>
<status status="PASS" starttime="20200503 16:33:03.137" endtime="20200503 16:33:03.140"></status>
</kw>
<kw name="${i} = 3" type="foritem">
<kw name="Evaluate" library="BuiltIn">
<doc>Evaluates the given expression in Python and returns the results.</doc>
<arguments>
<arg>${i} + ${START_ROW}</arg>
</arguments>
<assign>
<var>${row_id}</var>
</assign>
<msg timestamp="20200503 16:33:03.140" level="INFO">${row_id} = 10</msg>
<status status="PASS" starttime="20200503 16:33:03.140" endtime="20200503 16:33:03.140"></status>
</kw>
<kw name="Read Excel Cell" library="ExcelLibrary">
<doc>Returns content of a cell.</doc>
<arguments>
<arg>row_num=${row_id}</arg>
<arg>col_num=1</arg>
</arguments>
<assign>
<var>${start_street}</var>
</assign>
<msg timestamp="20200503 16:33:03.141" level="INFO">${start_street} = Tyynylaavantie</msg>
<status status="PASS" starttime="20200503 16:33:03.140" endtime="20200503 16:33:03.141"></status>
</kw>
<kw name="Read Excel Cell" library="ExcelLibrary">
<doc>Returns content of a cell.</doc>
<arguments>
<arg>row_num=${row_id}</arg>
<arg>col_num=2</arg>
</arguments>
<assign>
<var>${start_number}</var>
</assign>
<msg timestamp="20200503 16:33:03.141" level="INFO">${start_number} = 5</msg>
<status status="PASS" starttime="20200503 16:33:03.141" endtime="20200503 16:33:03.141"></status>
</kw>
<kw name="Read Excel Cell" library="ExcelLibrary">
<doc>Returns content of a cell.</doc>
<arguments>
<arg>row_num=${row_id}</arg>
<arg>col_num=3</arg>
</arguments>
<assign>
<var>${start_city}</var>
</assign>
<msg timestamp="20200503 16:33:03.141" level="INFO">${start_city} = HELSINKI</msg>
<status status="PASS" starttime="20200503 16:33:03.141" endtime="20200503 16:33:03.141"></status>
</kw>
<kw name="Read Excel Cell" library="ExcelLibrary">
<doc>Returns content of a cell.</doc>
<arguments>
<arg>row_num=${row_id}</arg>
<arg>col_num=4</arg>
</arguments>
<assign>
<var>${start_postalcode}</var>
</assign>
<msg timestamp="20200503 16:33:03.141" level="INFO">${start_postalcode} = 980</msg>
<status status="PASS" starttime="20200503 16:33:03.141" endtime="20200503 16:33:03.141"></status>
</kw>
<kw name="Append To List" library="Collections">
<doc>Adds ``values`` to the end of ``list``.</doc>
<arguments>
<arg>${TRAVEL_LIST_START}</arg>
<arg>${start_street}, ${start_number}, ${start_postalcode} ${start_city}</arg>
</arguments>
<status status="PASS" starttime="20200503 16:33:03.141" endtime="20200503 16:33:03.142"></status>
</kw>
<kw name="Evaluate" library="BuiltIn">
<doc>Evaluates the given expression in Python and returns the results.</doc>
<arguments>
<arg>${i} + ${START_ROW}</arg>
</arguments>
<assign>
<var>${row_id}</var>
</assign>
<msg timestamp="20200503 16:33:03.142" level="INFO">${row_id} = 10</msg>
<status status="PASS" starttime="20200503 16:33:03.142" endtime="20200503 16:33:03.142"></status>
</kw>
<kw name="Read Excel Cell" library="ExcelLibrary">
<doc>Returns content of a cell.</doc>
<arguments>
<arg>row_num=${row_id}</arg>
<arg>col_num=5</arg>
</arguments>
<assign>
<var>${end_street}</var>
</assign>
<msg timestamp="20200503 16:33:03.142" level="INFO">${end_street} = Kaskelantie</msg>
<status status="PASS" starttime="20200503 16:33:03.142" endtime="20200503 16:33:03.142"></status>
</kw>
<kw name="Read Excel Cell" library="ExcelLibrary">
<doc>Returns content of a cell.</doc>
<arguments>
<arg>row_num=${row_id}</arg>
<arg>col_num=6</arg>
</arguments>
<assign>
<var>${end_number}</var>
</assign>
<msg timestamp="20200503 16:33:03.142" level="INFO">${end_number} = 5</msg>
<status status="PASS" starttime="20200503 16:33:03.142" endtime="20200503 16:33:03.142"></status>
</kw>
<kw name="Read Excel Cell" library="ExcelLibrary">
<doc>Returns content of a cell.</doc>
<arguments>
<arg>row_num=${row_id}</arg>
<arg>col_num=7</arg>
</arguments>
<assign>
<var>${end_city}</var>
</assign>
<msg timestamp="20200503 16:33:03.143" level="INFO">${end_city} = VANTAA</msg>
<status status="PASS" starttime="20200503 16:33:03.142" endtime="20200503 16:33:03.143"></status>
</kw>
<kw name="Read Excel Cell" library="ExcelLibrary">
<doc>Returns content of a cell.</doc>
<arguments>
<arg>row_num=${row_id}</arg>
<arg>col_num=8</arg>
</arguments>
<assign>
<var>${end_postalcode}</var>
</assign>
<msg timestamp="20200503 16:33:03.143" level="INFO">${end_postalcode} = 1204</msg>
<status status="PASS" starttime="20200503 16:33:03.143" endtime="20200503 16:33:03.143"></status>
</kw>
<kw name="Append To List" library="Collections">
<doc>Adds ``values`` to the end of ``list``.</doc>
<arguments>
<arg>${TravelListEnd}</arg>
<arg>${end_street}, ${end_number}, ${end_postalcode} ${end_city}</arg>
</arguments>
<status status="PASS" starttime="20200503 16:33:03.143" endtime="20200503 16:33:03.143"></status>
</kw>
<status status="PASS" starttime="20200503 16:33:03.140" endtime="20200503 16:33:03.143"></status>
</kw>
<kw name="${i} = 4" type="foritem">
<kw name="Evaluate" library="BuiltIn">
<doc>Evaluates the given expression in Python and returns the results.</doc>
<arguments>
<arg>${i} + ${START_ROW}</arg>
</arguments>
<assign>
<var>${row_id}</var>
</assign>
<msg timestamp="20200503 16:33:03.143" level="INFO">${row_id} = 11</msg>
<status status="PASS" starttime="20200503 16:33:03.143" endtime="20200503 16:33:03.143"></status>
</kw>
<kw name="Read Excel Cell" library="ExcelLibrary">
<doc>Returns content of a cell.</doc>
<arguments>
<arg>row_num=${row_id}</arg>
<arg>col_num=1</arg>
</arguments>
<assign>
<var>${start_street}</var>
</assign>
<msg timestamp="20200503 16:33:03.144" level="INFO">${start_street} = Ilmarinkatu</msg>
<status status="PASS" starttime="20200503 16:33:03.143" endtime="20200503 16:33:03.144"></status>
</kw>
<kw name="Read Excel Cell" library="ExcelLibrary">
<doc>Returns content of a cell.</doc>
<arguments>
<arg>row_num=${row_id}</arg>
<arg>col_num=2</arg>
</arguments>
<assign>
<var>${start_number}</var>
</assign>
<msg timestamp="20200503 16:33:03.144" level="INFO">${start_number} = 49</msg>
<status status="PASS" starttime="20200503 16:33:03.144" endtime="20200503 16:33:03.144"></status>
</kw>
<kw name="Read Excel Cell" library="ExcelLibrary">
<doc>Returns content of a cell.</doc>
<arguments>
<arg>row_num=${row_id}</arg>
<arg>col_num=3</arg>
</arguments>
<assign>
<var>${start_city}</var>
</assign>
<msg timestamp="20200503 16:33:03.144" level="INFO">${start_city} = TAMPERE</msg>
<status status="PASS" starttime="20200503 16:33:03.144" endtime="20200503 16:33:03.144"></status>
</kw>
<kw name="Read Excel Cell" library="ExcelLibrary">
<doc>Returns content of a cell.</doc>
<arguments>
<arg>row_num=${row_id}</arg>
<arg>col_num=4</arg>
</arguments>
<assign>
<var>${start_postalcode}</var>
</assign>
<msg timestamp="20200503 16:33:03.144" level="INFO">${start_postalcode} = 33504</msg>
<status status="PASS" starttime="20200503 16:33:03.144" endtime="20200503 16:33:03.144"></status>
</kw>
<kw name="Append To List" library="Collections">
<doc>Adds ``values`` to the end of ``list``.</doc>
<arguments>
<arg>${TRAVEL_LIST_START}</arg>
<arg>${start_street}, ${start_number}, ${start_postalcode} ${start_city}</arg>
</arguments>
<status status="PASS" starttime="20200503 16:33:03.144" endtime="20200503 16:33:03.145"></status>
</kw>
<kw name="Evaluate" library="BuiltIn">
<doc>Evaluates the given expression in Python and returns the results.</doc>
<arguments>
<arg>${i} + ${START_ROW}</arg>
</arguments>
<assign>
<var>${row_id}</var>
</assign>
<msg timestamp="20200503 16:33:03.145" level="INFO">${row_id} = 11</msg>
<status status="PASS" starttime="20200503 16:33:03.145" endtime="20200503 16:33:03.145"></status>
</kw>
<kw name="Read Excel Cell" library="ExcelLibrary">
<doc>Returns content of a cell.</doc>
<arguments>
<arg>row_num=${row_id}</arg>
<arg>col_num=5</arg>
</arguments>
<assign>
<var>${end_street}</var>
</assign>
<msg timestamp="20200503 16:33:03.145" level="INFO">${end_street} = Tuulosentie</msg>
<status status="PASS" starttime="20200503 16:33:03.145" endtime="20200503 16:33:03.145"></status>
</kw>
<kw name="Read Excel Cell" library="ExcelLibrary">
<doc>Returns content of a cell.</doc>
<arguments>
<arg>row_num=${row_id}</arg>
<arg>col_num=6</arg>
</arguments>
<assign>
<var>${end_number}</var>
</assign>
<msg timestamp="20200503 16:33:03.145" level="INFO">${end_number} = 1</msg>
<status status="PASS" starttime="20200503 16:33:03.145" endtime="20200503 16:33:03.145"></status>
</kw>
<kw name="Read Excel Cell" library="ExcelLibrary">
<doc>Returns content of a cell.</doc>
<arguments>
<arg>row_num=${row_id}</arg>
<arg>col_num=7</arg>
</arguments>
<assign>
<var>${end_city}</var>
</assign>
<msg timestamp="20200503 16:33:03.146" level="INFO">${end_city} = TUULOS</msg>
<status status="PASS" starttime="20200503 16:33:03.145" endtime="20200503 16:33:03.146"></status>
</kw>
<kw name="Read Excel Cell" library="ExcelLibrary">
<doc>Returns content of a cell.</doc>
<arguments>
<arg>row_num=${row_id}</arg>
<arg>col_num=8</arg>
</arguments>
<assign>
<var>${end_postalcode}</var>
</assign>
<msg timestamp="20200503 16:33:03.146" level="INFO">${end_postalcode} = 14814</msg>
<status status="PASS" starttime="20200503 16:33:03.146" endtime="20200503 16:33:03.146"></status>
</kw>
<kw name="Append To List" library="Collections">
<doc>Adds ``values`` to the end of ``list``.</doc>
<arguments>
<arg>${TravelListEnd}</arg>
<arg>${end_street}, ${end_number}, ${end_postalcode} ${end_city}</arg>
</arguments>
<status status="PASS" starttime="20200503 16:33:03.146" endtime="20200503 16:33:03.146"></status>
</kw>
<status status="PASS" starttime="20200503 16:33:03.143" endtime="20200503 16:33:03.146"></status>
</kw>
<kw name="${i} = 5" type="foritem">
<kw name="Evaluate" library="BuiltIn">
<doc>Evaluates the given expression in Python and returns the results.</doc>
<arguments>
<arg>${i} + ${START_ROW}</arg>
</arguments>
<assign>
<var>${row_id}</var>
</assign>
<msg timestamp="20200503 16:33:03.146" level="INFO">${row_id} = 12</msg>
<status status="PASS" starttime="20200503 16:33:03.146" endtime="20200503 16:33:03.146"></status>
</kw>
<kw name="Read Excel Cell" library="ExcelLibrary">
<doc>Returns content of a cell.</doc>
<arguments>
<arg>row_num=${row_id}</arg>
<arg>col_num=1</arg>
</arguments>
<assign>
<var>${start_street}</var>
</assign>
<msg timestamp="20200503 16:33:03.147" level="INFO">${start_street} = Vasarakatu</msg>
<status status="PASS" starttime="20200503 16:33:03.146" endtime="20200503 16:33:03.147"></status>
</kw>
<kw name="Read Excel Cell" library="ExcelLibrary">
<doc>Returns content of a cell.</doc>
<arguments>
<arg>row_num=${row_id}</arg>
<arg>col_num=2</arg>
</arguments>
<assign>
<var>${start_number}</var>
</assign>
<msg timestamp="20200503 16:33:03.147" level="INFO">${start_number} = 29</msg>
<status status="PASS" starttime="20200503 16:33:03.147" endtime="20200503 16:33:03.147"></status>
</kw>
<kw name="Read Excel Cell" library="ExcelLibrary">
<doc>Returns content of a cell.</doc>
<arguments>
<arg>row_num=${row_id}</arg>
<arg>col_num=3</arg>
</arguments>
<assign>
<var>${start_city}</var>
</assign>
<msg timestamp="20200503 16:33:03.147" level="INFO">${start_city} = JYVÄSKYLÄ</msg>
<status status="PASS" starttime="20200503 16:33:03.147" endtime="20200503 16:33:03.147"></status>
</kw>
<kw name="Read Excel Cell" library="ExcelLibrary">
<doc>Returns content of a cell.</doc>
<arguments>
<arg>row_num=${row_id}</arg>
<arg>col_num=4</arg>
</arguments>
<assign>
<var>${start_postalcode}</var>
</assign>
<msg timestamp="20200503 16:33:03.147" level="INFO">${start_postalcode} = 40325</msg>
<status status="PASS" starttime="20200503 16:33:03.147" endtime="20200503 16:33:03.147"></status>
</kw>
<kw name="Append To List" library="Collections">
<doc>Adds ``values`` to the end of ``list``.</doc>
<arguments>
<arg>${TRAVEL_LIST_START}</arg>
<arg>${start_street}, ${start_number}, ${start_postalcode} ${start_city}</arg>
</arguments>
<status status="PASS" starttime="20200503 16:33:03.147" endtime="20200503 16:33:03.148"></status>
</kw>
<kw name="Evaluate" library="BuiltIn">
<doc>Evaluates the given expression in Python and returns the results.</doc>
<arguments>
<arg>${i} + ${START_ROW}</arg>
</arguments>
<assign>
<var>${row_id}</var>
</assign>
<msg timestamp="20200503 16:33:03.148" level="INFO">${row_id} = 12</msg>
<status status="PASS" starttime="20200503 16:33:03.148" endtime="20200503 16:33:03.148"></status>
</kw>
<kw name="Read Excel Cell" library="ExcelLibrary">
<doc>Returns content of a cell.</doc>
<arguments>
<arg>row_num=${row_id}</arg>
<arg>col_num=5</arg>
</arguments>
<assign>
<var>${end_street}</var>
</assign>
<msg timestamp="20200503 16:33:03.148" level="INFO">${end_street} = Veturitie</msg>
<status status="PASS" starttime="20200503 16:33:03.148" endtime="20200503 16:33:03.148"></status>
</kw>
<kw name="Read Excel Cell" library="ExcelLibrary">
<doc>Returns content of a cell.</doc>
<arguments>
<arg>row_num=${row_id}</arg>
<arg>col_num=6</arg>
</arguments>
<assign>
<var>${end_number}</var>
</assign>
<msg timestamp="20200503 16:33:03.148" level="INFO">${end_number} = 1</msg>
<status status="PASS" starttime="20200503 16:33:03.148" endtime="20200503 16:33:03.148"></status>
</kw>
<kw name="Read Excel Cell" library="ExcelLibrary">
<doc>Returns content of a cell.</doc>
<arguments>
<arg>row_num=${row_id}</arg>
<arg>col_num=7</arg>
</arguments>
<assign>
<var>${end_city}</var>
</assign>
<msg timestamp="20200503 16:33:03.149" level="INFO">${end_city} = KAJAANI</msg>
<status status="PASS" starttime="20200503 16:33:03.148" endtime="20200503 16:33:03.149"></status>
</kw>
<kw name="Read Excel Cell" library="ExcelLibrary">
<doc>Returns content of a cell.</doc>
<arguments>
<arg>row_num=${row_id}</arg>
<arg>col_num=8</arg>
</arguments>
<assign>
<var>${end_postalcode}</var>
</assign>
<msg timestamp="20200503 16:33:03.149" level="INFO">${end_postalcode} = 87105</msg>
<status status="PASS" starttime="20200503 16:33:03.149" endtime="20200503 16:33:03.149"></status>
</kw>
<kw name="Append To List" library="Collections">
<doc>Adds ``values`` to the end of ``list``.</doc>
<arguments>
<arg>${TravelListEnd}</arg>
<arg>${end_street}, ${end_number}, ${end_postalcode} ${end_city}</arg>
</arguments>
<status status="PASS" starttime="20200503 16:33:03.149" endtime="20200503 16:33:03.149"></status>
</kw>
<status status="PASS" starttime="20200503 16:33:03.146" endtime="20200503 16:33:03.149"></status>
</kw>
<kw name="${i} = 6" type="foritem">
<kw name="Evaluate" library="BuiltIn">
<doc>Evaluates the given expression in Python and returns the results.</doc>
<arguments>
<arg>${i} + ${START_ROW}</arg>
</arguments>
<assign>
<var>${row_id}</var>
</assign>
<msg timestamp="20200503 16:33:03.149" level="INFO">${row_id} = 13</msg>
<status status="PASS" starttime="20200503 16:33:03.149" endtime="20200503 16:33:03.149"></status>
</kw>
<kw name="Read Excel Cell" library="ExcelLibrary">
<doc>Returns content of a cell.</doc>
<arguments>
<arg>row_num=${row_id}</arg>
<arg>col_num=1</arg>
</arguments>
<assign>
<var>${start_street}</var>
</assign>
<msg timestamp="20200503 16:33:03.150" level="INFO">${start_street} = Laajankankaankatu</msg>
<status status="PASS" starttime="20200503 16:33:03.149" endtime="20200503 16:33:03.150"></status>
</kw>
<kw name="Read Excel Cell" library="ExcelLibrary">
<doc>Returns content of a cell.</doc>
<arguments>
<arg>row_num=${row_id}</arg>
<arg>col_num=2</arg>
</arguments>
<assign>
<var>${start_number}</var>
</assign>
<msg timestamp="20200503 16:33:03.150" level="INFO">${start_number} = 2</msg>
<status status="PASS" starttime="20200503 16:33:03.150" endtime="20200503 16:33:03.150"></status>
</kw>
<kw name="Read Excel Cell" library="ExcelLibrary">
<doc>Returns content of a cell.</doc>
<arguments>
<arg>row_num=${row_id}</arg>
<arg>col_num=3</arg>
</arguments>
<assign>
<var>${start_city}</var>
</assign>
<msg timestamp="20200503 16:33:03.150" level="INFO">${start_city} = KAJAANI</msg>
<status status="PASS" starttime="20200503 16:33:03.150" endtime="20200503 16:33:03.150"></status>
</kw>
<kw name="Read Excel Cell" library="ExcelLibrary">
<doc>Returns content of a cell.</doc>
<arguments>
<arg>row_num=${row_id}</arg>
<arg>col_num=4</arg>
</arguments>
<assign>
<var>${start_postalcode}</var>
</assign>
<msg timestamp="20200503 16:33:03.150" level="INFO">${start_postalcode} = 87504</msg>
<status status="PASS" starttime="20200503 16:33:03.150" endtime="20200503 16:33:03.150"></status>
</kw>
<kw name="Append To List" library="Collections">
<doc>Adds ``values`` to the end of ``list``.</doc>
<arguments>
<arg>${TRAVEL_LIST_START}</arg>
<arg>${start_street}, ${start_number}, ${start_postalcode} ${start_city}</arg>
</arguments>
<status status="PASS" starttime="20200503 16:33:03.150" endtime="20200503 16:33:03.151"></status>
</kw>
<kw name="Evaluate" library="BuiltIn">
<doc>Evaluates the given expression in Python and returns the results.</doc>
<arguments>
<arg>${i} + ${START_ROW}</arg>
</arguments>
<assign>
<var>${row_id}</var>
</assign>
<msg timestamp="20200503 16:33:03.151" level="INFO">${row_id} = 13</msg>
<status status="PASS" starttime="20200503 16:33:03.151" endtime="20200503 16:33:03.151"></status>
</kw>
<kw name="Read Excel Cell" library="ExcelLibrary">
<doc>Returns content of a cell.</doc>
<arguments>
<arg>row_num=${row_id}</arg>
<arg>col_num=5</arg>
</arguments>
<assign>
<var>${end_street}</var>
</assign>
<msg timestamp="20200503 16:33:03.151" level="INFO">${end_street} = Oksapolku</msg>
<status status="PASS" starttime="20200503 16:33:03.151" endtime="20200503 16:33:03.151"></status>
</kw>
<kw name="Read Excel Cell" library="ExcelLibrary">
<doc>Returns content of a cell.</doc>
<arguments>
<arg>row_num=${row_id}</arg>
<arg>col_num=6</arg>
</arguments>
<assign>
<var>${end_number}</var>
</assign>
<msg timestamp="20200503 16:33:03.151" level="INFO">${end_number} = 1</msg>
<status status="PASS" starttime="20200503 16:33:03.151" endtime="20200503 16:33:03.151"></status>
</kw>
<kw name="Read Excel Cell" library="ExcelLibrary">
<doc>Returns content of a cell.</doc>
<arguments>
<arg>row_num=${row_id}</arg>
<arg>col_num=7</arg>
</arguments>
<assign>
<var>${end_city}</var>
</assign>
<msg timestamp="20200503 16:33:03.152" level="INFO">${end_city} = JÄRVENPÄÄ</msg>
<status status="PASS" starttime="20200503 16:33:03.152" endtime="20200503 16:33:03.152"></status>
</kw>
<kw name="Read Excel Cell" library="ExcelLibrary">
<doc>Returns content of a cell.</doc>
<arguments>
<arg>row_num=${row_id}</arg>
<arg>col_num=8</arg>
</arguments>
<assign>
<var>${end_postalcode}</var>
</assign>
<msg timestamp="20200503 16:33:03.152" level="INFO">${end_postalcode} = 4440</msg>
<status status="PASS" starttime="20200503 16:33:03.152" endtime="20200503 16:33:03.152"></status>
</kw>
<kw name="Append To List" library="Collections">
<doc>Adds ``values`` to the end of ``list``.</doc>
<arguments>
<arg>${TravelListEnd}</arg>
<arg>${end_street}, ${end_number}, ${end_postalcode} ${end_city}</arg>
</arguments>
<status status="PASS" starttime="20200503 16:33:03.152" endtime="20200503 16:33:03.152"></status>
</kw>
<status status="PASS" starttime="20200503 16:33:03.149" endtime="20200503 16:33:03.152"></status>
</kw>
<kw name="${i} = 7" type="foritem">
<kw name="Evaluate" library="BuiltIn">
<doc>Evaluates the given expression in Python and returns the results.</doc>
<arguments>
<arg>${i} + ${START_ROW}</arg>
</arguments>
<assign>
<var>${row_id}</var>
</assign>
<msg timestamp="20200503 16:33:03.152" level="INFO">${row_id} = 14</msg>
<status status="PASS" starttime="20200503 16:33:03.152" endtime="20200503 16:33:03.153"></status>
</kw>
<kw name="Read Excel Cell" library="ExcelLibrary">
<doc>Returns content of a cell.</doc>
<arguments>
<arg>row_num=${row_id}</arg>
<arg>col_num=1</arg>
</arguments>
<assign>
<var>${start_street}</var>
</assign>
<msg timestamp="20200503 16:33:03.153" level="INFO">${start_street} = Magneettikatu</msg>
<status status="PASS" starttime="20200503 16:33:03.153" endtime="20200503 16:33:03.153"></status>
</kw>
<kw name="Read Excel Cell" library="ExcelLibrary">
<doc>Returns content of a cell.</doc>
<arguments>
<arg>row_num=${row_id}</arg>
<arg>col_num=2</arg>
</arguments>
<assign>
<var>${start_number}</var>
</assign>
<msg timestamp="20200503 16:33:03.153" level="INFO">${start_number} = 2</msg>
<status status="PASS" starttime="20200503 16:33:03.153" endtime="20200503 16:33:03.153"></status>
</kw>
<kw name="Read Excel Cell" library="ExcelLibrary">
<doc>Returns content of a cell.</doc>
<arguments>
<arg>row_num=${row_id}</arg>
<arg>col_num=3</arg>
</arguments>
<assign>
<var>${start_city}</var>
</assign>
<msg timestamp="20200503 16:33:03.153" level="INFO">${start_city} = ESPOO</msg>
<status status="PASS" starttime="20200503 16:33:03.153" endtime="20200503 16:33:03.153"></status>
</kw>
<kw name="Read Excel Cell" library="ExcelLibrary">
<doc>Returns content of a cell.</doc>
<arguments>
<arg>row_num=${row_id}</arg>
<arg>col_num=4</arg>
</arguments>
<assign>
<var>${start_postalcode}</var>
</assign>
<msg timestamp="20200503 16:33:03.153" level="INFO">${start_postalcode} = 2335</msg>
<status status="PASS" starttime="20200503 16:33:03.153" endtime="20200503 16:33:03.153"></status>
</kw>
<kw name="Append To List" library="Collections">
<doc>Adds ``values`` to the end of ``list``.</doc>
<arguments>
<arg>${TRAVEL_LIST_START}</arg>
<arg>${start_street}, ${start_number}, ${start_postalcode} ${start_city}</arg>
</arguments>
<status status="PASS" starttime="20200503 16:33:03.154" endtime="20200503 16:33:03.154"></status>
</kw>
<kw name="Evaluate" library="BuiltIn">
<doc>Evaluates the given expression in Python and returns the results.</doc>
<arguments>
<arg>${i} + ${START_ROW}</arg>
</arguments>
<assign>
<var>${row_id}</var>
</assign>
<msg timestamp="20200503 16:33:03.154" level="INFO">${row_id} = 14</msg>
<status status="PASS" starttime="20200503 16:33:03.154" endtime="20200503 16:33:03.154"></status>
</kw>
<kw name="Read Excel Cell" library="ExcelLibrary">
<doc>Returns content of a cell.</doc>
<arguments>
<arg>row_num=${row_id}</arg>
<arg>col_num=5</arg>
</arguments>
<assign>
<var>${end_street}</var>
</assign>
<msg timestamp="20200503 16:33:03.154" level="INFO">${end_street} = Esplanaadi</msg>
<status status="PASS" starttime="20200503 16:33:03.154" endtime="20200503 16:33:03.154"></status>
</kw>
<kw name="Read Excel Cell" library="ExcelLibrary">
<doc>Returns content of a cell.</doc>
<arguments>
<arg>row_num=${row_id}</arg>
<arg>col_num=6</arg>
</arguments>
<assign>
<var>${end_number}</var>
</assign>
<msg timestamp="20200503 16:33:03.154" level="INFO">${end_number} = 69</msg>
<status status="PASS" starttime="20200503 16:33:03.154" endtime="20200503 16:33:03.154"></status>
</kw>
<kw name="Read Excel Cell" library="ExcelLibrary">
<doc>Returns content of a cell.</doc>
<arguments>
<arg>row_num=${row_id}</arg>
<arg>col_num=7</arg>
</arguments>
<assign>
<var>${end_city}</var>
</assign>
<msg timestamp="20200503 16:33:03.155" level="INFO">${end_city} = HANKO</msg>
<status status="PASS" starttime="20200503 16:33:03.155" endtime="20200503 16:33:03.155"></status>
</kw>
<kw name="Read Excel Cell" library="ExcelLibrary">
<doc>Returns content of a cell.</doc>
<arguments>
<arg>row_num=${row_id}</arg>
<arg>col_num=8</arg>
</arguments>
<assign>
<var>${end_postalcode}</var>
</assign>
<msg timestamp="20200503 16:33:03.155" level="INFO">${end_postalcode} = 10904</msg>
<status status="PASS" starttime="20200503 16:33:03.155" endtime="20200503 16:33:03.155"></status>
</kw>
<kw name="Append To List" library="Collections">
<doc>Adds ``values`` to the end of ``list``.</doc>
<arguments>
<arg>${TravelListEnd}</arg>
<arg>${end_street}, ${end_number}, ${end_postalcode} ${end_city}</arg>
</arguments>
<status status="PASS" starttime="20200503 16:33:03.155" endtime="20200503 16:33:03.155"></status>
</kw>
<status status="PASS" starttime="20200503 16:33:03.152" endtime="20200503 16:33:03.155"></status>
</kw>
<kw name="${i} = 8" type="foritem">
<kw name="Evaluate" library="BuiltIn">
<doc>Evaluates the given expression in Python and returns the results.</doc>
<arguments>
<arg>${i} + ${START_ROW}</arg>
</arguments>
<assign>
<var>${row_id}</var>
</assign>
<msg timestamp="20200503 16:33:03.155" level="INFO">${row_id} = 15</msg>
<status status="PASS" starttime="20200503 16:33:03.155" endtime="20200503 16:33:03.156"></status>
</kw>
<kw name="Read Excel Cell" library="ExcelLibrary">
<doc>Returns content of a cell.</doc>
<arguments>
<arg>row_num=${row_id}</arg>
<arg>col_num=1</arg>
</arguments>
<assign>
<var>${start_street}</var>
</assign>
<msg timestamp="20200503 16:33:03.156" level="INFO">${start_street} = Yhteiskouluntie</msg>
<status status="PASS" starttime="20200503 16:33:03.156" endtime="20200503 16:33:03.156"></status>
</kw>
<kw name="Read Excel Cell" library="ExcelLibrary">
<doc>Returns content of a cell.</doc>
<arguments>
<arg>row_num=${row_id}</arg>
<arg>col_num=2</arg>
</arguments>
<assign>
<var>${start_number}</var>
</assign>
<msg timestamp="20200503 16:33:03.156" level="INFO">${start_number} = 17</msg>
<status status="PASS" starttime="20200503 16:33:03.156" endtime="20200503 16:33:03.156"></status>
</kw>
<kw name="Read Excel Cell" library="ExcelLibrary">
<doc>Returns content of a cell.</doc>
<arguments>
<arg>row_num=${row_id}</arg>
<arg>col_num=3</arg>
</arguments>
<assign>
<var>${start_city}</var>
</assign>
<msg timestamp="20200503 16:33:03.156" level="INFO">${start_city} = JÄRVENPÄÄ</msg>
<status status="PASS" starttime="20200503 16:33:03.156" endtime="20200503 16:33:03.156"></status>
</kw>
<kw name="Read Excel Cell" library="ExcelLibrary">
<doc>Returns content of a cell.</doc>
<arguments>
<arg>row_num=${row_id}</arg>
<arg>col_num=4</arg>
</arguments>
<assign>
<var>${start_postalcode}</var>
</assign>
<msg timestamp="20200503 16:33:03.157" level="INFO">${start_postalcode} = 4404</msg>
<status status="PASS" starttime="20200503 16:33:03.156" endtime="20200503 16:33:03.157"></status>
</kw>
<kw name="Append To List" library="Collections">
<doc>Adds ``values`` to the end of ``list``.</doc>
<arguments>
<arg>${TRAVEL_LIST_START}</arg>
<arg>${start_street}, ${start_number}, ${start_postalcode} ${start_city}</arg>
</arguments>
<status status="PASS" starttime="20200503 16:33:03.157" endtime="20200503 16:33:03.157"></status>
</kw>
<kw name="Evaluate" library="BuiltIn">
<doc>Evaluates the given expression in Python and returns the results.</doc>
<arguments>
<arg>${i} + ${START_ROW}</arg>
</arguments>
<assign>
<var>${row_id}</var>
</assign>
<msg timestamp="20200503 16:33:03.157" level="INFO">${row_id} = 15</msg>
<status status="PASS" starttime="20200503 16:33:03.157" endtime="20200503 16:33:03.157"></status>
</kw>
<kw name="Read Excel Cell" library="ExcelLibrary">
<doc>Returns content of a cell.</doc>
<arguments>
<arg>row_num=${row_id}</arg>
<arg>col_num=5</arg>
</arguments>
<assign>
<var>${end_street}</var>
</assign>
<msg timestamp="20200503 16:33:03.157" level="INFO">${end_street} = Sallantie</msg>
<status status="PASS" starttime="20200503 16:33:03.157" endtime="20200503 16:33:03.157"></status>
</kw>
<kw name="Read Excel Cell" library="ExcelLibrary">
<doc>Returns content of a cell.</doc>
<arguments>
<arg>row_num=${row_id}</arg>
<arg>col_num=6</arg>
</arguments>
<assign>
<var>${end_number}</var>
</assign>
<msg timestamp="20200503 16:33:03.158" level="INFO">${end_number} = 2640</msg>
<status status="PASS" starttime="20200503 16:33:03.157" endtime="20200503 16:33:03.158"></status>
</kw>
<kw name="Read Excel Cell" library="ExcelLibrary">
<doc>Returns content of a cell.</doc>
<arguments>
<arg>row_num=${row_id}</arg>
<arg>col_num=7</arg>
</arguments>
<assign>
<var>${end_city}</var>
</assign>
<msg timestamp="20200503 16:33:03.158" level="INFO">${end_city} = KEMIJÄRVI</msg>
<status status="PASS" starttime="20200503 16:33:03.158" endtime="20200503 16:33:03.158"></status>
</kw>
<kw name="Read Excel Cell" library="ExcelLibrary">
<doc>Returns content of a cell.</doc>
<arguments>
<arg>row_num=${row_id}</arg>
<arg>col_num=8</arg>
</arguments>
<assign>
<var>${end_postalcode}</var>
</assign>
<msg timestamp="20200503 16:33:03.158" level="INFO">${end_postalcode} = 98714</msg>
<status status="PASS" starttime="20200503 16:33:03.158" endtime="20200503 16:33:03.158"></status>
</kw>
<kw name="Append To List" library="Collections">
<doc>Adds ``values`` to the end of ``list``.</doc>
<arguments>
<arg>${TravelListEnd}</arg>
<arg>${end_street}, ${end_number}, ${end_postalcode} ${end_city}</arg>
</arguments>
<status status="PASS" starttime="20200503 16:33:03.158" endtime="20200503 16:33:03.158"></status>
</kw>
<status status="PASS" starttime="20200503 16:33:03.155" endtime="20200503 16:33:03.158"></status>
</kw>
<kw name="${i} = 9" type="foritem">
<kw name="Evaluate" library="BuiltIn">
<doc>Evaluates the given expression in Python and returns the results.</doc>
<arguments>
<arg>${i} + ${START_ROW}</arg>
</arguments>
<assign>
<var>${row_id}</var>
</assign>
<msg timestamp="20200503 16:33:03.159" level="INFO">${row_id} = 16</msg>
<status status="PASS" starttime="20200503 16:33:03.158" endtime="20200503 16:33:03.159"></status>
</kw>
<kw name="Read Excel Cell" library="ExcelLibrary">
<doc>Returns content of a cell.</doc>
<arguments>
<arg>row_num=${row_id}</arg>
<arg>col_num=1</arg>
</arguments>
<assign>
<var>${start_street}</var>
</assign>
<msg timestamp="20200503 16:33:03.159" level="INFO">${start_street} = Ahlströminkatu</msg>
<status status="PASS" starttime="20200503 16:33:03.159" endtime="20200503 16:33:03.159"></status>
</kw>
<kw name="Read Excel Cell" library="ExcelLibrary">
<doc>Returns content of a cell.</doc>
<arguments>
<arg>row_num=${row_id}</arg>
<arg>col_num=2</arg>
</arguments>
<assign>
<var>${start_number}</var>
</assign>
<msg timestamp="20200503 16:33:03.159" level="INFO">${start_number} = 21</msg>
<status status="PASS" starttime="20200503 16:33:03.159" endtime="20200503 16:33:03.159"></status>
</kw>
<kw name="Read Excel Cell" library="ExcelLibrary">
<doc>Returns content of a cell.</doc>
<arguments>
<arg>row_num=${row_id}</arg>
<arg>col_num=3</arg>
</arguments>
<assign>
<var>${start_city}</var>
</assign>
<msg timestamp="20200503 16:33:03.159" level="INFO">${start_city} = VARKAUS</msg>
<status status="PASS" starttime="20200503 16:33:03.159" endtime="20200503 16:33:03.159"></status>
</kw>
<kw name="Read Excel Cell" library="ExcelLibrary">
<doc>Returns content of a cell.</doc>
<arguments>
<arg>row_num=${row_id}</arg>
<arg>col_num=4</arg>
</arguments>
<assign>
<var>${start_postalcode}</var>
</assign>
<msg timestamp="20200503 16:33:03.160" level="INFO">${start_postalcode} = 78254</msg>
<status status="PASS" starttime="20200503 16:33:03.159" endtime="20200503 16:33:03.160"></status>
</kw>
<kw name="Append To List" library="Collections">
<doc>Adds ``values`` to the end of ``list``.</doc>
<arguments>
<arg>${TRAVEL_LIST_START}</arg>
<arg>${start_street}, ${start_number}, ${start_postalcode} ${start_city}</arg>
</arguments>
<status status="PASS" starttime="20200503 16:33:03.160" endtime="20200503 16:33:03.160"></status>
</kw>
<kw name="Evaluate" library="BuiltIn">
<doc>Evaluates the given expression in Python and returns the results.</doc>
<arguments>
<arg>${i} + ${START_ROW}</arg>
</arguments>
<assign>
<var>${row_id}</var>
</assign>
<msg timestamp="20200503 16:33:03.160" level="INFO">${row_id} = 16</msg>
<status status="PASS" starttime="20200503 16:33:03.160" endtime="20200503 16:33:03.160"></status>
</kw>
<kw name="Read Excel Cell" library="ExcelLibrary">
<doc>Returns content of a cell.</doc>
<arguments>
<arg>row_num=${row_id}</arg>
<arg>col_num=5</arg>
</arguments>
<assign>
<var>${end_street}</var>
</assign>
<msg timestamp="20200503 16:33:03.160" level="INFO">${end_street} = Kilpivirrantie</msg>
<status status="PASS" starttime="20200503 16:33:03.160" endtime="20200503 16:33:03.160"></status>
</kw>
<kw name="Read Excel Cell" library="ExcelLibrary">
<doc>Returns content of a cell.</doc>
<arguments>
<arg>row_num=${row_id}</arg>
<arg>col_num=6</arg>
</arguments>
<assign>
<var>${end_number}</var>
</assign>
<msg timestamp="20200503 16:33:03.161" level="INFO">${end_number} = 1</msg>
<status status="PASS" starttime="20200503 16:33:03.160" endtime="20200503 16:33:03.161"></status>
</kw>
<kw name="Read Excel Cell" library="ExcelLibrary">
<doc>Returns content of a cell.</doc>
<arguments>
<arg>row_num=${row_id}</arg>
<arg>col_num=7</arg>
</arguments>
<assign>
<var>${end_city}</var>
</assign>
<msg timestamp="20200503 16:33:03.161" level="INFO">${end_city} = IISALMI</msg>
<status status="PASS" starttime="20200503 16:33:03.161" endtime="20200503 16:33:03.161"></status>
</kw>
<kw name="Read Excel Cell" library="ExcelLibrary">
<doc>Returns content of a cell.</doc>
<arguments>
<arg>row_num=${row_id}</arg>
<arg>col_num=8</arg>
</arguments>
<assign>
<var>${end_postalcode}</var>
</assign>
<msg timestamp="20200503 16:33:03.161" level="INFO">${end_postalcode} = 74124</msg>
<status status="PASS" starttime="20200503 16:33:03.161" endtime="20200503 16:33:03.161"></status>
</kw>
<kw name="Append To List" library="Collections">
<doc>Adds ``values`` to the end of ``list``.</doc>
<arguments>
<arg>${TravelListEnd}</arg>
<arg>${end_street}, ${end_number}, ${end_postalcode} ${end_city}</arg>
</arguments>
<status status="PASS" starttime="20200503 16:33:03.161" endtime="20200503 16:33:03.161"></status>
</kw>
<status status="PASS" starttime="20200503 16:33:03.158" endtime="20200503 16:33:03.161"></status>
</kw>
<status status="PASS" starttime="20200503 16:33:03.131" endtime="20200503 16:33:03.161"></status>
</kw>
<status status="PASS" starttime="20200503 16:33:03.130" endtime="20200503 16:33:03.161"></status>
</kw>
<status status="PASS" starttime="20200503 16:33:03.129" endtime="20200503 16:33:03.161" critical="yes"></status>
</test>
<test id="s1-t2" name="Get Google Maps distances and write to Excel file">
<kw name="Get Google Maps Distances And Write To Excel File" library="keywords">
<kw name="Open Browser" library="SeleniumLibrary">
<doc>Opens a new browser instance to the optional ``url``.</doc>
<arguments>
<arg>${BASE URL}</arg>
<arg>${BROWSER}</arg>
</arguments>
<msg timestamp="20200503 16:33:03.162" level="INFO">Opening browser 'Chrome' to base url 'https://www.google.fi/maps/dir/'.</msg>
<status status="PASS" starttime="20200503 16:33:03.162" endtime="20200503 16:33:06.014"></status>
</kw>
<kw name="Wait Until Element Is Enabled" library="SeleniumLibrary">
<doc>Waits until the element ``locator`` is enabled.</doc>
<arguments>
<arg>sb_ifc50</arg>
</arguments>
<status status="PASS" starttime="20200503 16:33:06.015" endtime="20200503 16:33:06.083"></status>
</kw>
<kw name="Click Element" library="SeleniumLibrary">
<doc>Click the element identified by ``locator``.</doc>
<arguments>
<arg>//*[contains(@data-travel_mode, "0")]</arg>
</arguments>
<msg timestamp="20200503 16:33:06.083" level="INFO">Clicking element '//*[contains(@data-travel_mode, "0")]'.</msg>
<status status="PASS" starttime="20200503 16:33:06.083" endtime="20200503 16:33:06.161"></status>
</kw>
<kw name="Log To Console" library="BuiltIn">
<doc>Logs the given message to the console.</doc>
<arguments>
<arg>\n</arg>
</arguments>
<status status="PASS" starttime="20200503 16:33:06.161" endtime="20200503 16:33:06.162"></status>
</kw>
<kw name="${i} IN RANGE [ ${ROWS} ]" type="for">
<kw name="${i} = 0" type="foritem">
<kw name="Evaluate" library="BuiltIn">
<doc>Evaluates the given expression in Python and returns the results.</doc>
<arguments>
<arg>${i} + 1</arg>
</arguments>
<assign>
<var>${current_id}</var>
</assign>
<msg timestamp="20200503 16:33:06.162" level="INFO">${current_id} = 1</msg>
<status status="PASS" starttime="20200503 16:33:06.162" endtime="20200503 16:33:06.162"></status>
</kw>
<kw name="Log To Console" library="BuiltIn">
<doc>Logs the given message to the console.</doc>
<arguments>
<arg>Distance: ${current_id}/${ROWS}</arg>
</arguments>
<status status="PASS" starttime="20200503 16:33:06.162" endtime="20200503 16:33:06.162"></status>
</kw>
<kw name="Press Keys" library="SeleniumLibrary">
<doc>Simulates the user pressing key(s) to an element or on the active browser.</doc>
<arguments>
<arg>sb_ifc50</arg>
<arg>@{TRAVEL_LIST_START}[${i}]</arg>
</arguments>
<msg timestamp="20200503 16:33:06.163" level="INFO">Sending key(s) ('Kauppatie, 1, 81200 JOENSUU',) to sb_ifc50 element.</msg>
<msg timestamp="20200503 16:33:06.444" level="INFO">Sending keys Kauppatie, 1, 81200 JOENSUU</msg>
<status status="PASS" starttime="20200503 16:33:06.162" endtime="20200503 16:33:06.737"></status>
</kw>
<kw name="Press Keys" library="SeleniumLibrary">
<doc>Simulates the user pressing key(s) to an element or on the active browser.</doc>
<arguments>
<arg>sb_ifc51</arg>
<arg>@{TRAVEL_LIST_END}[${i}]</arg>
</arguments>
<msg timestamp="20200503 16:33:06.737" level="INFO">Sending key(s) ('Vapaudenkatu, 10, 15114 LAHTI',) to sb_ifc51 element.</msg>
<msg timestamp="20200503 16:33:07.014" level="INFO">Sending keys Vapaudenkatu, 10, 15114 LAHTI</msg>
<status status="PASS" starttime="20200503 16:33:06.737" endtime="20200503 16:33:07.086"></status>
</kw>
<kw name="Press Keys" library="SeleniumLibrary">
<doc>Simulates the user pressing key(s) to an element or on the active browser.</doc>
<arguments>
<arg>sb_ifc51</arg>
<arg>RETURN</arg>
</arguments>
<msg timestamp="20200503 16:33:07.087" level="INFO">Sending key(s) ('RETURN',) to sb_ifc51 element.</msg>
<msg timestamp="20200503 16:33:07.360" level="INFO">Pressing special key RETURN to element.</msg>
<msg timestamp="20200503 16:33:07.360" level="INFO">Releasing special key RETURN.</msg>
<status status="PASS" starttime="20200503 16:33:07.086" endtime="20200503 16:33:07.367"></status>
</kw>
<kw name="Wait Until Element Is Visible" library="SeleniumLibrary">
<doc>Waits until the element ``locator`` is visible.</doc>
<arguments>
<arg>section-directions-trip-0</arg>
</arguments>
<status status="PASS" starttime="20200503 16:33:07.368" endtime="20200503 16:33:09.061"></status>
</kw>
<kw name="Click Element" library="SeleniumLibrary">
<doc>Click the element identified by ``locator``.</doc>
<arguments>
<arg>section-directions-trip-0</arg>
</arguments>
<msg timestamp="20200503 16:33:09.061" level="INFO">Clicking element 'section-directions-trip-0'.</msg>
<status status="PASS" starttime="20200503 16:33:09.061" endtime="20200503 16:33:09.124"></status>
</kw>
<kw name="Wait Until Element Is Visible" library="SeleniumLibrary">
<doc>Waits until the element ``locator`` is visible.</doc>
<arguments>
<arg>class=section-trip-summary-subtitle</arg>
</arguments>
<status status="PASS" starttime="20200503 16:33:09.124" endtime="20200503 16:33:09.363"></status>
</kw>
<kw name="Get Text" library="SeleniumLibrary">
<doc>Returns the text value of the element identified by ``locator``.</doc>
<arguments>
<arg>class=section-trip-summary-subtitle</arg>
</arguments>
<assign>
<var>${trip}</var>
</assign>
<msg timestamp="20200503 16:33:09.379" level="INFO">${trip} = (370 km)</msg>
<status status="PASS" starttime="20200503 16:33:09.363" endtime="20200503 16:33:09.379"></status>
</kw>
<kw name="Log To Console" library="BuiltIn">
<doc>Logs the given message to the console.</doc>
<arguments>
<arg>${trip}</arg>
</arguments>
<status status="PASS" starttime="20200503 16:33:09.379" endtime="20200503 16:33:09.379"></status>
</kw>
<kw name="Click Element" library="SeleniumLibrary">
<doc>Click the element identified by ``locator``.</doc>
<arguments>
<arg>class=section-trip-header-back</arg>
</arguments>
<msg timestamp="20200503 16:33:09.379" level="INFO">Clicking element 'class=section-trip-header-back'.</msg>
<status status="PASS" starttime="20200503 16:33:09.379" endtime="20200503 16:33:09.419"></status>
</kw>
<kw name="Write Excel Cell" library="ExcelLibrary">
<doc>Writes value to the cell.</doc>
<arguments>
<arg>1</arg>
<arg>1</arg>
<arg>Checked Travel Distances</arg>
<arg>Data</arg>
</arguments>
<status status="PASS" starttime="20200503 16:33:09.419" endtime="20200503 16:33:09.419"></status>
</kw>
<kw name="Evaluate" library="BuiltIn">
<doc>Evaluates the given expression in Python and returns the results.</doc>
<arguments>
<arg>${i} + ${START_ROW}</arg>
</arguments>
<assign>
<var>${row_id}</var>
</assign>
<msg timestamp="20200503 16:33:09.419" level="INFO">${row_id} = 7</msg>
<status status="PASS" starttime="20200503 16:33:09.419" endtime="20200503 16:33:09.419"></status>
</kw>
<kw name="String 2 Float" library="CustomCode">
<arguments>
<arg>${trip}</arg>
</arguments>
<assign>
<var>${dist}</var>
</assign>
<msg timestamp="20200503 16:33:09.420" level="INFO">${dist} = 370.0</msg>
<status status="PASS" starttime="20200503 16:33:09.419" endtime="20200503 16:33:09.420"></status>
</kw>
<kw name="Write Excel Cell" library="ExcelLibrary">
<doc>Writes value to the cell.</doc>
<arguments>
<arg>${row_id}</arg>
<arg>10</arg>
<arg>${dist}</arg>
<arg>Data</arg>
</arguments>
<status status="PASS" starttime="20200503 16:33:09.420" endtime="20200503 16:33:09.420"></status>
</kw>
<status status="PASS" starttime="20200503 16:33:06.162" endtime="20200503 16:33:09.420"></status>
</kw>
<kw name="${i} = 1" type="foritem">
<kw name="Evaluate" library="BuiltIn">
<doc>Evaluates the given expression in Python and returns the results.</doc>
<arguments>
<arg>${i} + 1</arg>
</arguments>
<assign>
<var>${current_id}</var>
</assign>
<msg timestamp="20200503 16:33:09.420" level="INFO">${current_id} = 2</msg>
<status status="PASS" starttime="20200503 16:33:09.420" endtime="20200503 16:33:09.420"></status>
</kw>
<kw name="Log To Console" library="BuiltIn">
<doc>Logs the given message to the console.</doc>
<arguments>
<arg>Distance: ${current_id}/${ROWS}</arg>
</arguments>
<status status="PASS" starttime="20200503 16:33:09.420" endtime="20200503 16:33:09.420"></status>
</kw>
<kw name="Press Keys" library="SeleniumLibrary">
<doc>Simulates the user pressing key(s) to an element or on the active browser.</doc>
<arguments>
<arg>sb_ifc50</arg>
<arg>@{TRAVEL_LIST_START}[${i}]</arg>
</arguments>
<msg timestamp="20200503 16:33:09.421" level="INFO">Sending key(s) ('Saarijärventie, 50, 40270 PALOKKA',) to sb_ifc50 element.</msg>
<msg timestamp="20200503 16:33:09.721" level="INFO">Sending keys Saarijärventie, 50, 40270 PALOKKA</msg>
<status status="PASS" starttime="20200503 16:33:09.420" endtime="20200503 16:33:09.838"></status>
</kw>
<kw name="Press Keys" library="SeleniumLibrary">
<doc>Simulates the user pressing key(s) to an element or on the active browser.</doc>
<arguments>
<arg>sb_ifc51</arg>
<arg>@{TRAVEL_LIST_END}[${i}]</arg>
</arguments>
<msg timestamp="20200503 16:33:09.838" level="INFO">Sending key(s) ('Sodankyläntie, 9, 98500 PELKOSENNIEMI',) to sb_ifc51 element.</msg>
<msg timestamp="20200503 16:33:10.113" level="INFO">Sending keys Sodankyläntie, 9, 98500 PELKOSENNIEMI</msg>
<status status="PASS" starttime="20200503 16:33:09.838" endtime="20200503 16:33:10.197"></status>
</kw>
<kw name="Press Keys" library="SeleniumLibrary">
<doc>Simulates the user pressing key(s) to an element or on the active browser.</doc>
<arguments>
<arg>sb_ifc51</arg>
<arg>RETURN</arg>
</arguments>
<msg timestamp="20200503 16:33:10.198" level="INFO">Sending key(s) ('RETURN',) to sb_ifc51 element.</msg>
<msg timestamp="20200503 16:33:10.475" level="INFO">Pressing special key RETURN to element.</msg>
<msg timestamp="20200503 16:33:10.475" level="INFO">Releasing special key RETURN.</msg>
<status status="PASS" starttime="20200503 16:33:10.197" endtime="20200503 16:33:10.482"></status>
</kw>
<kw name="Wait Until Element Is Visible" library="SeleniumLibrary">
<doc>Waits until the element ``locator`` is visible.</doc>
<arguments>
<arg>section-directions-trip-0</arg>
</arguments>
<status status="PASS" starttime="20200503 16:33:10.482" endtime="20200503 16:33:11.536"></status>
</kw>
<kw name="Click Element" library="SeleniumLibrary">
<doc>Click the element identified by ``locator``.</doc>
<arguments>
<arg>section-directions-trip-0</arg>
</arguments>
<msg timestamp="20200503 16:33:11.537" level="INFO">Clicking element 'section-directions-trip-0'.</msg>
<status status="PASS" starttime="20200503 16:33:11.536" endtime="20200503 16:33:11.586"></status>
</kw>
<kw name="Wait Until Element Is Visible" library="SeleniumLibrary">
<doc>Waits until the element ``locator`` is visible.</doc>
<arguments>
<arg>class=section-trip-summary-subtitle</arg>
</arguments>
<status status="PASS" starttime="20200503 16:33:11.586" endtime="20200503 16:33:11.819"></status>
</kw>
<kw name="Get Text" library="SeleniumLibrary">
<doc>Returns the text value of the element identified by ``locator``.</doc>
<arguments>
<arg>class=section-trip-summary-subtitle</arg>
</arguments>
<assign>
<var>${trip}</var>
</assign>
<msg timestamp="20200503 16:33:11.834" level="INFO">${trip} = (669 km)</msg>
<status status="PASS" starttime="20200503 16:33:11.820" endtime="20200503 16:33:11.834"></status>
</kw>
<kw name="Log To Console" library="BuiltIn">
<doc>Logs the given message to the console.</doc>
<arguments>
<arg>${trip}</arg>
</arguments>
<status status="PASS" starttime="20200503 16:33:11.834" endtime="20200503 16:33:11.834"></status>
</kw>
<kw name="Click Element" library="SeleniumLibrary">
<doc>Click the element identified by ``locator``.</doc>
<arguments>
<arg>class=section-trip-header-back</arg>
</arguments>
<msg timestamp="20200503 16:33:11.834" level="INFO">Clicking element 'class=section-trip-header-back'.</msg>
<status status="PASS" starttime="20200503 16:33:11.834" endtime="20200503 16:33:11.868"></status>
</kw>
<kw name="Write Excel Cell" library="ExcelLibrary">
<doc>Writes value to the cell.</doc>
<arguments>
<arg>1</arg>
<arg>1</arg>
<arg>Checked Travel Distances</arg>
<arg>Data</arg>
</arguments>
<status status="PASS" starttime="20200503 16:33:11.868" endtime="20200503 16:33:11.868"></status>
</kw>
<kw name="Evaluate" library="BuiltIn">
<doc>Evaluates the given expression in Python and returns the results.</doc>
<arguments>
<arg>${i} + ${START_ROW}</arg>
</arguments>
<assign>
<var>${row_id}</var>
</assign>
<msg timestamp="20200503 16:33:11.868" level="INFO">${row_id} = 8</msg>
<status status="PASS" starttime="20200503 16:33:11.868" endtime="20200503 16:33:11.868"></status>
</kw>
<kw name="String 2 Float" library="CustomCode">
<arguments>
<arg>${trip}</arg>
</arguments>
<assign>
<var>${dist}</var>
</assign>
<msg timestamp="20200503 16:33:11.868" level="INFO">${dist} = 669.0</msg>
<status status="PASS" starttime="20200503 16:33:11.868" endtime="20200503 16:33:11.868"></status>
</kw>
<kw name="Write Excel Cell" library="ExcelLibrary">
<doc>Writes value to the cell.</doc>
<arguments>
<arg>${row_id}</arg>
<arg>10</arg>
<arg>${dist}</arg>
<arg>Data</arg>
</arguments>
<status status="PASS" starttime="20200503 16:33:11.869" endtime="20200503 16:33:11.869"></status>
</kw>
<status status="PASS" starttime="20200503 16:33:09.420" endtime="20200503 16:33:11.869"></status>
</kw>
<kw name="${i} = 2" type="foritem">
<kw name="Evaluate" library="BuiltIn">
<doc>Evaluates the given expression in Python and returns the results.</doc>
<arguments>
<arg>${i} + 1</arg>
</arguments>
<assign>
<var>${current_id}</var>
</assign>
<msg timestamp="20200503 16:33:11.869" level="INFO">${current_id} = 3</msg>
<status status="PASS" starttime="20200503 16:33:11.869" endtime="20200503 16:33:11.869"></status>
</kw>
<kw name="Log To Console" library="BuiltIn">
<doc>Logs the given message to the console.</doc>
<arguments>
<arg>Distance: ${current_id}/${ROWS}</arg>
</arguments>
<status status="PASS" starttime="20200503 16:33:11.869" endtime="20200503 16:33:11.869"></status>
</kw>
<kw name="Press Keys" library="SeleniumLibrary">
<doc>Simulates the user pressing key(s) to an element or on the active browser.</doc>
<arguments>
<arg>sb_ifc50</arg>
<arg>@{TRAVEL_LIST_START}[${i}]</arg>
</arguments>
<msg timestamp="20200503 16:33:11.870" level="INFO">Sending key(s) ('Pitkäpellonkatu, 2, 20904 TURKU',) to sb_ifc50 element.</msg>
<msg timestamp="20200503 16:33:12.164" level="INFO">Sending keys Pitkäpellonkatu, 2, 20904 TURKU</msg>
<status status="PASS" starttime="20200503 16:33:11.869" endtime="20200503 16:33:12.249"></status>
</kw>
<kw name="Press Keys" library="SeleniumLibrary">
<doc>Simulates the user pressing key(s) to an element or on the active browser.</doc>
<arguments>
<arg>sb_ifc51</arg>
<arg>@{TRAVEL_LIST_END}[${i}]</arg>
</arguments>
<msg timestamp="20200503 16:33:12.250" level="INFO">Sending key(s) ('Sipulikatu, 2, 70824 KUOPIO',) to sb_ifc51 element.</msg>
<msg timestamp="20200503 16:33:12.534" level="INFO">Sending keys Sipulikatu, 2, 70824 KUOPIO</msg>
<status status="PASS" starttime="20200503 16:33:12.249" endtime="20200503 16:33:12.643"></status>
</kw>
<kw name="Press Keys" library="SeleniumLibrary">
<doc>Simulates the user pressing key(s) to an element or on the active browser.</doc>
<arguments>
<arg>sb_ifc51</arg>
<arg>RETURN</arg>
</arguments>
<msg timestamp="20200503 16:33:12.643" level="INFO">Sending key(s) ('RETURN',) to sb_ifc51 element.</msg>
<msg timestamp="20200503 16:33:12.910" level="INFO">Pressing special key RETURN to element.</msg>
<msg timestamp="20200503 16:33:12.910" level="INFO">Releasing special key RETURN.</msg>
<status status="PASS" starttime="20200503 16:33:12.643" endtime="20200503 16:33:12.917"></status>
</kw>
<kw name="Wait Until Element Is Visible" library="SeleniumLibrary">
<doc>Waits until the element ``locator`` is visible.</doc>
<arguments>
<arg>section-directions-trip-0</arg>
</arguments>
<status status="PASS" starttime="20200503 16:33:12.917" endtime="20200503 16:33:13.758"></status>
</kw>
<kw name="Click Element" library="SeleniumLibrary">
<doc>Click the element identified by ``locator``.</doc>
<arguments>
<arg>section-directions-trip-0</arg>
</arguments>
<msg timestamp="20200503 16:33:13.759" level="INFO">Clicking element 'section-directions-trip-0'.</msg>
<status status="PASS" starttime="20200503 16:33:13.759" endtime="20200503 16:33:13.785"></status>
</kw>
<kw name="Wait Until Element Is Visible" library="SeleniumLibrary">
<doc>Waits until the element ``locator`` is visible.</doc>
<arguments>
<arg>class=section-trip-summary-subtitle</arg>
</arguments>
<status status="PASS" starttime="20200503 16:33:13.786" endtime="20200503 16:33:14.011"></status>
</kw>
<kw name="Get Text" library="SeleniumLibrary">
<doc>Returns the text value of the element identified by ``locator``.</doc>
<arguments>
<arg>class=section-trip-summary-subtitle</arg>
</arguments>
<assign>
<var>${trip}</var>
</assign>
<msg timestamp="20200503 16:33:14.021" level="INFO">${trip} = (455 km)</msg>
<status status="PASS" starttime="20200503 16:33:14.011" endtime="20200503 16:33:14.021"></status>
</kw>
<kw name="Log To Console" library="BuiltIn">
<doc>Logs the given message to the console.</doc>
<arguments>
<arg>${trip}</arg>
</arguments>
<status status="PASS" starttime="20200503 16:33:14.022" endtime="20200503 16:33:14.022"></status>
</kw>
<kw name="Click Element" library="SeleniumLibrary">
<doc>Click the element identified by ``locator``.</doc>
<arguments>
<arg>class=section-trip-header-back</arg>
</arguments>
<msg timestamp="20200503 16:33:14.022" level="INFO">Clicking element 'class=section-trip-header-back'.</msg>
<status status="PASS" starttime="20200503 16:33:14.022" endtime="20200503 16:33:14.070"></status>
</kw>
<kw name="Write Excel Cell" library="ExcelLibrary">
<doc>Writes value to the cell.</doc>
<arguments>
<arg>1</arg>
<arg>1</arg>
<arg>Checked Travel Distances</arg>
<arg>Data</arg>
</arguments>
<status status="PASS" starttime="20200503 16:33:14.070" endtime="20200503 16:33:14.070"></status>
</kw>
<kw name="Evaluate" library="BuiltIn">
<doc>Evaluates the given expression in Python and returns the results.</doc>
<arguments>
<arg>${i} + ${START_ROW}</arg>
</arguments>
<assign>
<var>${row_id}</var>
</assign>
<msg timestamp="20200503 16:33:14.071" level="INFO">${row_id} = 9</msg>
<status status="PASS" starttime="20200503 16:33:14.070" endtime="20200503 16:33:14.071"></status>
</kw>
<kw name="String 2 Float" library="CustomCode">
<arguments>
<arg>${trip}</arg>
</arguments>
<assign>
<var>${dist}</var>
</assign>
<msg timestamp="20200503 16:33:14.071" level="INFO">${dist} = 455.0</msg>
<status status="PASS" starttime="20200503 16:33:14.071" endtime="20200503 16:33:14.071"></status>
</kw>
<kw name="Write Excel Cell" library="ExcelLibrary">
<doc>Writes value to the cell.</doc>
<arguments>
<arg>${row_id}</arg>
<arg>10</arg>
<arg>${dist}</arg>
<arg>Data</arg>
</arguments>
<status status="PASS" starttime="20200503 16:33:14.071" endtime="20200503 16:33:14.071"></status>
</kw>
<status status="PASS" starttime="20200503 16:33:11.869" endtime="20200503 16:33:14.071"></status>
</kw>
<kw name="${i} = 3" type="foritem">
<kw name="Evaluate" library="BuiltIn">
<doc>Evaluates the given expression in Python and returns the results.</doc>
<arguments>
<arg>${i} + 1</arg>
</arguments>
<assign>
<var>${current_id}</var>
</assign>
<msg timestamp="20200503 16:33:14.071" level="INFO">${current_id} = 4</msg>
<status status="PASS" starttime="20200503 16:33:14.071" endtime="20200503 16:33:14.071"></status>
</kw>
<kw name="Log To Console" library="BuiltIn">
<doc>Logs the given message to the console.</doc>
<arguments>
<arg>Distance: ${current_id}/${ROWS}</arg>
</arguments>
<status status="PASS" starttime="20200503 16:33:14.071" endtime="20200503 16:33:14.072"></status>
</kw>
<kw name="Press Keys" library="SeleniumLibrary">
<doc>Simulates the user pressing key(s) to an element or on the active browser.</doc>
<arguments>
<arg>sb_ifc50</arg>
<arg>@{TRAVEL_LIST_START}[${i}]</arg>
</arguments>
<msg timestamp="20200503 16:33:14.072" level="INFO">Sending key(s) ('Tyynylaavantie, 5, 980 HELSINKI',) to sb_ifc50 element.</msg>
<msg timestamp="20200503 16:33:14.383" level="INFO">Sending keys Tyynylaavantie, 5, 980 HELSINKI</msg>
<status status="PASS" starttime="20200503 16:33:14.072" endtime="20200503 16:33:14.462"></status>
</kw>
<kw name="Press Keys" library="SeleniumLibrary">
<doc>Simulates the user pressing key(s) to an element or on the active browser.</doc>
<arguments>
<arg>sb_ifc51</arg>
<arg>@{TRAVEL_LIST_END}[${i}]</arg>
</arguments>
<msg timestamp="20200503 16:33:14.463" level="INFO">Sending key(s) ('Kaskelantie, 5, 1204 VANTAA',) to sb_ifc51 element.</msg>
<msg timestamp="20200503 16:33:14.731" level="INFO">Sending keys Kaskelantie, 5, 1204 VANTAA</msg>
<status status="PASS" starttime="20200503 16:33:14.462" endtime="20200503 16:33:14.796"></status>
</kw>
<kw name="Press Keys" library="SeleniumLibrary">
<doc>Simulates the user pressing key(s) to an element or on the active browser.</doc>
<arguments>
<arg>sb_ifc51</arg>
<arg>RETURN</arg>
</arguments>
<msg timestamp="20200503 16:33:14.797" level="INFO">Sending key(s) ('RETURN',) to sb_ifc51 element.</msg>
<msg timestamp="20200503 16:33:15.062" level="INFO">Pressing special key RETURN to element.</msg>
<msg timestamp="20200503 16:33:15.062" level="INFO">Releasing special key RETURN.</msg>
<status status="PASS" starttime="20200503 16:33:14.796" endtime="20200503 16:33:15.068"></status>
</kw>
<kw name="Wait Until Element Is Visible" library="SeleniumLibrary">
<doc>Waits until the element ``locator`` is visible.</doc>
<arguments>
<arg>section-directions-trip-0</arg>
</arguments>
<status status="PASS" starttime="20200503 16:33:15.068" endtime="20200503 16:33:15.703"></status>
</kw>
<kw name="Click Element" library="SeleniumLibrary">
<doc>Click the element identified by ``locator``.</doc>
<arguments>
<arg>section-directions-trip-0</arg>
</arguments>
<msg timestamp="20200503 16:33:15.703" level="INFO">Clicking element 'section-directions-trip-0'.</msg>
<status status="PASS" starttime="20200503 16:33:15.703" endtime="20200503 16:33:15.757"></status>
</kw>
<kw name="Wait Until Element Is Visible" library="SeleniumLibrary">
<doc>Waits until the element ``locator`` is visible.</doc>
<arguments>
<arg>class=section-trip-summary-subtitle</arg>
</arguments>
<status status="PASS" starttime="20200503 16:33:15.757" endtime="20200503 16:33:15.983"></status>
</kw>
<kw name="Get Text" library="SeleniumLibrary">
<doc>Returns the text value of the element identified by ``locator``.</doc>
<arguments>
<arg>class=section-trip-summary-subtitle</arg>
</arguments>
<assign>
<var>${trip}</var>
</assign>
<msg timestamp="20200503 16:33:15.997" level="INFO">${trip} = (12,0 km)</msg>
<status status="PASS" starttime="20200503 16:33:15.983" endtime="20200503 16:33:15.997"></status>
</kw>
<kw name="Log To Console" library="BuiltIn">
<doc>Logs the given message to the console.</doc>
<arguments>
<arg>${trip}</arg>
</arguments>
<status status="PASS" starttime="20200503 16:33:15.997" endtime="20200503 16:33:15.997"></status>
</kw>
<kw name="Click Element" library="SeleniumLibrary">
<doc>Click the element identified by ``locator``.</doc>
<arguments>
<arg>class=section-trip-header-back</arg>
</arguments>
<msg timestamp="20200503 16:33:15.997" level="INFO">Clicking element 'class=section-trip-header-back'.</msg>
<status status="PASS" starttime="20200503 16:33:15.997" endtime="20200503 16:33:16.052"></status>
</kw>
<kw name="Write Excel Cell" library="ExcelLibrary">
<doc>Writes value to the cell.</doc>
<arguments>
<arg>1</arg>
<arg>1</arg>
<arg>Checked Travel Distances</arg>
<arg>Data</arg>
</arguments>
<status status="PASS" starttime="20200503 16:33:16.053" endtime="20200503 16:33:16.053"></status>
</kw>
<kw name="Evaluate" library="BuiltIn">
<doc>Evaluates the given expression in Python and returns the results.</doc>
<arguments>
<arg>${i} + ${START_ROW}</arg>
</arguments>
<assign>
<var>${row_id}</var>
</assign>
<msg timestamp="20200503 16:33:16.053" level="INFO">${row_id} = 10</msg>
<status status="PASS" starttime="20200503 16:33:16.053" endtime="20200503 16:33:16.053"></status>
</kw>
<kw name="String 2 Float" library="CustomCode">
<arguments>
<arg>${trip}</arg>
</arguments>
<assign>
<var>${dist}</var>
</assign>
<msg timestamp="20200503 16:33:16.053" level="INFO">${dist} = 12.0</msg>
<status status="PASS" starttime="20200503 16:33:16.053" endtime="20200503 16:33:16.053"></status>
</kw>
<kw name="Write Excel Cell" library="ExcelLibrary">
<doc>Writes value to the cell.</doc>
<arguments>
<arg>${row_id}</arg>
<arg>10</arg>
<arg>${dist}</arg>
<arg>Data</arg>
</arguments>
<status status="PASS" starttime="20200503 16:33:16.053" endtime="20200503 16:33:16.054"></status>
</kw>
<status status="PASS" starttime="20200503 16:33:14.071" endtime="20200503 16:33:16.054"></status>
</kw>
<kw name="${i} = 4" type="foritem">
<kw name="Evaluate" library="BuiltIn">
<doc>Evaluates the given expression in Python and returns the results.</doc>
<arguments>
<arg>${i} + 1</arg>
</arguments>
<assign>
<var>${current_id}</var>
</assign>
<msg timestamp="20200503 16:33:16.054" level="INFO">${current_id} = 5</msg>
<status status="PASS" starttime="20200503 16:33:16.054" endtime="20200503 16:33:16.054"></status>
</kw>
<kw name="Log To Console" library="BuiltIn">
<doc>Logs the given message to the console.</doc>
<arguments>
<arg>Distance: ${current_id}/${ROWS}</arg>
</arguments>
<status status="PASS" starttime="20200503 16:33:16.054" endtime="20200503 16:33:16.054"></status>
</kw>
<kw name="Press Keys" library="SeleniumLibrary">
<doc>Simulates the user pressing key(s) to an element or on the active browser.</doc>
<arguments>
<arg>sb_ifc50</arg>
<arg>@{TRAVEL_LIST_START}[${i}]</arg>
</arguments>
<msg timestamp="20200503 16:33:16.055" level="INFO">Sending key(s) ('Ilmarinkatu, 49, 33504 TAMPERE',) to sb_ifc50 element.</msg>
<msg timestamp="20200503 16:33:16.351" level="INFO">Sending keys Ilmarinkatu, 49, 33504 TAMPERE</msg>
<status status="PASS" starttime="20200503 16:33:16.054" endtime="20200503 16:33:16.424"></status>
</kw>
<kw name="Press Keys" library="SeleniumLibrary">
<doc>Simulates the user pressing key(s) to an element or on the active browser.</doc>
<arguments>
<arg>sb_ifc51</arg>
<arg>@{TRAVEL_LIST_END}[${i}]</arg>
</arguments>
<msg timestamp="20200503 16:33:16.425" level="INFO">Sending key(s) ('Tuulosentie, 1, 14814 TUULOS',) to sb_ifc51 element.</msg>
<msg timestamp="20200503 16:33:16.731" level="INFO">Sending keys Tuulosentie, 1, 14814 TUULOS</msg>
<status status="PASS" starttime="20200503 16:33:16.424" endtime="20200503 16:33:16.887"></status>
</kw>
<kw name="Press Keys" library="SeleniumLibrary">
<doc>Simulates the user pressing key(s) to an element or on the active browser.</doc>
<arguments>
<arg>sb_ifc51</arg>
<arg>RETURN</arg>
</arguments>
<msg timestamp="20200503 16:33:16.887" level="INFO">Sending key(s) ('RETURN',) to sb_ifc51 element.</msg>
<msg timestamp="20200503 16:33:17.212" level="INFO">Pressing special key RETURN to element.</msg>
<msg timestamp="20200503 16:33:17.212" level="INFO">Releasing special key RETURN.</msg>
<status status="PASS" starttime="20200503 16:33:16.887" endtime="20200503 16:33:17.279"></status>
</kw>
<kw name="Wait Until Element Is Visible" library="SeleniumLibrary">
<doc>Waits until the element ``locator`` is visible.</doc>
<arguments>
<arg>section-directions-trip-0</arg>
</arguments>
<status status="PASS" starttime="20200503 16:33:17.279" endtime="20200503 16:33:18.062"></status>
</kw>
<kw name="Click Element" library="SeleniumLibrary">
<doc>Click the element identified by ``locator``.</doc>
<arguments>
<arg>section-directions-trip-0</arg>
</arguments>
<msg timestamp="20200503 16:33:18.062" level="INFO">Clicking element 'section-directions-trip-0'.</msg>
<status status="PASS" starttime="20200503 16:33:18.062" endtime="20200503 16:33:18.278"></status>
</kw>
<kw name="Wait Until Element Is Visible" library="SeleniumLibrary">
<doc>Waits until the element ``locator`` is visible.</doc>
<arguments>
<arg>class=section-trip-summary-subtitle</arg>
</arguments>
<status status="PASS" starttime="20200503 16:33:18.278" endtime="20200503 16:33:18.789"></status>
</kw>
<kw name="Get Text" library="SeleniumLibrary">
<doc>Returns the text value of the element identified by ``locator``.</doc>
<arguments>
<arg>class=section-trip-summary-subtitle</arg>
</arguments>
<assign>
<var>${trip}</var>
</assign>
<msg timestamp="20200503 16:33:18.804" level="INFO">${trip} = (79,4 km)</msg>
<status status="PASS" starttime="20200503 16:33:18.789" endtime="20200503 16:33:18.804"></status>
</kw>
<kw name="Log To Console" library="BuiltIn">
<doc>Logs the given message to the console.</doc>
<arguments>
<arg>${trip}</arg>
</arguments>
<status status="PASS" starttime="20200503 16:33:18.804" endtime="20200503 16:33:18.804"></status>
</kw>
<kw name="Click Element" library="SeleniumLibrary">
[...]
</kw>
<kw name="String 2 Float" library="CustomCode">
<arguments>
<arg>${trip}</arg>
</arguments>
<assign>
<var>${dist}</var>
</assign>
<msg timestamp="20200503 16:33:23.355" level="INFO">${dist} = 516.0</msg>
<status status="PASS" starttime="20200503 16:33:23.355" endtime="20200503 16:33:23.355"></status>
</kw>
<kw name="Write Excel Cell" library="ExcelLibrary">
<doc>Writes value to the cell.</doc>
<arguments>
<arg>${row_id}</arg>
<arg>10</arg>
<arg>${dist}</arg>
<arg>Data</arg>
</arguments>
<status status="PASS" starttime="20200503 16:33:23.355" endtime="20200503 16:33:23.355"></status>
</kw>
<status status="PASS" starttime="20200503 16:33:21.088" endtime="20200503 16:33:23.355"></status>
</kw>
<kw name="${i} = 7" type="foritem">
<kw name="Evaluate" library="BuiltIn">
<doc>Evaluates the given expression in Python and returns the results.</doc>
<arguments>
<arg>${i} + 1</arg>
</arguments>
<assign>
<var>${current_id}</var>
</assign>
<msg timestamp="20200503 16:33:23.356" level="INFO">${current_id} = 8</msg>
<status status="PASS" starttime="20200503 16:33:23.355" endtime="20200503 16:33:23.356"></status>
</kw>
<kw name="Log To Console" library="BuiltIn">
<doc>Logs the given message to the console.</doc>
<arguments>
<arg>Distance: ${current_id}/${ROWS}</arg>
</arguments>
<status status="PASS" starttime="20200503 16:33:23.356" endtime="20200503 16:33:23.356"></status>
</kw>
<kw name="Press Keys" library="SeleniumLibrary">
<doc>Simulates the user pressing key(s) to an element or on the active browser.</doc>
<arguments>
<arg>sb_ifc50</arg>
<arg>@{TRAVEL_LIST_START}[${i}]</arg>
</arguments>
<msg timestamp="20200503 16:33:23.356" level="INFO">Sending key(s) ('Magneettikatu, 2, 2335 ESPOO',) to sb_ifc50 element.</msg>
<msg timestamp="20200503 16:33:23.653" level="INFO">Sending keys Magneettikatu, 2, 2335 ESPOO</msg>
<status status="PASS" starttime="20200503 16:33:23.356" endtime="20200503 16:33:23.724"></status>
</kw>
<kw name="Press Keys" library="SeleniumLibrary">
<doc>Simulates the user pressing key(s) to an element or on the active browser.</doc>
<arguments>
<arg>sb_ifc51</arg>
<arg>@{TRAVEL_LIST_END}[${i}]</arg>
</arguments>
<msg timestamp="20200503 16:33:23.724" level="INFO">Sending key(s) ('Esplanaadi, 69, 10904 HANKO',) to sb_ifc51 element.</msg>
<msg timestamp="20200503 16:33:24.020" level="INFO">Sending keys Esplanaadi, 69, 10904 HANKO</msg>
<status status="PASS" starttime="20200503 16:33:23.724" endtime="20200503 16:33:24.138"></status>
</kw>
<kw name="Press Keys" library="SeleniumLibrary">
<doc>Simulates the user pressing key(s) to an element or on the active browser.</doc>
<arguments>
<arg>sb_ifc51</arg>
<arg>RETURN</arg>
</arguments>
<msg timestamp="20200503 16:33:24.138" level="INFO">Sending key(s) ('RETURN',) to sb_ifc51 element.</msg>
<msg timestamp="20200503 16:33:24.422" level="INFO">Pressing special key RETURN to element.</msg>
<msg timestamp="20200503 16:33:24.422" level="INFO">Releasing special key RETURN.</msg>
<status status="PASS" starttime="20200503 16:33:24.138" endtime="20200503 16:33:24.429"></status>
</kw>
<kw name="Wait Until Element Is Visible" library="SeleniumLibrary">
<doc>Waits until the element ``locator`` is visible.</doc>
<arguments>
<arg>section-directions-trip-0</arg>
</arguments>
<status status="PASS" starttime="20200503 16:33:24.429" endtime="20200503 16:33:25.270"></status>
</kw>
<kw name="Click Element" library="SeleniumLibrary">
<doc>Click the element identified by ``locator``.</doc>
<arguments>
<arg>section-directions-trip-0</arg>
</arguments>
<msg timestamp="20200503 16:33:25.270" level="INFO">Clicking element 'section-directions-trip-0'.</msg>
<status status="PASS" starttime="20200503 16:33:25.270" endtime="20200503 16:33:25.305"></status>
</kw>
<kw name="Wait Until Element Is Visible" library="SeleniumLibrary">
<doc>Waits until the element ``locator`` is visible.</doc>
<arguments>
<arg>class=section-trip-summary-subtitle</arg>
</arguments>
<status status="PASS" starttime="20200503 16:33:25.305" endtime="20200503 16:33:25.522"></status>
</kw>
<kw name="Get Text" library="SeleniumLibrary">
<doc>Returns the text value of the element identified by ``locator``.</doc>
<arguments>
<arg>class=section-trip-summary-subtitle</arg>
</arguments>
<assign>
<var>${trip}</var>
</assign>
<msg timestamp="20200503 16:33:25.536" level="INFO">${trip} = (109 km)</msg>
<status status="PASS" starttime="20200503 16:33:25.523" endtime="20200503 16:33:25.536"></status>
</kw>
<kw name="Log To Console" library="BuiltIn">
<doc>Logs the given message to the console.</doc>
<arguments>
<arg>${trip}</arg>
</arguments>
<status status="PASS" starttime="20200503 16:33:25.536" endtime="20200503 16:33:25.536"></status>
</kw>
<kw name="Click Element" library="SeleniumLibrary">
<doc>Click the element identified by ``locator``.</doc>
<arguments>
<arg>class=section-trip-header-back</arg>
</arguments>
<msg timestamp="20200503 16:33:25.536" level="INFO">Clicking element 'class=section-trip-header-back'.</msg>
<status status="PASS" starttime="20200503 16:33:25.536" endtime="20200503 16:33:25.572"></status>
</kw>
<kw name="Write Excel Cell" library="ExcelLibrary">
<doc>Writes value to the cell.</doc>
<arguments>
<arg>1</arg>
<arg>1</arg>
<arg>Checked Travel Distances</arg>
<arg>Data</arg>
</arguments>
<status status="PASS" starttime="20200503 16:33:25.572" endtime="20200503 16:33:25.572"></status>
</kw>
<kw name="Evaluate" library="BuiltIn">
<doc>Evaluates the given expression in Python and returns the results.</doc>
<arguments>
<arg>${i} + ${START_ROW}</arg>
</arguments>
<assign>
<var>${row_id}</var>
</assign>
<msg timestamp="20200503 16:33:25.572" level="INFO">${row_id} = 14</msg>
<status status="PASS" starttime="20200503 16:33:25.572" endtime="20200503 16:33:25.572"></status>
</kw>
<kw name="String 2 Float" library="CustomCode">
<arguments>
<arg>${trip}</arg>
</arguments>
<assign>
<var>${dist}</var>
</assign>
<msg timestamp="20200503 16:33:25.573" level="INFO">${dist} = 109.0</msg>
<status status="PASS" starttime="20200503 16:33:25.573" endtime="20200503 16:33:25.573"></status>
</kw>
<kw name="Write Excel Cell" library="ExcelLibrary">
<doc>Writes value to the cell.</doc>
<arguments>
<arg>${row_id}</arg>
<arg>10</arg>
<arg>${dist}</arg>
<arg>Data</arg>
</arguments>
<status status="PASS" starttime="20200503 16:33:25.573" endtime="20200503 16:33:25.573"></status>
</kw>
<status status="PASS" starttime="20200503 16:33:23.355" endtime="20200503 16:33:25.573"></status>
</kw>
<kw name="${i} = 8" type="foritem">
<kw name="Evaluate" library="BuiltIn">
<doc>Evaluates the given expression in Python and returns the results.</doc>
<arguments>
<arg>${i} + 1</arg>
</arguments>
<assign>
<var>${current_id}</var>
</assign>
<msg timestamp="20200503 16:33:25.573" level="INFO">${current_id} = 9</msg>
<status status="PASS" starttime="20200503 16:33:25.573" endtime="20200503 16:33:25.573"></status>
</kw>
<kw name="Log To Console" library="BuiltIn">
<doc>Logs the given message to the console.</doc>
<arguments>
<arg>Distance: ${current_id}/${ROWS}</arg>
</arguments>
<status status="PASS" starttime="20200503 16:33:25.573" endtime="20200503 16:33:25.573"></status>
</kw>
<kw name="Press Keys" library="SeleniumLibrary">
<doc>Simulates the user pressing key(s) to an element or on the active browser.</doc>
<arguments>
<arg>sb_ifc50</arg>
<arg>@{TRAVEL_LIST_START}[${i}]</arg>
</arguments>
<msg timestamp="20200503 16:33:25.574" level="INFO">Sending key(s) ('Yhteiskouluntie, 17, 4404 JÄRVENPÄÄ',) to sb_ifc50 element.</msg>
<msg timestamp="20200503 16:33:25.853" level="INFO">Sending keys Yhteiskouluntie, 17, 4404 JÄRVENPÄÄ</msg>
<status status="PASS" starttime="20200503 16:33:25.574" endtime="20200503 16:33:25.941"></status>
</kw>
<kw name="Press Keys" library="SeleniumLibrary">
<doc>Simulates the user pressing key(s) to an element or on the active browser.</doc>
<arguments>
<arg>sb_ifc51</arg>
<arg>@{TRAVEL_LIST_END}[${i}]</arg>
</arguments>
<msg timestamp="20200503 16:33:25.942" level="INFO">Sending key(s) ('Sallantie, 2640, 98714 KEMIJÄRVI',) to sb_ifc51 element.</msg>
<msg timestamp="20200503 16:33:26.225" level="INFO">Sending keys Sallantie, 2640, 98714 KEMIJÄRVI</msg>
<status status="PASS" starttime="20200503 16:33:25.941" endtime="20200503 16:33:26.324"></status>
</kw>
<kw name="Press Keys" library="SeleniumLibrary">
<doc>Simulates the user pressing key(s) to an element or on the active browser.</doc>
<arguments>
<arg>sb_ifc51</arg>
<arg>RETURN</arg>
</arguments>
<msg timestamp="20200503 16:33:26.324" level="INFO">Sending key(s) ('RETURN',) to sb_ifc51 element.</msg>
<msg timestamp="20200503 16:33:26.604" level="INFO">Pressing special key RETURN to element.</msg>
<msg timestamp="20200503 16:33:26.604" level="INFO">Releasing special key RETURN.</msg>
<status status="PASS" starttime="20200503 16:33:26.324" endtime="20200503 16:33:26.611"></status>
</kw>
<kw name="Wait Until Element Is Visible" library="SeleniumLibrary">
<doc>Waits until the element ``locator`` is visible.</doc>
<arguments>
<arg>section-directions-trip-0</arg>
</arguments>
<status status="PASS" starttime="20200503 16:33:26.611" endtime="20200503 16:33:27.729"></status>
</kw>
<kw name="Click Element" library="SeleniumLibrary">
<doc>Click the element identified by ``locator``.</doc>
<arguments>
<arg>section-directions-trip-0</arg>
</arguments>
<msg timestamp="20200503 16:33:27.730" level="INFO">Clicking element 'section-directions-trip-0'.</msg>
<status status="PASS" starttime="20200503 16:33:27.729" endtime="20200503 16:33:27.772"></status>
</kw>
<kw name="Wait Until Element Is Visible" library="SeleniumLibrary">
<doc>Waits until the element ``locator`` is visible.</doc>
<arguments>
<arg>class=section-trip-summary-subtitle</arg>
</arguments>
<status status="PASS" starttime="20200503 16:33:27.772" endtime="20200503 16:33:27.987"></status>
</kw>
<kw name="Get Text" library="SeleniumLibrary">
<doc>Returns the text value of the element identified by ``locator``.</doc>
<arguments>
<arg>class=section-trip-summary-subtitle</arg>
</arguments>
<assign>
<var>${trip}</var>
</assign>
<msg timestamp="20200503 16:33:28.000" level="INFO">${trip} = (874 km)</msg>
<status status="PASS" starttime="20200503 16:33:27.987" endtime="20200503 16:33:28.001"></status>
</kw>
<kw name="Log To Console" library="BuiltIn">
<doc>Logs the given message to the console.</doc>
<arguments>
<arg>${trip}</arg>
</arguments>
<status status="PASS" starttime="20200503 16:33:28.001" endtime="20200503 16:33:28.001"></status>
</kw>
<kw name="Click Element" library="SeleniumLibrary">
<doc>Click the element identified by ``locator``.</doc>
<arguments>
<arg>class=section-trip-header-back</arg>
</arguments>
<msg timestamp="20200503 16:33:28.001" level="INFO">Clicking element 'class=section-trip-header-back'.</msg>
<status status="PASS" starttime="20200503 16:33:28.001" endtime="20200503 16:33:28.039"></status>
</kw>
<kw name="Write Excel Cell" library="ExcelLibrary">
<doc>Writes value to the cell.</doc>
<arguments>
<arg>1</arg>
<arg>1</arg>
<arg>Checked Travel Distances</arg>
<arg>Data</arg>
</arguments>
<status status="PASS" starttime="20200503 16:33:28.039" endtime="20200503 16:33:28.040"></status>
</kw>
<kw name="Evaluate" library="BuiltIn">
<doc>Evaluates the given expression in Python and returns the results.</doc>
<arguments>
<arg>${i} + ${START_ROW}</arg>
</arguments>
<assign>
<var>${row_id}</var>
</assign>
<msg timestamp="20200503 16:33:28.040" level="INFO">${row_id} = 15</msg>
<status status="PASS" starttime="20200503 16:33:28.040" endtime="20200503 16:33:28.040"></status>
</kw>
<kw name="String 2 Float" library="CustomCode">
<arguments>
<arg>${trip}</arg>
</arguments>
<assign>
<var>${dist}</var>
</assign>
<msg timestamp="20200503 16:33:28.040" level="INFO">${dist} = 874.0</msg>
<status status="PASS" starttime="20200503 16:33:28.040" endtime="20200503 16:33:28.040"></status>
</kw>
<kw name="Write Excel Cell" library="ExcelLibrary">
<doc>Writes value to the cell.</doc>
<arguments>
<arg>${row_id}</arg>
<arg>10</arg>
<arg>${dist}</arg>
<arg>Data</arg>
</arguments>
<status status="PASS" starttime="20200503 16:33:28.040" endtime="20200503 16:33:28.040"></status>
</kw>
<status status="PASS" starttime="20200503 16:33:25.573" endtime="20200503 16:33:28.040"></status>
</kw>
<kw name="${i} = 9" type="foritem">
<kw name="Evaluate" library="BuiltIn">
<doc>Evaluates the given expression in Python and returns the results.</doc>
<arguments>
<arg>${i} + 1</arg>
</arguments>
<assign>
<var>${current_id}</var>
</assign>
<msg timestamp="20200503 16:33:28.041" level="INFO">${current_id} = 10</msg>
<status status="PASS" starttime="20200503 16:33:28.040" endtime="20200503 16:33:28.041"></status>
</kw>
<kw name="Log To Console" library="BuiltIn">
<doc>Logs the given message to the console.</doc>
<arguments>
<arg>Distance: ${current_id}/${ROWS}</arg>
</arguments>
<status status="PASS" starttime="20200503 16:33:28.041" endtime="20200503 16:33:28.041"></status>
</kw>
<kw name="Press Keys" library="SeleniumLibrary">
<doc>Simulates the user pressing key(s) to an element or on the active browser.</doc>
<arguments>
<arg>sb_ifc50</arg>
<arg>@{TRAVEL_LIST_START}[${i}]</arg>
</arguments>
<msg timestamp="20200503 16:33:28.041" level="INFO">Sending key(s) ('Ahlströminkatu, 21, 78254 VARKAUS',) to sb_ifc50 element.</msg>
<msg timestamp="20200503 16:33:28.387" level="INFO">Sending keys Ahlströminkatu, 21, 78254 VARKAUS</msg>
<status status="PASS" starttime="20200503 16:33:28.041" endtime="20200503 16:33:28.469"></status>
</kw>
<kw name="Press Keys" library="SeleniumLibrary">
<doc>Simulates the user pressing key(s) to an element or on the active browser.</doc>
<arguments>
<arg>sb_ifc51</arg>
<arg>@{TRAVEL_LIST_END}[${i}]</arg>
</arguments>
<msg timestamp="20200503 16:33:28.470" level="INFO">Sending key(s) ('Kilpivirrantie, 1, 74124 IISALMI',) to sb_ifc51 element.</msg>
<msg timestamp="20200503 16:33:28.734" level="INFO">Sending keys Kilpivirrantie, 1, 74124 IISALMI</msg>
<status status="PASS" starttime="20200503 16:33:28.470" endtime="20200503 16:33:28.806"></status>
</kw>
<kw name="Press Keys" library="SeleniumLibrary">
<doc>Simulates the user pressing key(s) to an element or on the active browser.</doc>
<arguments>
<arg>sb_ifc51</arg>
<arg>RETURN</arg>
</arguments>
<msg timestamp="20200503 16:33:28.806" level="INFO">Sending key(s) ('RETURN',) to sb_ifc51 element.</msg>
<msg timestamp="20200503 16:33:29.083" level="INFO">Pressing special key RETURN to element.</msg>
<msg timestamp="20200503 16:33:29.083" level="INFO">Releasing special key RETURN.</msg>
<status status="PASS" starttime="20200503 16:33:28.806" endtime="20200503 16:33:29.088"></status>
</kw>
<kw name="Wait Until Element Is Visible" library="SeleniumLibrary">
<doc>Waits until the element ``locator`` is visible.</doc>
<arguments>
<arg>section-directions-trip-0</arg>
</arguments>
<status status="PASS" starttime="20200503 16:33:29.088" endtime="20200503 16:33:29.728"></status>
</kw>
<kw name="Click Element" library="SeleniumLibrary">
<doc>Click the element identified by ``locator``.</doc>
<arguments>
<arg>section-directions-trip-0</arg>
</arguments>
<msg timestamp="20200503 16:33:29.728" level="INFO">Clicking element 'section-directions-trip-0'.</msg>
<status status="PASS" starttime="20200503 16:33:29.728" endtime="20200503 16:33:29.773"></status>
</kw>
<kw name="Wait Until Element Is Visible" library="SeleniumLibrary">
<doc>Waits until the element ``locator`` is visible.</doc>
<arguments>
<arg>class=section-trip-summary-subtitle</arg>
</arguments>
<status status="PASS" starttime="20200503 16:33:29.773" endtime="20200503 16:33:29.989"></status>
</kw>
<kw name="Get Text" library="SeleniumLibrary">
<doc>Returns the text value of the element identified by ``locator``.</doc>
<arguments>
<arg>class=section-trip-summary-subtitle</arg>
</arguments>
<assign>
<var>${trip}</var>
</assign>
<msg timestamp="20200503 16:33:30.004" level="INFO">${trip} = (164 km)</msg>
<status status="PASS" starttime="20200503 16:33:29.989" endtime="20200503 16:33:30.005"></status>
</kw>
<kw name="Log To Console" library="BuiltIn">
<doc>Logs the given message to the console.</doc>
<arguments>
<arg>${trip}</arg>
</arguments>
<status status="PASS" starttime="20200503 16:33:30.005" endtime="20200503 16:33:30.005"></status>
</kw>
<kw name="Click Element" library="SeleniumLibrary">
<doc>Click the element identified by ``locator``.</doc>
<arguments>
<arg>class=section-trip-header-back</arg>
</arguments>
<msg timestamp="20200503 16:33:30.005" level="INFO">Clicking element 'class=section-trip-header-back'.</msg>
<status status="PASS" starttime="20200503 16:33:30.005" endtime="20200503 16:33:30.055"></status>
</kw>
<kw name="Write Excel Cell" library="ExcelLibrary">
<doc>Writes value to the cell.</doc>
<arguments>
<arg>1</arg>
<arg>1</arg>
<arg>Checked Travel Distances</arg>
<arg>Data</arg>
</arguments>
<status status="PASS" starttime="20200503 16:33:30.056" endtime="20200503 16:33:30.056"></status>
</kw>
<kw name="Evaluate" library="BuiltIn">
<doc>Evaluates the given expression in Python and returns the results.</doc>
<arguments>
<arg>${i} + ${START_ROW}</arg>
</arguments>
<assign>
<var>${row_id}</var>
</assign>
<msg timestamp="20200503 16:33:30.056" level="INFO">${row_id} = 16</msg>
<status status="PASS" starttime="20200503 16:33:30.056" endtime="20200503 16:33:30.056"></status>
</kw>
<kw name="String 2 Float" library="CustomCode">
<arguments>
<arg>${trip}</arg>
</arguments>
<assign>
<var>${dist}</var>
</assign>
<msg timestamp="20200503 16:33:30.056" level="INFO">${dist} = 164.0</msg>
<status status="PASS" starttime="20200503 16:33:30.056" endtime="20200503 16:33:30.056"></status>
</kw>
<kw name="Write Excel Cell" library="ExcelLibrary">
<doc>Writes value to the cell.</doc>
<arguments>
<arg>${row_id}</arg>
<arg>10</arg>
<arg>${dist}</arg>
<arg>Data</arg>
</arguments>
<status status="PASS" starttime="20200503 16:33:30.056" endtime="20200503 16:33:30.056"></status>
</kw>
<status status="PASS" starttime="20200503 16:33:28.040" endtime="20200503 16:33:30.056"></status>
</kw>
<status status="PASS" starttime="20200503 16:33:06.162" endtime="20200503 16:33:30.056"></status>
</kw>
<status status="PASS" starttime="20200503 16:33:03.162" endtime="20200503 16:33:30.057"></status>
</kw>
<status status="PASS" starttime="20200503 16:33:03.162" endtime="20200503 16:33:30.057" critical="yes"></status>
</test>
<test id="s1-t3" name="Save and close">
<kw name="Save and Close Excel" library="keywords">
<kw name="Save Excel Document" library="ExcelLibrary">
<doc>Saves the current document to disk.</doc>
<arguments>
<arg>filename=${WORK_FOLDER_PATH}${OUTPUT_PATH}</arg>
</arguments>
<status status="PASS" starttime="20200503 16:33:30.057" endtime="20200503 16:33:30.233"></status>
</kw>
<kw name="Close Current Excel Document" library="ExcelLibrary">
<doc>Closes current document.</doc>
<status status="PASS" starttime="20200503 16:33:30.233" endtime="20200503 16:33:30.233"></status>
</kw>
<status status="PASS" starttime="20200503 16:33:30.057" endtime="20200503 16:33:30.233"></status>
</kw>
<status status="PASS" starttime="20200503 16:33:30.057" endtime="20200503 16:33:30.234" critical="yes"></status>
</test>
<kw name="Close Browser" library="SeleniumLibrary" type="teardown">
<doc>Closes the current browser.</doc>
<status status="PASS" starttime="20200503 16:33:30.234" endtime="20200503 16:33:30.362"></status>
</kw>
<doc>Travel Distance Checker v. 0.1.1

Check distances from Google maps with Robot Framework and Selenium
</doc>
<status status="PASS" starttime="20200503 16:33:02.662" endtime="20200503 16:33:30.362"></status>
</suite>
<statistics>
<total>
<stat pass="3" fail="0">Critical Tasks</stat>
<stat pass="3" fail="0">All Tasks</stat>
</total>
<tag>
</tag>
<suite>
<stat pass="3" fail="0" id="s1" name="Main">Main</stat>
</suite>
</statistics>
<errors>
</errors>
</robot>
